<?xml version="1.0" encoding="utf-8"?>
<CoverageSession xmlns:xsd="http://www.w3.org/2001/XMLSchema" xmlns:xsi="http://www.w3.org/2001/XMLSchema-instance" Version="0.0.0.0">
  <Summary numSequencePoints="341" visitedSequencePoints="103" numBranchPoints="0" visitedBranchPoints="0" sequenceCoverage="30.21" branchCoverage="0.0" maxCyclomaticComplexity="0" minCyclomaticComplexity="0" maxCrapScore="0" minCrapScore="0" visitedClasses="8" numClasses="12" visitedMethods="16" numMethods="72" />
  <Modules>
    <Module>
      <Summary numSequencePoints="341" visitedSequencePoints="103" numBranchPoints="0" visitedBranchPoints="0" sequenceCoverage="30.21" branchCoverage="0.0" maxCyclomaticComplexity="0" minCyclomaticComplexity="0" maxCrapScore="0" minCrapScore="0" visitedClasses="8" numClasses="12" visitedMethods="16" numMethods="72" />
      <ModuleTime>0001-01-01T00:00:00</ModuleTime>
      <ModuleName>com.mnicolas.ce-fizz-buzz</ModuleName>
      <Files>
        <File uid="1" fullPath="C:/_cosas/Desarrollo/GameDev/Projects/ce-fizz-buzz/Assets/Scripts/Input/GameInputActions.cs" />
        <File uid="2" fullPath="C:/_cosas/Desarrollo/GameDev/Projects/ce-fizz-buzz/Assets/Scripts/Core/Enemy.cs" />
        <File uid="3" fullPath="C:/_cosas/Desarrollo/GameDev/Projects/ce-fizz-buzz/Assets/Scripts/Core/EnemyClass.cs" />
        <File uid="4" fullPath="C:/_cosas/Desarrollo/GameDev/Projects/ce-fizz-buzz/Assets/Scripts/Core/GameController.cs" />
        <File uid="5" fullPath="C:/_cosas/Desarrollo/GameDev/Projects/ce-fizz-buzz/Assets/Scripts/Core/GameMechanics.cs" />
        <File uid="6" fullPath="C:/_cosas/Desarrollo/GameDev/Projects/ce-fizz-buzz/Assets/Scripts/Core/GameRules.cs" />
      </Files>
      <Classes>
        <Class>
          <Summary numSequencePoints="82" visitedSequencePoints="0" numBranchPoints="0" visitedBranchPoints="0" sequenceCoverage="0.0" branchCoverage="0.0" maxCyclomaticComplexity="0" minCyclomaticComplexity="0" maxCrapScore="0" minCrapScore="0" visitedClasses="0" numClasses="1" visitedMethods="0" numMethods="23" />
          <FullName>Input.GameInputActions</FullName>
          <Methods>
            <Method visited="false" cyclomaticComplexity="0" nPathComplexity="0" sequenceCoverage="0.0" branchCoverage="0" crapScore="0" isConstructor="false" isStatic="false" isGetter="true" isSetter="false">
              <Summary numSequencePoints="1" visitedSequencePoints="0" numBranchPoints="0" visitedBranchPoints="0" sequenceCoverage="0.0" branchCoverage="0" maxCyclomaticComplexity="0" minCyclomaticComplexity="0" maxCrapScore="0" minCrapScore="0" visitedClasses="0" numClasses="0" visitedMethods="0" numMethods="1" />
              <MetadataToken>100663297</MetadataToken>
              <Name>UnityEngine.InputSystem.InputActionAsset Input.GameInputActions::get_asset()</Name>
              <FileRef uid="1" />
              <SequencePoints>
                <SequencePoint vc="0" uspid="1" ordinal="0" offset="0" sl="22" sc="0" el="22" ec="0" bec="0" bev="0" fileid="1" />
              </SequencePoints>
              <BranchPoints />
            </Method>
            <Method visited="false" cyclomaticComplexity="0" nPathComplexity="0" sequenceCoverage="0.0" branchCoverage="0" crapScore="0" isConstructor="false" isStatic="false" isGetter="false" isSetter="false">
              <Summary numSequencePoints="3" visitedSequencePoints="0" numBranchPoints="0" visitedBranchPoints="0" sequenceCoverage="0.0" branchCoverage="0" maxCyclomaticComplexity="0" minCyclomaticComplexity="0" maxCrapScore="0" minCrapScore="0" visitedClasses="0" numClasses="0" visitedMethods="0" numMethods="1" />
              <MetadataToken>100663299</MetadataToken>
              <Name>System.Void Input.GameInputActions::Dispose()</Name>
              <FileRef uid="1" />
              <SequencePoints>
                <SequencePoint vc="0" uspid="2" ordinal="0" offset="0" sl="883" sc="0" el="883" ec="0" bec="0" bev="0" fileid="1" />
                <SequencePoint vc="0" uspid="3" ordinal="0" offset="1" sl="884" sc="0" el="884" ec="0" bec="0" bev="0" fileid="1" />
                <SequencePoint vc="0" uspid="4" ordinal="0" offset="13" sl="885" sc="0" el="885" ec="0" bec="0" bev="0" fileid="1" />
              </SequencePoints>
              <BranchPoints />
            </Method>
            <Method visited="false" cyclomaticComplexity="0" nPathComplexity="0" sequenceCoverage="0.0" branchCoverage="0" crapScore="0" isConstructor="false" isStatic="false" isGetter="true" isSetter="false">
              <Summary numSequencePoints="1" visitedSequencePoints="0" numBranchPoints="0" visitedBranchPoints="0" sequenceCoverage="0.0" branchCoverage="0" maxCyclomaticComplexity="0" minCyclomaticComplexity="0" maxCrapScore="0" minCrapScore="0" visitedClasses="0" numClasses="0" visitedMethods="0" numMethods="1" />
              <MetadataToken>100663300</MetadataToken>
              <Name>System.Nullable[InputBinding] Input.GameInputActions::get_bindingMask()</Name>
              <FileRef uid="1" />
              <SequencePoints>
                <SequencePoint vc="0" uspid="5" ordinal="0" offset="0" sl="889" sc="0" el="889" ec="0" bec="0" bev="0" fileid="1" />
              </SequencePoints>
              <BranchPoints />
            </Method>
            <Method visited="false" cyclomaticComplexity="0" nPathComplexity="0" sequenceCoverage="0.0" branchCoverage="0" crapScore="0" isConstructor="false" isStatic="false" isGetter="false" isSetter="true">
              <Summary numSequencePoints="1" visitedSequencePoints="0" numBranchPoints="0" visitedBranchPoints="0" sequenceCoverage="0.0" branchCoverage="0" maxCyclomaticComplexity="0" minCyclomaticComplexity="0" maxCrapScore="0" minCrapScore="0" visitedClasses="0" numClasses="0" visitedMethods="0" numMethods="1" />
              <MetadataToken>100663301</MetadataToken>
              <Name>System.Void Input.GameInputActions::set_bindingMask(System.Nullable[InputBinding])</Name>
              <FileRef uid="1" />
              <SequencePoints>
                <SequencePoint vc="0" uspid="6" ordinal="0" offset="0" sl="890" sc="0" el="890" ec="0" bec="0" bev="0" fileid="1" />
              </SequencePoints>
              <BranchPoints />
            </Method>
            <Method visited="false" cyclomaticComplexity="0" nPathComplexity="0" sequenceCoverage="0.0" branchCoverage="0" crapScore="0" isConstructor="false" isStatic="false" isGetter="true" isSetter="false">
              <Summary numSequencePoints="1" visitedSequencePoints="0" numBranchPoints="0" visitedBranchPoints="0" sequenceCoverage="0.0" branchCoverage="0" maxCyclomaticComplexity="0" minCyclomaticComplexity="0" maxCrapScore="0" minCrapScore="0" visitedClasses="0" numClasses="0" visitedMethods="0" numMethods="1" />
              <MetadataToken>100663302</MetadataToken>
              <Name>System.Nullable[ReadOnlyArray`1] Input.GameInputActions::get_devices()</Name>
              <FileRef uid="1" />
              <SequencePoints>
                <SequencePoint vc="0" uspid="7" ordinal="0" offset="0" sl="895" sc="0" el="895" ec="0" bec="0" bev="0" fileid="1" />
              </SequencePoints>
              <BranchPoints />
            </Method>
            <Method visited="false" cyclomaticComplexity="0" nPathComplexity="0" sequenceCoverage="0.0" branchCoverage="0" crapScore="0" isConstructor="false" isStatic="false" isGetter="false" isSetter="true">
              <Summary numSequencePoints="1" visitedSequencePoints="0" numBranchPoints="0" visitedBranchPoints="0" sequenceCoverage="0.0" branchCoverage="0" maxCyclomaticComplexity="0" minCyclomaticComplexity="0" maxCrapScore="0" minCrapScore="0" visitedClasses="0" numClasses="0" visitedMethods="0" numMethods="1" />
              <MetadataToken>100663303</MetadataToken>
              <Name>System.Void Input.GameInputActions::set_devices(System.Nullable[ReadOnlyArray`1])</Name>
              <FileRef uid="1" />
              <SequencePoints>
                <SequencePoint vc="0" uspid="8" ordinal="0" offset="0" sl="896" sc="0" el="896" ec="0" bec="0" bev="0" fileid="1" />
              </SequencePoints>
              <BranchPoints />
            </Method>
            <Method visited="false" cyclomaticComplexity="0" nPathComplexity="0" sequenceCoverage="0.0" branchCoverage="0" crapScore="0" isConstructor="false" isStatic="false" isGetter="true" isSetter="false">
              <Summary numSequencePoints="1" visitedSequencePoints="0" numBranchPoints="0" visitedBranchPoints="0" sequenceCoverage="0.0" branchCoverage="0" maxCyclomaticComplexity="0" minCyclomaticComplexity="0" maxCrapScore="0" minCrapScore="0" visitedClasses="0" numClasses="0" visitedMethods="0" numMethods="1" />
              <MetadataToken>100663304</MetadataToken>
              <Name>UnityEngine.InputSystem.Utilities.ReadOnlyArray[InputControlScheme] Input.GameInputActions::get_controlSchemes()</Name>
              <FileRef uid="1" />
              <SequencePoints>
                <SequencePoint vc="0" uspid="9" ordinal="0" offset="0" sl="899" sc="0" el="899" ec="0" bec="0" bev="0" fileid="1" />
              </SequencePoints>
              <BranchPoints />
            </Method>
            <Method visited="false" cyclomaticComplexity="0" nPathComplexity="0" sequenceCoverage="0.0" branchCoverage="0" crapScore="0" isConstructor="false" isStatic="false" isGetter="false" isSetter="false">
              <Summary numSequencePoints="3" visitedSequencePoints="0" numBranchPoints="0" visitedBranchPoints="0" sequenceCoverage="0.0" branchCoverage="0" maxCyclomaticComplexity="0" minCyclomaticComplexity="0" maxCrapScore="0" minCrapScore="0" visitedClasses="0" numClasses="0" visitedMethods="0" numMethods="1" />
              <MetadataToken>100663305</MetadataToken>
              <Name>System.Boolean Input.GameInputActions::Contains(UnityEngine.InputSystem.InputAction)</Name>
              <FileRef uid="1" />
              <SequencePoints>
                <SequencePoint vc="0" uspid="10" ordinal="0" offset="0" sl="902" sc="0" el="902" ec="0" bec="0" bev="0" fileid="1" />
                <SequencePoint vc="0" uspid="11" ordinal="0" offset="1" sl="903" sc="0" el="903" ec="0" bec="0" bev="0" fileid="1" />
                <SequencePoint vc="0" uspid="12" ordinal="0" offset="16" sl="904" sc="0" el="904" ec="0" bec="0" bev="0" fileid="1" />
              </SequencePoints>
              <BranchPoints />
            </Method>
            <Method visited="false" cyclomaticComplexity="0" nPathComplexity="0" sequenceCoverage="0.0" branchCoverage="0" crapScore="0" isConstructor="false" isStatic="false" isGetter="false" isSetter="false">
              <Summary numSequencePoints="3" visitedSequencePoints="0" numBranchPoints="0" visitedBranchPoints="0" sequenceCoverage="0.0" branchCoverage="0" maxCyclomaticComplexity="0" minCyclomaticComplexity="0" maxCrapScore="0" minCrapScore="0" visitedClasses="0" numClasses="0" visitedMethods="0" numMethods="1" />
              <MetadataToken>100663306</MetadataToken>
              <Name>System.Collections.Generic.IEnumerator[InputAction] Input.GameInputActions::GetEnumerator()</Name>
              <FileRef uid="1" />
              <SequencePoints>
                <SequencePoint vc="0" uspid="13" ordinal="0" offset="0" sl="907" sc="0" el="907" ec="0" bec="0" bev="0" fileid="1" />
                <SequencePoint vc="0" uspid="14" ordinal="0" offset="1" sl="908" sc="0" el="908" ec="0" bec="0" bev="0" fileid="1" />
                <SequencePoint vc="0" uspid="15" ordinal="0" offset="15" sl="909" sc="0" el="909" ec="0" bec="0" bev="0" fileid="1" />
              </SequencePoints>
              <BranchPoints />
            </Method>
            <Method visited="false" cyclomaticComplexity="0" nPathComplexity="0" sequenceCoverage="0.0" branchCoverage="0" crapScore="0" isConstructor="false" isStatic="false" isGetter="false" isSetter="false">
              <Summary numSequencePoints="3" visitedSequencePoints="0" numBranchPoints="0" visitedBranchPoints="0" sequenceCoverage="0.0" branchCoverage="0" maxCyclomaticComplexity="0" minCyclomaticComplexity="0" maxCrapScore="0" minCrapScore="0" visitedClasses="0" numClasses="0" visitedMethods="0" numMethods="1" />
              <MetadataToken>100663307</MetadataToken>
              <Name>System.Collections.IEnumerator Input.GameInputActions.System.Collections.IEnumerable::GetEnumerator()</Name>
              <FileRef uid="1" />
              <SequencePoints>
                <SequencePoint vc="0" uspid="16" ordinal="0" offset="0" sl="912" sc="0" el="912" ec="0" bec="0" bev="0" fileid="1" />
                <SequencePoint vc="0" uspid="17" ordinal="0" offset="1" sl="913" sc="0" el="913" ec="0" bec="0" bev="0" fileid="1" />
                <SequencePoint vc="0" uspid="18" ordinal="0" offset="10" sl="914" sc="0" el="914" ec="0" bec="0" bev="0" fileid="1" />
              </SequencePoints>
              <BranchPoints />
            </Method>
            <Method visited="false" cyclomaticComplexity="0" nPathComplexity="0" sequenceCoverage="0.0" branchCoverage="0" crapScore="0" isConstructor="false" isStatic="false" isGetter="false" isSetter="false">
              <Summary numSequencePoints="3" visitedSequencePoints="0" numBranchPoints="0" visitedBranchPoints="0" sequenceCoverage="0.0" branchCoverage="0" maxCyclomaticComplexity="0" minCyclomaticComplexity="0" maxCrapScore="0" minCrapScore="0" visitedClasses="0" numClasses="0" visitedMethods="0" numMethods="1" />
              <MetadataToken>100663308</MetadataToken>
              <Name>System.Void Input.GameInputActions::Enable()</Name>
              <FileRef uid="1" />
              <SequencePoints>
                <SequencePoint vc="0" uspid="19" ordinal="0" offset="0" sl="917" sc="0" el="917" ec="0" bec="0" bev="0" fileid="1" />
                <SequencePoint vc="0" uspid="20" ordinal="0" offset="1" sl="918" sc="0" el="918" ec="0" bec="0" bev="0" fileid="1" />
                <SequencePoint vc="0" uspid="21" ordinal="0" offset="13" sl="919" sc="0" el="919" ec="0" bec="0" bev="0" fileid="1" />
              </SequencePoints>
              <BranchPoints />
            </Method>
            <Method visited="false" cyclomaticComplexity="0" nPathComplexity="0" sequenceCoverage="0.0" branchCoverage="0" crapScore="0" isConstructor="false" isStatic="false" isGetter="false" isSetter="false">
              <Summary numSequencePoints="3" visitedSequencePoints="0" numBranchPoints="0" visitedBranchPoints="0" sequenceCoverage="0.0" branchCoverage="0" maxCyclomaticComplexity="0" minCyclomaticComplexity="0" maxCrapScore="0" minCrapScore="0" visitedClasses="0" numClasses="0" visitedMethods="0" numMethods="1" />
              <MetadataToken>100663309</MetadataToken>
              <Name>System.Void Input.GameInputActions::Disable()</Name>
              <FileRef uid="1" />
              <SequencePoints>
                <SequencePoint vc="0" uspid="22" ordinal="0" offset="0" sl="922" sc="0" el="922" ec="0" bec="0" bev="0" fileid="1" />
                <SequencePoint vc="0" uspid="23" ordinal="0" offset="1" sl="923" sc="0" el="923" ec="0" bec="0" bev="0" fileid="1" />
                <SequencePoint vc="0" uspid="24" ordinal="0" offset="13" sl="924" sc="0" el="924" ec="0" bec="0" bev="0" fileid="1" />
              </SequencePoints>
              <BranchPoints />
            </Method>
            <Method visited="false" cyclomaticComplexity="0" nPathComplexity="0" sequenceCoverage="0.0" branchCoverage="0" crapScore="0" isConstructor="false" isStatic="false" isGetter="true" isSetter="false">
              <Summary numSequencePoints="1" visitedSequencePoints="0" numBranchPoints="0" visitedBranchPoints="0" sequenceCoverage="0.0" branchCoverage="0" maxCyclomaticComplexity="0" minCyclomaticComplexity="0" maxCrapScore="0" minCrapScore="0" visitedClasses="0" numClasses="0" visitedMethods="0" numMethods="1" />
              <MetadataToken>100663310</MetadataToken>
              <Name>System.Collections.Generic.IEnumerable[InputBinding] Input.GameInputActions::get_bindings()</Name>
              <FileRef uid="1" />
              <SequencePoints>
                <SequencePoint vc="0" uspid="25" ordinal="0" offset="0" sl="925" sc="0" el="925" ec="0" bec="0" bev="0" fileid="1" />
              </SequencePoints>
              <BranchPoints />
            </Method>
            <Method visited="false" cyclomaticComplexity="0" nPathComplexity="0" sequenceCoverage="0.0" branchCoverage="0" crapScore="0" isConstructor="false" isStatic="false" isGetter="false" isSetter="false">
              <Summary numSequencePoints="3" visitedSequencePoints="0" numBranchPoints="0" visitedBranchPoints="0" sequenceCoverage="0.0" branchCoverage="0" maxCyclomaticComplexity="0" minCyclomaticComplexity="0" maxCrapScore="0" minCrapScore="0" visitedClasses="0" numClasses="0" visitedMethods="0" numMethods="1" />
              <MetadataToken>100663311</MetadataToken>
              <Name>UnityEngine.InputSystem.InputAction Input.GameInputActions::FindAction(System.String, System.Boolean)</Name>
              <FileRef uid="1" />
              <SequencePoints>
                <SequencePoint vc="0" uspid="26" ordinal="0" offset="0" sl="928" sc="0" el="928" ec="0" bec="0" bev="0" fileid="1" />
                <SequencePoint vc="0" uspid="27" ordinal="0" offset="1" sl="929" sc="0" el="929" ec="0" bec="0" bev="0" fileid="1" />
                <SequencePoint vc="0" uspid="28" ordinal="0" offset="17" sl="930" sc="0" el="930" ec="0" bec="0" bev="0" fileid="1" />
              </SequencePoints>
              <BranchPoints />
            </Method>
            <Method visited="false" cyclomaticComplexity="0" nPathComplexity="0" sequenceCoverage="0.0" branchCoverage="0" crapScore="0" isConstructor="false" isStatic="false" isGetter="false" isSetter="false">
              <Summary numSequencePoints="3" visitedSequencePoints="0" numBranchPoints="0" visitedBranchPoints="0" sequenceCoverage="0.0" branchCoverage="0" maxCyclomaticComplexity="0" minCyclomaticComplexity="0" maxCrapScore="0" minCrapScore="0" visitedClasses="0" numClasses="0" visitedMethods="0" numMethods="1" />
              <MetadataToken>100663312</MetadataToken>
              <Name>System.Int32 Input.GameInputActions::FindBinding(UnityEngine.InputSystem.InputBinding, UnityEngine.InputSystem.InputAction&amp;)</Name>
              <FileRef uid="1" />
              <SequencePoints>
                <SequencePoint vc="0" uspid="29" ordinal="0" offset="0" sl="932" sc="0" el="932" ec="0" bec="0" bev="0" fileid="1" />
                <SequencePoint vc="0" uspid="30" ordinal="0" offset="1" sl="933" sc="0" el="933" ec="0" bec="0" bev="0" fileid="1" />
                <SequencePoint vc="0" uspid="31" ordinal="0" offset="17" sl="934" sc="0" el="934" ec="0" bec="0" bev="0" fileid="1" />
              </SequencePoints>
              <BranchPoints />
            </Method>
            <Method visited="false" cyclomaticComplexity="0" nPathComplexity="0" sequenceCoverage="0.0" branchCoverage="0" crapScore="0" isConstructor="false" isStatic="false" isGetter="true" isSetter="false">
              <Summary numSequencePoints="1" visitedSequencePoints="0" numBranchPoints="0" visitedBranchPoints="0" sequenceCoverage="0.0" branchCoverage="0" maxCyclomaticComplexity="0" minCyclomaticComplexity="0" maxCrapScore="0" minCrapScore="0" visitedClasses="0" numClasses="0" visitedMethods="0" numMethods="1" />
              <MetadataToken>100663313</MetadataToken>
              <Name>Input.GameInputActions/PlayerActions Input.GameInputActions::get_Player()</Name>
              <FileRef uid="1" />
              <SequencePoints>
                <SequencePoint vc="0" uspid="32" ordinal="0" offset="0" sl="983" sc="0" el="983" ec="0" bec="0" bev="0" fileid="1" />
              </SequencePoints>
              <BranchPoints />
            </Method>
            <Method visited="false" cyclomaticComplexity="0" nPathComplexity="0" sequenceCoverage="0.0" branchCoverage="0" crapScore="0" isConstructor="false" isStatic="false" isGetter="true" isSetter="false">
              <Summary numSequencePoints="1" visitedSequencePoints="0" numBranchPoints="0" visitedBranchPoints="0" sequenceCoverage="0.0" branchCoverage="0" maxCyclomaticComplexity="0" minCyclomaticComplexity="0" maxCrapScore="0" minCrapScore="0" visitedClasses="0" numClasses="0" visitedMethods="0" numMethods="1" />
              <MetadataToken>100663314</MetadataToken>
              <Name>Input.GameInputActions/UIActions Input.GameInputActions::get_UI()</Name>
              <FileRef uid="1" />
              <SequencePoints>
                <SequencePoint vc="0" uspid="33" ordinal="0" offset="0" sl="1088" sc="0" el="1088" ec="0" bec="0" bev="0" fileid="1" />
              </SequencePoints>
              <BranchPoints />
            </Method>
            <Method visited="false" cyclomaticComplexity="0" nPathComplexity="0" sequenceCoverage="0.0" branchCoverage="0" crapScore="0" isConstructor="false" isStatic="false" isGetter="true" isSetter="false">
              <Summary numSequencePoints="5" visitedSequencePoints="0" numBranchPoints="0" visitedBranchPoints="0" sequenceCoverage="0.0" branchCoverage="0" maxCyclomaticComplexity="0" minCyclomaticComplexity="0" maxCrapScore="0" minCrapScore="0" visitedClasses="0" numClasses="0" visitedMethods="0" numMethods="1" />
              <MetadataToken>100663315</MetadataToken>
              <Name>UnityEngine.InputSystem.InputControlScheme Input.GameInputActions::get_KeyboardMouseScheme()</Name>
              <FileRef uid="1" />
              <SequencePoints>
                <SequencePoint vc="0" uspid="34" ordinal="0" offset="0" sl="1093" sc="0" el="1093" ec="0" bec="0" bev="0" fileid="1" />
                <SequencePoint vc="0" uspid="35" ordinal="0" offset="1" sl="1094" sc="0" el="1094" ec="0" bec="0" bev="0" fileid="1" />
                <SequencePoint vc="0" uspid="36" ordinal="0" offset="14" sl="1094" sc="0" el="1094" ec="0" bec="0" bev="0" fileid="1" />
                <SequencePoint vc="0" uspid="37" ordinal="0" offset="36" sl="1095" sc="0" el="1095" ec="0" bec="0" bev="0" fileid="1" />
                <SequencePoint vc="0" uspid="38" ordinal="0" offset="64" sl="1096" sc="0" el="1096" ec="0" bec="0" bev="0" fileid="1" />
              </SequencePoints>
              <BranchPoints />
            </Method>
            <Method visited="false" cyclomaticComplexity="0" nPathComplexity="0" sequenceCoverage="0.0" branchCoverage="0" crapScore="0" isConstructor="false" isStatic="false" isGetter="true" isSetter="false">
              <Summary numSequencePoints="5" visitedSequencePoints="0" numBranchPoints="0" visitedBranchPoints="0" sequenceCoverage="0.0" branchCoverage="0" maxCyclomaticComplexity="0" minCyclomaticComplexity="0" maxCrapScore="0" minCrapScore="0" visitedClasses="0" numClasses="0" visitedMethods="0" numMethods="1" />
              <MetadataToken>100663316</MetadataToken>
              <Name>UnityEngine.InputSystem.InputControlScheme Input.GameInputActions::get_GamepadScheme()</Name>
              <FileRef uid="1" />
              <SequencePoints>
                <SequencePoint vc="0" uspid="39" ordinal="0" offset="0" sl="1102" sc="0" el="1102" ec="0" bec="0" bev="0" fileid="1" />
                <SequencePoint vc="0" uspid="40" ordinal="0" offset="1" sl="1103" sc="0" el="1103" ec="0" bec="0" bev="0" fileid="1" />
                <SequencePoint vc="0" uspid="41" ordinal="0" offset="14" sl="1103" sc="0" el="1103" ec="0" bec="0" bev="0" fileid="1" />
                <SequencePoint vc="0" uspid="42" ordinal="0" offset="36" sl="1104" sc="0" el="1104" ec="0" bec="0" bev="0" fileid="1" />
                <SequencePoint vc="0" uspid="43" ordinal="0" offset="64" sl="1105" sc="0" el="1105" ec="0" bec="0" bev="0" fileid="1" />
              </SequencePoints>
              <BranchPoints />
            </Method>
            <Method visited="false" cyclomaticComplexity="0" nPathComplexity="0" sequenceCoverage="0.0" branchCoverage="0" crapScore="0" isConstructor="false" isStatic="false" isGetter="true" isSetter="false">
              <Summary numSequencePoints="5" visitedSequencePoints="0" numBranchPoints="0" visitedBranchPoints="0" sequenceCoverage="0.0" branchCoverage="0" maxCyclomaticComplexity="0" minCyclomaticComplexity="0" maxCrapScore="0" minCrapScore="0" visitedClasses="0" numClasses="0" visitedMethods="0" numMethods="1" />
              <MetadataToken>100663317</MetadataToken>
              <Name>UnityEngine.InputSystem.InputControlScheme Input.GameInputActions::get_TouchScheme()</Name>
              <FileRef uid="1" />
              <SequencePoints>
                <SequencePoint vc="0" uspid="44" ordinal="0" offset="0" sl="1111" sc="0" el="1111" ec="0" bec="0" bev="0" fileid="1" />
                <SequencePoint vc="0" uspid="45" ordinal="0" offset="1" sl="1112" sc="0" el="1112" ec="0" bec="0" bev="0" fileid="1" />
                <SequencePoint vc="0" uspid="46" ordinal="0" offset="14" sl="1112" sc="0" el="1112" ec="0" bec="0" bev="0" fileid="1" />
                <SequencePoint vc="0" uspid="47" ordinal="0" offset="36" sl="1113" sc="0" el="1113" ec="0" bec="0" bev="0" fileid="1" />
                <SequencePoint vc="0" uspid="48" ordinal="0" offset="64" sl="1114" sc="0" el="1114" ec="0" bec="0" bev="0" fileid="1" />
              </SequencePoints>
              <BranchPoints />
            </Method>
            <Method visited="false" cyclomaticComplexity="0" nPathComplexity="0" sequenceCoverage="0.0" branchCoverage="0" crapScore="0" isConstructor="false" isStatic="false" isGetter="true" isSetter="false">
              <Summary numSequencePoints="5" visitedSequencePoints="0" numBranchPoints="0" visitedBranchPoints="0" sequenceCoverage="0.0" branchCoverage="0" maxCyclomaticComplexity="0" minCyclomaticComplexity="0" maxCrapScore="0" minCrapScore="0" visitedClasses="0" numClasses="0" visitedMethods="0" numMethods="1" />
              <MetadataToken>100663318</MetadataToken>
              <Name>UnityEngine.InputSystem.InputControlScheme Input.GameInputActions::get_JoystickScheme()</Name>
              <FileRef uid="1" />
              <SequencePoints>
                <SequencePoint vc="0" uspid="49" ordinal="0" offset="0" sl="1120" sc="0" el="1120" ec="0" bec="0" bev="0" fileid="1" />
                <SequencePoint vc="0" uspid="50" ordinal="0" offset="1" sl="1121" sc="0" el="1121" ec="0" bec="0" bev="0" fileid="1" />
                <SequencePoint vc="0" uspid="51" ordinal="0" offset="14" sl="1121" sc="0" el="1121" ec="0" bec="0" bev="0" fileid="1" />
                <SequencePoint vc="0" uspid="52" ordinal="0" offset="36" sl="1122" sc="0" el="1122" ec="0" bec="0" bev="0" fileid="1" />
                <SequencePoint vc="0" uspid="53" ordinal="0" offset="64" sl="1123" sc="0" el="1123" ec="0" bec="0" bev="0" fileid="1" />
              </SequencePoints>
              <BranchPoints />
            </Method>
            <Method visited="false" cyclomaticComplexity="0" nPathComplexity="0" sequenceCoverage="0.0" branchCoverage="0" crapScore="0" isConstructor="false" isStatic="false" isGetter="true" isSetter="false">
              <Summary numSequencePoints="5" visitedSequencePoints="0" numBranchPoints="0" visitedBranchPoints="0" sequenceCoverage="0.0" branchCoverage="0" maxCyclomaticComplexity="0" minCyclomaticComplexity="0" maxCrapScore="0" minCrapScore="0" visitedClasses="0" numClasses="0" visitedMethods="0" numMethods="1" />
              <MetadataToken>100663319</MetadataToken>
              <Name>UnityEngine.InputSystem.InputControlScheme Input.GameInputActions::get_XRScheme()</Name>
              <FileRef uid="1" />
              <SequencePoints>
                <SequencePoint vc="0" uspid="54" ordinal="0" offset="0" sl="1129" sc="0" el="1129" ec="0" bec="0" bev="0" fileid="1" />
                <SequencePoint vc="0" uspid="55" ordinal="0" offset="1" sl="1130" sc="0" el="1130" ec="0" bec="0" bev="0" fileid="1" />
                <SequencePoint vc="0" uspid="56" ordinal="0" offset="14" sl="1130" sc="0" el="1130" ec="0" bec="0" bev="0" fileid="1" />
                <SequencePoint vc="0" uspid="57" ordinal="0" offset="36" sl="1131" sc="0" el="1131" ec="0" bec="0" bev="0" fileid="1" />
                <SequencePoint vc="0" uspid="58" ordinal="0" offset="64" sl="1132" sc="0" el="1132" ec="0" bec="0" bev="0" fileid="1" />
              </SequencePoints>
              <BranchPoints />
            </Method>
            <Method visited="false" cyclomaticComplexity="0" nPathComplexity="0" sequenceCoverage="0.0" branchCoverage="0" crapScore="0" isConstructor="true" isStatic="false" isGetter="false" isSetter="false">
              <Summary numSequencePoints="24" visitedSequencePoints="0" numBranchPoints="0" visitedBranchPoints="0" sequenceCoverage="0.0" branchCoverage="0" maxCyclomaticComplexity="0" minCyclomaticComplexity="0" maxCrapScore="0" minCrapScore="0" visitedClasses="0" numClasses="0" visitedMethods="0" numMethods="1" />
              <MetadataToken>100663298</MetadataToken>
              <Name>Input.GameInputActions::GameInputActions()</Name>
              <FileRef uid="1" />
              <SequencePoints>
                <SequencePoint vc="0" uspid="59" ordinal="0" offset="0" sl="1089" sc="0" el="1089" ec="0" bec="0" bev="0" fileid="1" />
                <SequencePoint vc="0" uspid="60" ordinal="0" offset="7" sl="1098" sc="0" el="1098" ec="0" bec="0" bev="0" fileid="1" />
                <SequencePoint vc="0" uspid="61" ordinal="0" offset="14" sl="1107" sc="0" el="1107" ec="0" bec="0" bev="0" fileid="1" />
                <SequencePoint vc="0" uspid="62" ordinal="0" offset="21" sl="1116" sc="0" el="1116" ec="0" bec="0" bev="0" fileid="1" />
                <SequencePoint vc="0" uspid="63" ordinal="0" offset="28" sl="1125" sc="0" el="1125" ec="0" bec="0" bev="0" fileid="1" />
                <SequencePoint vc="0" uspid="64" ordinal="0" offset="35" sl="23" sc="0" el="23" ec="0" bec="0" bev="0" fileid="1" />
                <SequencePoint vc="0" uspid="65" ordinal="0" offset="42" sl="24" sc="0" el="24" ec="0" bec="0" bev="0" fileid="1" />
                <SequencePoint vc="0" uspid="66" ordinal="0" offset="43" sl="25" sc="0" el="25" ec="0" bec="0" bev="0" fileid="1" />
                <SequencePoint vc="0" uspid="67" ordinal="0" offset="59" sl="864" sc="0" el="864" ec="0" bec="0" bev="0" fileid="1" />
                <SequencePoint vc="0" uspid="68" ordinal="0" offset="82" sl="865" sc="0" el="865" ec="0" bec="0" bev="0" fileid="1" />
                <SequencePoint vc="0" uspid="69" ordinal="0" offset="105" sl="866" sc="0" el="866" ec="0" bec="0" bev="0" fileid="1" />
                <SequencePoint vc="0" uspid="70" ordinal="0" offset="128" sl="867" sc="0" el="867" ec="0" bec="0" bev="0" fileid="1" />
                <SequencePoint vc="0" uspid="71" ordinal="0" offset="151" sl="869" sc="0" el="869" ec="0" bec="0" bev="0" fileid="1" />
                <SequencePoint vc="0" uspid="72" ordinal="0" offset="174" sl="870" sc="0" el="870" ec="0" bec="0" bev="0" fileid="1" />
                <SequencePoint vc="0" uspid="73" ordinal="0" offset="197" sl="871" sc="0" el="871" ec="0" bec="0" bev="0" fileid="1" />
                <SequencePoint vc="0" uspid="74" ordinal="0" offset="220" sl="872" sc="0" el="872" ec="0" bec="0" bev="0" fileid="1" />
                <SequencePoint vc="0" uspid="75" ordinal="0" offset="243" sl="873" sc="0" el="873" ec="0" bec="0" bev="0" fileid="1" />
                <SequencePoint vc="0" uspid="76" ordinal="0" offset="266" sl="874" sc="0" el="874" ec="0" bec="0" bev="0" fileid="1" />
                <SequencePoint vc="0" uspid="77" ordinal="0" offset="289" sl="875" sc="0" el="875" ec="0" bec="0" bev="0" fileid="1" />
                <SequencePoint vc="0" uspid="78" ordinal="0" offset="312" sl="876" sc="0" el="876" ec="0" bec="0" bev="0" fileid="1" />
                <SequencePoint vc="0" uspid="79" ordinal="0" offset="335" sl="877" sc="0" el="877" ec="0" bec="0" bev="0" fileid="1" />
                <SequencePoint vc="0" uspid="80" ordinal="0" offset="358" sl="878" sc="0" el="878" ec="0" bec="0" bev="0" fileid="1" />
                <SequencePoint vc="0" uspid="81" ordinal="0" offset="381" sl="879" sc="0" el="879" ec="0" bec="0" bev="0" fileid="1" />
                <SequencePoint vc="0" uspid="82" ordinal="0" offset="404" sl="880" sc="0" el="880" ec="0" bec="0" bev="0" fileid="1" />
              </SequencePoints>
              <BranchPoints />
            </Method>
          </Methods>
        </Class>
        <Class>
          <Summary numSequencePoints="11" visitedSequencePoints="8" numBranchPoints="0" visitedBranchPoints="0" sequenceCoverage="72.73" branchCoverage="0.0" maxCyclomaticComplexity="0" minCyclomaticComplexity="0" maxCrapScore="0" minCrapScore="0" visitedClasses="1" numClasses="1" visitedMethods="4" numMethods="5" />
          <FullName>Core.Enemy</FullName>
          <Methods>
            <Method visited="true" cyclomaticComplexity="0" nPathComplexity="0" sequenceCoverage="100.0" branchCoverage="0" crapScore="0" isConstructor="false" isStatic="false" isGetter="true" isSetter="false">
              <Summary numSequencePoints="1" visitedSequencePoints="1" numBranchPoints="0" visitedBranchPoints="0" sequenceCoverage="100.0" branchCoverage="0" maxCyclomaticComplexity="0" minCyclomaticComplexity="0" maxCrapScore="0" minCrapScore="0" visitedClasses="0" numClasses="0" visitedMethods="1" numMethods="1" />
              <MetadataToken>100663320</MetadataToken>
              <Name>UnityEngine.Vector2 Core.Enemy::get_Position()</Name>
              <FileRef uid="2" />
              <SequencePoints>
                <SequencePoint vc="34" uspid="83" ordinal="0" offset="0" sl="20" sc="20" el="20" ec="20" bec="0" bev="0" fileid="2" />
              </SequencePoints>
              <BranchPoints />
            </Method>
            <Method visited="true" cyclomaticComplexity="0" nPathComplexity="0" sequenceCoverage="100.0" branchCoverage="0" crapScore="0" isConstructor="false" isStatic="false" isGetter="false" isSetter="true">
              <Summary numSequencePoints="1" visitedSequencePoints="1" numBranchPoints="0" visitedBranchPoints="0" sequenceCoverage="100.0" branchCoverage="0" maxCyclomaticComplexity="0" minCyclomaticComplexity="0" maxCrapScore="0" minCrapScore="0" visitedClasses="0" numClasses="0" visitedMethods="1" numMethods="1" />
              <MetadataToken>100663321</MetadataToken>
              <Name>System.Void Core.Enemy::set_Position(UnityEngine.Vector2)</Name>
              <FileRef uid="2" />
              <SequencePoints>
                <SequencePoint vc="9" uspid="84" ordinal="0" offset="0" sl="21" sc="20" el="21" ec="20" bec="0" bev="0" fileid="2" />
              </SequencePoints>
              <BranchPoints />
            </Method>
            <Method visited="true" cyclomaticComplexity="0" nPathComplexity="0" sequenceCoverage="100.0" branchCoverage="0" crapScore="0" isConstructor="false" isStatic="false" isGetter="true" isSetter="false">
              <Summary numSequencePoints="1" visitedSequencePoints="1" numBranchPoints="0" visitedBranchPoints="0" sequenceCoverage="100.0" branchCoverage="0" maxCyclomaticComplexity="0" minCyclomaticComplexity="0" maxCrapScore="0" minCrapScore="0" visitedClasses="0" numClasses="0" visitedMethods="1" numMethods="1" />
              <MetadataToken>100663322</MetadataToken>
              <Name>Core.EnemyClass Core.Enemy::get_CurrentClass()</Name>
              <FileRef uid="2" />
              <SequencePoints>
                <SequencePoint vc="6" uspid="85" ordinal="0" offset="0" sl="24" sc="43" el="24" ec="43" bec="0" bev="0" fileid="2" />
              </SequencePoints>
              <BranchPoints />
            </Method>
            <Method visited="false" cyclomaticComplexity="0" nPathComplexity="0" sequenceCoverage="0.0" branchCoverage="0" crapScore="0" isConstructor="false" isStatic="false" isGetter="false" isSetter="false">
              <Summary numSequencePoints="3" visitedSequencePoints="0" numBranchPoints="0" visitedBranchPoints="0" sequenceCoverage="0.0" branchCoverage="0" maxCyclomaticComplexity="0" minCyclomaticComplexity="0" maxCrapScore="0" minCrapScore="0" visitedClasses="0" numClasses="0" visitedMethods="0" numMethods="1" />
              <MetadataToken>100663324</MetadataToken>
              <Name>System.Void Core.Enemy::ChangeClass(System.Int32)</Name>
              <FileRef uid="2" />
              <SequencePoints>
                <SequencePoint vc="0" uspid="86" ordinal="0" offset="0" sl="33" sc="0" el="33" ec="0" bec="0" bev="0" fileid="2" />
                <SequencePoint vc="0" uspid="87" ordinal="0" offset="1" sl="34" sc="0" el="34" ec="0" bec="0" bev="0" fileid="2" />
                <SequencePoint vc="0" uspid="88" ordinal="0" offset="14" sl="35" sc="0" el="35" ec="0" bec="0" bev="0" fileid="2" />
              </SequencePoints>
              <BranchPoints />
            </Method>
            <Method visited="true" cyclomaticComplexity="0" nPathComplexity="0" sequenceCoverage="100.0" branchCoverage="0" crapScore="0" isConstructor="true" isStatic="false" isGetter="false" isSetter="false">
              <Summary numSequencePoints="5" visitedSequencePoints="5" numBranchPoints="0" visitedBranchPoints="0" sequenceCoverage="100.0" branchCoverage="0" maxCyclomaticComplexity="0" minCyclomaticComplexity="0" maxCrapScore="0" minCrapScore="0" visitedClasses="0" numClasses="0" visitedMethods="1" numMethods="1" />
              <MetadataToken>100663323</MetadataToken>
              <Name>Core.Enemy::Enemy(UnityEngine.Vector2, System.Int32)</Name>
              <FileRef uid="2" />
              <SequencePoints>
                <SequencePoint vc="14" uspid="89" ordinal="0" offset="0" sl="26" sc="9" el="26" ec="9" bec="0" bev="0" fileid="2" />
                <SequencePoint vc="14" uspid="90" ordinal="0" offset="7" sl="27" sc="9" el="27" ec="9" bec="0" bev="0" fileid="2" />
                <SequencePoint vc="14" uspid="91" ordinal="0" offset="8" sl="28" sc="13" el="28" ec="13" bec="0" bev="0" fileid="2" />
                <SequencePoint vc="14" uspid="92" ordinal="0" offset="15" sl="29" sc="13" el="29" ec="13" bec="0" bev="0" fileid="2" />
                <SequencePoint vc="14" uspid="93" ordinal="0" offset="34" sl="30" sc="9" el="30" ec="9" bec="0" bev="0" fileid="2" />
              </SequencePoints>
              <BranchPoints />
            </Method>
          </Methods>
        </Class>
        <Class>
          <Summary numSequencePoints="18" visitedSequencePoints="18" numBranchPoints="0" visitedBranchPoints="0" sequenceCoverage="100.0" branchCoverage="0.0" maxCyclomaticComplexity="0" minCyclomaticComplexity="0" maxCrapScore="0" minCrapScore="0" visitedClasses="1" numClasses="1" visitedMethods="1" numMethods="1" />
          <FullName>Core.EnemyClassUtils</FullName>
          <Methods>
            <Method visited="true" cyclomaticComplexity="0" nPathComplexity="0" sequenceCoverage="100.0" branchCoverage="0" crapScore="0" isConstructor="false" isStatic="true" isGetter="false" isSetter="false">
              <Summary numSequencePoints="18" visitedSequencePoints="18" numBranchPoints="0" visitedBranchPoints="0" sequenceCoverage="100.0" branchCoverage="0" maxCyclomaticComplexity="0" minCyclomaticComplexity="0" maxCrapScore="0" minCrapScore="0" visitedClasses="0" numClasses="0" visitedMethods="1" numMethods="1" />
              <MetadataToken>100663325</MetadataToken>
              <Name>static Core.EnemyClass Core.EnemyClassUtils::GetClassFromInt(System.Int32)</Name>
              <FileRef uid="3" />
              <SequencePoints>
                <SequencePoint vc="75" uspid="94" ordinal="0" offset="0" sl="23" sc="9" el="23" ec="9" bec="0" bev="0" fileid="3" />
                <SequencePoint vc="75" uspid="95" ordinal="0" offset="1" sl="24" sc="13" el="24" ec="13" bec="0" bev="0" fileid="3" />
                <SequencePoint vc="75" uspid="96" ordinal="0" offset="8" sl="25" sc="13" el="25" ec="13" bec="0" bev="0" fileid="3" />
                <SequencePoint vc="75" uspid="97" ordinal="0" offset="15" sl="27" sc="13" el="27" ec="13" bec="0" bev="0" fileid="3" />
                <SequencePoint vc="75" uspid="98" ordinal="0" offset="17" sl="29" sc="13" el="29" ec="13" bec="0" bev="0" fileid="3" />
                <SequencePoint vc="5" uspid="99" ordinal="0" offset="24" sl="30" sc="13" el="30" ec="13" bec="0" bev="0" fileid="3" />
                <SequencePoint vc="5" uspid="100" ordinal="0" offset="25" sl="31" sc="17" el="31" ec="17" bec="0" bev="0" fileid="3" />
                <SequencePoint vc="5" uspid="101" ordinal="0" offset="27" sl="32" sc="13" el="32" ec="13" bec="0" bev="0" fileid="3" />
                <SequencePoint vc="70" uspid="102" ordinal="0" offset="30" sl="33" sc="18" el="33" ec="18" bec="0" bev="0" fileid="3" />
                <SequencePoint vc="10" uspid="103" ordinal="0" offset="37" sl="34" sc="13" el="34" ec="13" bec="0" bev="0" fileid="3" />
                <SequencePoint vc="10" uspid="104" ordinal="0" offset="38" sl="35" sc="17" el="35" ec="17" bec="0" bev="0" fileid="3" />
                <SequencePoint vc="10" uspid="105" ordinal="0" offset="40" sl="36" sc="13" el="36" ec="13" bec="0" bev="0" fileid="3" />
                <SequencePoint vc="60" uspid="106" ordinal="0" offset="43" sl="37" sc="18" el="37" ec="18" bec="0" bev="0" fileid="3" />
                <SequencePoint vc="19" uspid="107" ordinal="0" offset="50" sl="38" sc="13" el="38" ec="13" bec="0" bev="0" fileid="3" />
                <SequencePoint vc="19" uspid="108" ordinal="0" offset="51" sl="39" sc="17" el="39" ec="17" bec="0" bev="0" fileid="3" />
                <SequencePoint vc="19" uspid="109" ordinal="0" offset="53" sl="40" sc="13" el="40" ec="13" bec="0" bev="0" fileid="3" />
                <SequencePoint vc="75" uspid="110" ordinal="0" offset="54" sl="42" sc="13" el="42" ec="13" bec="0" bev="0" fileid="3" />
                <SequencePoint vc="75" uspid="111" ordinal="0" offset="59" sl="43" sc="9" el="43" ec="9" bec="0" bev="0" fileid="3" />
              </SequencePoints>
              <BranchPoints />
            </Method>
          </Methods>
        </Class>
        <Class>
          <Summary numSequencePoints="9" visitedSequencePoints="0" numBranchPoints="0" visitedBranchPoints="0" sequenceCoverage="0.0" branchCoverage="0.0" maxCyclomaticComplexity="0" minCyclomaticComplexity="0" maxCrapScore="0" minCrapScore="0" visitedClasses="0" numClasses="1" visitedMethods="0" numMethods="2" />
          <FullName>Core.GameController</FullName>
          <Methods>
            <Method visited="false" cyclomaticComplexity="0" nPathComplexity="0" sequenceCoverage="0.0" branchCoverage="0" crapScore="0" isConstructor="false" isStatic="false" isGetter="false" isSetter="false">
              <Summary numSequencePoints="2" visitedSequencePoints="0" numBranchPoints="0" visitedBranchPoints="0" sequenceCoverage="0.0" branchCoverage="0" maxCyclomaticComplexity="0" minCyclomaticComplexity="0" maxCrapScore="0" minCrapScore="0" visitedClasses="0" numClasses="0" visitedMethods="0" numMethods="1" />
              <MetadataToken>100663328</MetadataToken>
              <Name>System.Void Core.GameController::PlayTurn(Core.Enemy, Core.EnemyClass)</Name>
              <FileRef uid="4" />
              <SequencePoints>
                <SequencePoint vc="0" uspid="112" ordinal="0" offset="0" sl="27" sc="0" el="27" ec="0" bec="0" bev="0" fileid="4" />
                <SequencePoint vc="0" uspid="113" ordinal="0" offset="1" sl="40" sc="0" el="40" ec="0" bec="0" bev="0" fileid="4" />
              </SequencePoints>
              <BranchPoints />
            </Method>
            <Method visited="false" cyclomaticComplexity="0" nPathComplexity="0" sequenceCoverage="0.0" branchCoverage="0" crapScore="0" isConstructor="true" isStatic="false" isGetter="false" isSetter="false">
              <Summary numSequencePoints="7" visitedSequencePoints="0" numBranchPoints="0" visitedBranchPoints="0" sequenceCoverage="0.0" branchCoverage="0" maxCyclomaticComplexity="0" minCyclomaticComplexity="0" maxCrapScore="0" minCrapScore="0" visitedClasses="0" numClasses="0" visitedMethods="0" numMethods="1" />
              <MetadataToken>100663327</MetadataToken>
              <Name>Core.GameController::GameController(UnityAtoms.BaseAtoms.FloatVariable, UnityAtoms.BaseAtoms.IntVariable, System.Collections.Generic.IList[Enemy], Core.GameRules)</Name>
              <FileRef uid="4" />
              <SequencePoints>
                <SequencePoint vc="0" uspid="114" ordinal="0" offset="0" sl="13" sc="0" el="13" ec="0" bec="0" bev="0" fileid="4" />
                <SequencePoint vc="0" uspid="115" ordinal="0" offset="7" sl="14" sc="0" el="14" ec="0" bec="0" bev="0" fileid="4" />
                <SequencePoint vc="0" uspid="116" ordinal="0" offset="8" sl="15" sc="0" el="15" ec="0" bec="0" bev="0" fileid="4" />
                <SequencePoint vc="0" uspid="117" ordinal="0" offset="15" sl="16" sc="0" el="16" ec="0" bec="0" bev="0" fileid="4" />
                <SequencePoint vc="0" uspid="118" ordinal="0" offset="22" sl="17" sc="0" el="17" ec="0" bec="0" bev="0" fileid="4" />
                <SequencePoint vc="0" uspid="119" ordinal="0" offset="29" sl="18" sc="0" el="18" ec="0" bec="0" bev="0" fileid="4" />
                <SequencePoint vc="0" uspid="120" ordinal="0" offset="37" sl="19" sc="0" el="19" ec="0" bec="0" bev="0" fileid="4" />
              </SequencePoints>
              <BranchPoints />
            </Method>
          </Methods>
        </Class>
        <Class>
          <Summary numSequencePoints="43" visitedSequencePoints="43" numBranchPoints="0" visitedBranchPoints="0" sequenceCoverage="100.0" branchCoverage="0.0" maxCyclomaticComplexity="0" minCyclomaticComplexity="0" maxCrapScore="0" minCrapScore="0" visitedClasses="1" numClasses="1" visitedMethods="3" numMethods="3" />
          <FullName>Core.GameMechanics</FullName>
          <Methods>
            <Method visited="true" cyclomaticComplexity="0" nPathComplexity="0" sequenceCoverage="100.0" branchCoverage="0" crapScore="0" isConstructor="false" isStatic="true" isGetter="false" isSetter="false">
              <Summary numSequencePoints="18" visitedSequencePoints="18" numBranchPoints="0" visitedBranchPoints="0" sequenceCoverage="100.0" branchCoverage="0" maxCyclomaticComplexity="0" minCyclomaticComplexity="0" maxCrapScore="0" minCrapScore="0" visitedClasses="0" numClasses="0" visitedMethods="1" numMethods="1" />
              <MetadataToken>100663329</MetadataToken>
              <Name>static System.Void Core.GameMechanics::MoveEnemies(System.Collections.Generic.IEnumerable[Enemy], Core.GameRules, System.Collections.Generic.List`1[[Core.Enemy, com.mnicolas.ce-fizz-buzz, Version=0.0.0.0, Culture=neutral, PublicKeyToken=null]]&amp;)</Name>
              <FileRef uid="5" />
              <SequencePoints>
                <SequencePoint vc="3" uspid="121" ordinal="0" offset="0" sl="10" sc="9" el="10" ec="9" bec="0" bev="0" fileid="5" />
                <SequencePoint vc="3" uspid="122" ordinal="0" offset="1" sl="11" sc="13" el="11" ec="13" bec="0" bev="0" fileid="5" />
                <SequencePoint vc="3" uspid="123" ordinal="0" offset="8" sl="13" sc="13" el="13" ec="13" bec="0" bev="0" fileid="5" />
                <SequencePoint vc="3" uspid="124" ordinal="0" offset="9" sl="13" sc="35" el="13" ec="35" bec="0" bev="0" fileid="5" />
                <SequencePoint vc="9" uspid="125" ordinal="0" offset="18" sl="13" sc="22" el="13" ec="22" bec="0" bev="0" fileid="5" />
                <SequencePoint vc="9" uspid="126" ordinal="0" offset="25" sl="14" sc="13" el="14" ec="13" bec="0" bev="0" fileid="5" />
                <SequencePoint vc="9" uspid="127" ordinal="0" offset="26" sl="15" sc="17" el="15" ec="17" bec="0" bev="0" fileid="5" />
                <SequencePoint vc="9" uspid="128" ordinal="0" offset="42" sl="16" sc="17" el="16" ec="17" bec="0" bev="0" fileid="5" />
                <SequencePoint vc="9" uspid="129" ordinal="0" offset="51" sl="17" sc="17" el="17" ec="17" bec="0" bev="0" fileid="5" />
                <SequencePoint vc="9" uspid="130" ordinal="0" offset="63" sl="18" sc="17" el="18" ec="17" bec="0" bev="0" fileid="5" />
                <SequencePoint vc="9" uspid="131" ordinal="0" offset="85" sl="19" sc="17" el="19" ec="17" bec="0" bev="0" fileid="5" />
                <SequencePoint vc="9" uspid="132" ordinal="0" offset="93" sl="21" sc="17" el="21" ec="17" bec="0" bev="0" fileid="5" />
                <SequencePoint vc="5" uspid="133" ordinal="0" offset="108" sl="22" sc="17" el="22" ec="17" bec="0" bev="0" fileid="5" />
                <SequencePoint vc="5" uspid="134" ordinal="0" offset="109" sl="23" sc="21" el="23" ec="21" bec="0" bev="0" fileid="5" />
                <SequencePoint vc="5" uspid="135" ordinal="0" offset="118" sl="24" sc="17" el="24" ec="17" bec="0" bev="0" fileid="5" />
                <SequencePoint vc="9" uspid="136" ordinal="0" offset="119" sl="25" sc="13" el="25" ec="13" bec="0" bev="0" fileid="5" />
                <SequencePoint vc="12" uspid="137" ordinal="0" offset="120" sl="13" sc="32" el="13" ec="32" bec="0" bev="0" fileid="5" />
                <SequencePoint vc="3" uspid="138" ordinal="0" offset="141" sl="26" sc="9" el="26" ec="9" bec="0" bev="0" fileid="5" />
              </SequencePoints>
              <BranchPoints />
            </Method>
            <Method visited="true" cyclomaticComplexity="0" nPathComplexity="0" sequenceCoverage="100.0" branchCoverage="0" crapScore="0" isConstructor="false" isStatic="true" isGetter="false" isSetter="false">
              <Summary numSequencePoints="20" visitedSequencePoints="20" numBranchPoints="0" visitedBranchPoints="0" sequenceCoverage="100.0" branchCoverage="0" maxCyclomaticComplexity="0" minCyclomaticComplexity="0" maxCrapScore="0" minCrapScore="0" visitedClasses="0" numClasses="0" visitedMethods="1" numMethods="1" />
              <MetadataToken>100663330</MetadataToken>
              <Name>static System.Collections.Generic.List[Enemy] Core.GameMechanics::GetShotBounceSequence(Core.Enemy, System.Collections.Generic.IEnumerable[Enemy], Core.GameRules)</Name>
              <FileRef uid="5" />
              <SequencePoints>
                <SequencePoint vc="1" uspid="139" ordinal="0" offset="13" sl="36" sc="9" el="36" ec="9" bec="0" bev="0" fileid="5" />
                <SequencePoint vc="1" uspid="140" ordinal="0" offset="14" sl="37" sc="13" el="37" ec="13" bec="0" bev="0" fileid="5" />
                <SequencePoint vc="1" uspid="141" ordinal="0" offset="33" sl="40" sc="13" el="40" ec="13" bec="0" bev="0" fileid="5" />
                <SequencePoint vc="1" uspid="142" ordinal="0" offset="50" sl="41" sc="13" el="41" ec="13" bec="0" bev="0" fileid="5" />
                <SequencePoint vc="1" uspid="143" ordinal="0" offset="74" sl="51" sc="13" el="51" ec="13" bec="0" bev="0" fileid="5" />
                <SequencePoint vc="1" uspid="144" ordinal="0" offset="81" sl="52" sc="13" el="52" ec="13" bec="0" bev="0" fileid="5" />
                <SequencePoint vc="2" uspid="145" ordinal="0" offset="86" sl="54" sc="13" el="54" ec="13" bec="0" bev="0" fileid="5" />
                <SequencePoint vc="2" uspid="146" ordinal="0" offset="87" sl="55" sc="17" el="55" ec="17" bec="0" bev="0" fileid="5" />
                <SequencePoint vc="2" uspid="147" ordinal="0" offset="109" sl="56" sc="17" el="56" ec="17" bec="0" bev="0" fileid="5" />
                <SequencePoint vc="2" uspid="148" ordinal="0" offset="118" sl="57" sc="17" el="57" ec="17" bec="0" bev="0" fileid="5" />
                <SequencePoint vc="2" uspid="149" ordinal="0" offset="130" sl="59" sc="17" el="59" ec="17" bec="0" bev="0" fileid="5" />
                <SequencePoint vc="2" uspid="150" ordinal="0" offset="138" sl="60" sc="17" el="60" ec="17" bec="0" bev="0" fileid="5" />
                <SequencePoint vc="2" uspid="151" ordinal="0" offset="139" sl="61" sc="21" el="61" ec="21" bec="0" bev="0" fileid="5" />
                <SequencePoint vc="2" uspid="152" ordinal="0" offset="142" sl="62" sc="21" el="62" ec="21" bec="0" bev="0" fileid="5" />
                <SequencePoint vc="2" uspid="153" ordinal="0" offset="151" sl="63" sc="21" el="63" ec="21" bec="0" bev="0" fileid="5" />
                <SequencePoint vc="2" uspid="154" ordinal="0" offset="160" sl="64" sc="17" el="64" ec="17" bec="0" bev="0" fileid="5" />
                <SequencePoint vc="2" uspid="155" ordinal="0" offset="161" sl="65" sc="13" el="65" ec="13" bec="0" bev="0" fileid="5" />
                <SequencePoint vc="3" uspid="156" ordinal="0" offset="162" sl="53" sc="13" el="53" ec="13" bec="0" bev="0" fileid="5" />
                <SequencePoint vc="1" uspid="157" ordinal="0" offset="184" sl="67" sc="13" el="67" ec="13" bec="0" bev="0" fileid="5" />
                <SequencePoint vc="1" uspid="158" ordinal="0" offset="189" sl="68" sc="9" el="68" ec="9" bec="0" bev="0" fileid="5" />
              </SequencePoints>
              <BranchPoints />
            </Method>
            <Method visited="true" cyclomaticComplexity="0" nPathComplexity="0" sequenceCoverage="100.0" branchCoverage="0" crapScore="0" isConstructor="false" isStatic="true" isGetter="false" isSetter="false">
              <Summary numSequencePoints="5" visitedSequencePoints="5" numBranchPoints="0" visitedBranchPoints="0" sequenceCoverage="100.0" branchCoverage="0" maxCyclomaticComplexity="0" minCyclomaticComplexity="0" maxCrapScore="0" minCrapScore="0" visitedClasses="0" numClasses="0" visitedMethods="1" numMethods="1" />
              <MetadataToken>100663331</MetadataToken>
              <Name>static System.ValueTuple[Enemy,Single] Core.GameMechanics::GetClosestEnemy(Core.Enemy, System.Collections.Generic.List[Enemy])</Name>
              <FileRef uid="5" />
              <SequencePoints>
                <SequencePoint vc="2" uspid="159" ordinal="0" offset="20" sl="71" sc="9" el="71" ec="9" bec="0" bev="0" fileid="5" />
                <SequencePoint vc="2" uspid="160" ordinal="0" offset="21" sl="72" sc="13" el="72" ec="13" bec="0" bev="0" fileid="5" />
                <SequencePoint vc="2" uspid="161" ordinal="0" offset="45" sl="75" sc="13" el="75" ec="13" bec="0" bev="0" fileid="5" />
                <SequencePoint vc="2" uspid="162" ordinal="0" offset="83" sl="78" sc="13" el="78" ec="13" bec="0" bev="0" fileid="5" />
                <SequencePoint vc="2" uspid="163" ordinal="0" offset="93" sl="79" sc="9" el="79" ec="9" bec="0" bev="0" fileid="5" />
              </SequencePoints>
              <BranchPoints />
            </Method>
          </Methods>
        </Class>
        <Class>
          <Summary numSequencePoints="16" visitedSequencePoints="13" numBranchPoints="0" visitedBranchPoints="0" sequenceCoverage="81.25" branchCoverage="0.0" maxCyclomaticComplexity="0" minCyclomaticComplexity="0" maxCrapScore="0" minCrapScore="0" visitedClasses="1" numClasses="1" visitedMethods="4" numMethods="7" />
          <FullName>Core.GameRules</FullName>
          <Methods>
            <Method visited="false" cyclomaticComplexity="0" nPathComplexity="0" sequenceCoverage="0.0" branchCoverage="0" crapScore="0" isConstructor="false" isStatic="false" isGetter="true" isSetter="false">
              <Summary numSequencePoints="1" visitedSequencePoints="0" numBranchPoints="0" visitedBranchPoints="0" sequenceCoverage="0.0" branchCoverage="0" maxCyclomaticComplexity="0" minCyclomaticComplexity="0" maxCrapScore="0" minCrapScore="0" visitedClasses="0" numClasses="0" visitedMethods="0" numMethods="1" />
              <MetadataToken>100663332</MetadataToken>
              <Name>System.Int32 Core.GameRules::get_MinNumber()</Name>
              <FileRef uid="6" />
              <SequencePoints>
                <SequencePoint vc="0" uspid="164" ordinal="0" offset="0" sl="28" sc="0" el="28" ec="0" bec="0" bev="0" fileid="6" />
              </SequencePoints>
              <BranchPoints />
            </Method>
            <Method visited="false" cyclomaticComplexity="0" nPathComplexity="0" sequenceCoverage="0.0" branchCoverage="0" crapScore="0" isConstructor="false" isStatic="false" isGetter="true" isSetter="false">
              <Summary numSequencePoints="1" visitedSequencePoints="0" numBranchPoints="0" visitedBranchPoints="0" sequenceCoverage="0.0" branchCoverage="0" maxCyclomaticComplexity="0" minCyclomaticComplexity="0" maxCrapScore="0" minCrapScore="0" visitedClasses="0" numClasses="0" visitedMethods="0" numMethods="1" />
              <MetadataToken>100663333</MetadataToken>
              <Name>System.Int32 Core.GameRules::get_MaxNumber()</Name>
              <FileRef uid="6" />
              <SequencePoints>
                <SequencePoint vc="0" uspid="165" ordinal="0" offset="0" sl="30" sc="0" el="30" ec="0" bec="0" bev="0" fileid="6" />
              </SequencePoints>
              <BranchPoints />
            </Method>
            <Method visited="true" cyclomaticComplexity="0" nPathComplexity="0" sequenceCoverage="100.0" branchCoverage="0" crapScore="0" isConstructor="false" isStatic="false" isGetter="true" isSetter="false">
              <Summary numSequencePoints="1" visitedSequencePoints="1" numBranchPoints="0" visitedBranchPoints="0" sequenceCoverage="100.0" branchCoverage="0" maxCyclomaticComplexity="0" minCyclomaticComplexity="0" maxCrapScore="0" minCrapScore="0" visitedClasses="0" numClasses="0" visitedMethods="1" numMethods="1" />
              <MetadataToken>100663334</MetadataToken>
              <Name>System.Single Core.GameRules::get_MoveDistancePerTurn()</Name>
              <FileRef uid="6" />
              <SequencePoints>
                <SequencePoint vc="9" uspid="166" ordinal="0" offset="0" sl="32" sc="45" el="32" ec="45" bec="0" bev="0" fileid="6" />
              </SequencePoints>
              <BranchPoints />
            </Method>
            <Method visited="true" cyclomaticComplexity="0" nPathComplexity="0" sequenceCoverage="100.0" branchCoverage="0" crapScore="0" isConstructor="false" isStatic="false" isGetter="true" isSetter="false">
              <Summary numSequencePoints="1" visitedSequencePoints="1" numBranchPoints="0" visitedBranchPoints="0" sequenceCoverage="100.0" branchCoverage="0" maxCyclomaticComplexity="0" minCyclomaticComplexity="0" maxCrapScore="0" minCrapScore="0" visitedClasses="0" numClasses="0" visitedMethods="1" numMethods="1" />
              <MetadataToken>100663335</MetadataToken>
              <Name>System.Single Core.GameRules::get_DistanceToDamagePlayer()</Name>
              <FileRef uid="6" />
              <SequencePoints>
                <SequencePoint vc="9" uspid="167" ordinal="0" offset="0" sl="34" sc="48" el="34" ec="48" bec="0" bev="0" fileid="6" />
              </SequencePoints>
              <BranchPoints />
            </Method>
            <Method visited="false" cyclomaticComplexity="0" nPathComplexity="0" sequenceCoverage="0.0" branchCoverage="0" crapScore="0" isConstructor="false" isStatic="false" isGetter="true" isSetter="false">
              <Summary numSequencePoints="1" visitedSequencePoints="0" numBranchPoints="0" visitedBranchPoints="0" sequenceCoverage="0.0" branchCoverage="0" maxCyclomaticComplexity="0" minCyclomaticComplexity="0" maxCrapScore="0" minCrapScore="0" visitedClasses="0" numClasses="0" visitedMethods="0" numMethods="1" />
              <MetadataToken>100663336</MetadataToken>
              <Name>System.Single Core.GameRules::get_DistanceToSpawnEnemy()</Name>
              <FileRef uid="6" />
              <SequencePoints>
                <SequencePoint vc="0" uspid="168" ordinal="0" offset="0" sl="36" sc="0" el="36" ec="0" bec="0" bev="0" fileid="6" />
              </SequencePoints>
              <BranchPoints />
            </Method>
            <Method visited="true" cyclomaticComplexity="0" nPathComplexity="0" sequenceCoverage="100.0" branchCoverage="0" crapScore="0" isConstructor="false" isStatic="false" isGetter="true" isSetter="false">
              <Summary numSequencePoints="1" visitedSequencePoints="1" numBranchPoints="0" visitedBranchPoints="0" sequenceCoverage="100.0" branchCoverage="0" maxCyclomaticComplexity="0" minCyclomaticComplexity="0" maxCrapScore="0" minCrapScore="0" visitedClasses="0" numClasses="0" visitedMethods="1" numMethods="1" />
              <MetadataToken>100663337</MetadataToken>
              <Name>System.Single Core.GameRules::get_DistanceToBounceShot()</Name>
              <FileRef uid="6" />
              <SequencePoints>
                <SequencePoint vc="2" uspid="169" ordinal="0" offset="0" sl="38" sc="46" el="38" ec="46" bec="0" bev="0" fileid="6" />
              </SequencePoints>
              <BranchPoints />
            </Method>
            <Method visited="true" cyclomaticComplexity="0" nPathComplexity="0" sequenceCoverage="100.0" branchCoverage="0" crapScore="0" isConstructor="false" isStatic="true" isGetter="false" isSetter="false">
              <Summary numSequencePoints="10" visitedSequencePoints="10" numBranchPoints="0" visitedBranchPoints="0" sequenceCoverage="100.0" branchCoverage="0" maxCyclomaticComplexity="0" minCyclomaticComplexity="0" maxCrapScore="0" minCrapScore="0" visitedClasses="0" numClasses="0" visitedMethods="1" numMethods="1" />
              <MetadataToken>100663338</MetadataToken>
              <Name>static Core.GameRules Core.GameRules::Create(System.Int32, System.Int32, System.Single, System.Single, System.Single, System.Single)</Name>
              <FileRef uid="6" />
              <SequencePoints>
                <SequencePoint vc="4" uspid="170" ordinal="0" offset="0" sl="47" sc="9" el="47" ec="9" bec="0" bev="0" fileid="6" />
                <SequencePoint vc="4" uspid="171" ordinal="0" offset="1" sl="48" sc="13" el="48" ec="13" bec="0" bev="0" fileid="6" />
                <SequencePoint vc="4" uspid="172" ordinal="0" offset="7" sl="49" sc="13" el="49" ec="13" bec="0" bev="0" fileid="6" />
                <SequencePoint vc="4" uspid="173" ordinal="0" offset="14" sl="50" sc="13" el="50" ec="13" bec="0" bev="0" fileid="6" />
                <SequencePoint vc="4" uspid="174" ordinal="0" offset="21" sl="51" sc="13" el="51" ec="13" bec="0" bev="0" fileid="6" />
                <SequencePoint vc="4" uspid="175" ordinal="0" offset="28" sl="52" sc="13" el="52" ec="13" bec="0" bev="0" fileid="6" />
                <SequencePoint vc="4" uspid="176" ordinal="0" offset="35" sl="53" sc="13" el="53" ec="13" bec="0" bev="0" fileid="6" />
                <SequencePoint vc="4" uspid="177" ordinal="0" offset="43" sl="54" sc="13" el="54" ec="13" bec="0" bev="0" fileid="6" />
                <SequencePoint vc="4" uspid="178" ordinal="0" offset="51" sl="55" sc="13" el="55" ec="13" bec="0" bev="0" fileid="6" />
                <SequencePoint vc="4" uspid="179" ordinal="0" offset="55" sl="56" sc="9" el="56" ec="9" bec="0" bev="0" fileid="6" />
              </SequencePoints>
              <BranchPoints />
            </Method>
          </Methods>
        </Class>
        <Class>
          <Summary numSequencePoints="46" visitedSequencePoints="0" numBranchPoints="0" visitedBranchPoints="0" sequenceCoverage="0.0" branchCoverage="0.0" maxCyclomaticComplexity="0" minCyclomaticComplexity="0" maxCrapScore="0" minCrapScore="0" visitedClasses="0" numClasses="1" visitedMethods="0" numMethods="10" />
          <FullName>Input.GameInputActions/PlayerActions</FullName>
          <Methods>
            <Method visited="false" cyclomaticComplexity="0" nPathComplexity="0" sequenceCoverage="0.0" branchCoverage="0" crapScore="0" isConstructor="false" isStatic="false" isGetter="true" isSetter="false">
              <Summary numSequencePoints="1" visitedSequencePoints="0" numBranchPoints="0" visitedBranchPoints="0" sequenceCoverage="0.0" branchCoverage="0" maxCyclomaticComplexity="0" minCyclomaticComplexity="0" maxCrapScore="0" minCrapScore="0" visitedClasses="0" numClasses="0" visitedMethods="0" numMethods="1" />
              <MetadataToken>100663341</MetadataToken>
              <Name>UnityEngine.InputSystem.InputAction Input.GameInputActions/PlayerActions::get_Move()</Name>
              <FileRef uid="1" />
              <SequencePoints>
                <SequencePoint vc="0" uspid="180" ordinal="0" offset="0" sl="946" sc="0" el="946" ec="0" bec="0" bev="0" fileid="1" />
              </SequencePoints>
              <BranchPoints />
            </Method>
            <Method visited="false" cyclomaticComplexity="0" nPathComplexity="0" sequenceCoverage="0.0" branchCoverage="0" crapScore="0" isConstructor="false" isStatic="false" isGetter="true" isSetter="false">
              <Summary numSequencePoints="1" visitedSequencePoints="0" numBranchPoints="0" visitedBranchPoints="0" sequenceCoverage="0.0" branchCoverage="0" maxCyclomaticComplexity="0" minCyclomaticComplexity="0" maxCrapScore="0" minCrapScore="0" visitedClasses="0" numClasses="0" visitedMethods="0" numMethods="1" />
              <MetadataToken>100663342</MetadataToken>
              <Name>UnityEngine.InputSystem.InputAction Input.GameInputActions/PlayerActions::get_Look()</Name>
              <FileRef uid="1" />
              <SequencePoints>
                <SequencePoint vc="0" uspid="181" ordinal="0" offset="0" sl="947" sc="0" el="947" ec="0" bec="0" bev="0" fileid="1" />
              </SequencePoints>
              <BranchPoints />
            </Method>
            <Method visited="false" cyclomaticComplexity="0" nPathComplexity="0" sequenceCoverage="0.0" branchCoverage="0" crapScore="0" isConstructor="false" isStatic="false" isGetter="true" isSetter="false">
              <Summary numSequencePoints="1" visitedSequencePoints="0" numBranchPoints="0" visitedBranchPoints="0" sequenceCoverage="0.0" branchCoverage="0" maxCyclomaticComplexity="0" minCyclomaticComplexity="0" maxCrapScore="0" minCrapScore="0" visitedClasses="0" numClasses="0" visitedMethods="0" numMethods="1" />
              <MetadataToken>100663343</MetadataToken>
              <Name>UnityEngine.InputSystem.InputAction Input.GameInputActions/PlayerActions::get_Fire()</Name>
              <FileRef uid="1" />
              <SequencePoints>
                <SequencePoint vc="0" uspid="182" ordinal="0" offset="0" sl="948" sc="0" el="948" ec="0" bec="0" bev="0" fileid="1" />
              </SequencePoints>
              <BranchPoints />
            </Method>
            <Method visited="false" cyclomaticComplexity="0" nPathComplexity="0" sequenceCoverage="0.0" branchCoverage="0" crapScore="0" isConstructor="false" isStatic="false" isGetter="false" isSetter="false">
              <Summary numSequencePoints="3" visitedSequencePoints="0" numBranchPoints="0" visitedBranchPoints="0" sequenceCoverage="0.0" branchCoverage="0" maxCyclomaticComplexity="0" minCyclomaticComplexity="0" maxCrapScore="0" minCrapScore="0" visitedClasses="0" numClasses="0" visitedMethods="0" numMethods="1" />
              <MetadataToken>100663344</MetadataToken>
              <Name>UnityEngine.InputSystem.InputActionMap Input.GameInputActions/PlayerActions::Get()</Name>
              <FileRef uid="1" />
              <SequencePoints>
                <SequencePoint vc="0" uspid="183" ordinal="0" offset="0" sl="949" sc="0" el="949" ec="0" bec="0" bev="0" fileid="1" />
                <SequencePoint vc="0" uspid="184" ordinal="0" offset="1" sl="949" sc="0" el="949" ec="0" bec="0" bev="0" fileid="1" />
                <SequencePoint vc="0" uspid="185" ordinal="0" offset="15" sl="949" sc="0" el="949" ec="0" bec="0" bev="0" fileid="1" />
              </SequencePoints>
              <BranchPoints />
            </Method>
            <Method visited="false" cyclomaticComplexity="0" nPathComplexity="0" sequenceCoverage="0.0" branchCoverage="0" crapScore="0" isConstructor="false" isStatic="false" isGetter="false" isSetter="false">
              <Summary numSequencePoints="3" visitedSequencePoints="0" numBranchPoints="0" visitedBranchPoints="0" sequenceCoverage="0.0" branchCoverage="0" maxCyclomaticComplexity="0" minCyclomaticComplexity="0" maxCrapScore="0" minCrapScore="0" visitedClasses="0" numClasses="0" visitedMethods="0" numMethods="1" />
              <MetadataToken>100663345</MetadataToken>
              <Name>System.Void Input.GameInputActions/PlayerActions::Enable()</Name>
              <FileRef uid="1" />
              <SequencePoints>
                <SequencePoint vc="0" uspid="186" ordinal="0" offset="0" sl="950" sc="0" el="950" ec="0" bec="0" bev="0" fileid="1" />
                <SequencePoint vc="0" uspid="187" ordinal="0" offset="1" sl="950" sc="0" el="950" ec="0" bec="0" bev="0" fileid="1" />
                <SequencePoint vc="0" uspid="188" ordinal="0" offset="13" sl="950" sc="0" el="950" ec="0" bec="0" bev="0" fileid="1" />
              </SequencePoints>
              <BranchPoints />
            </Method>
            <Method visited="false" cyclomaticComplexity="0" nPathComplexity="0" sequenceCoverage="0.0" branchCoverage="0" crapScore="0" isConstructor="false" isStatic="false" isGetter="false" isSetter="false">
              <Summary numSequencePoints="3" visitedSequencePoints="0" numBranchPoints="0" visitedBranchPoints="0" sequenceCoverage="0.0" branchCoverage="0" maxCyclomaticComplexity="0" minCyclomaticComplexity="0" maxCrapScore="0" minCrapScore="0" visitedClasses="0" numClasses="0" visitedMethods="0" numMethods="1" />
              <MetadataToken>100663346</MetadataToken>
              <Name>System.Void Input.GameInputActions/PlayerActions::Disable()</Name>
              <FileRef uid="1" />
              <SequencePoints>
                <SequencePoint vc="0" uspid="189" ordinal="0" offset="0" sl="951" sc="0" el="951" ec="0" bec="0" bev="0" fileid="1" />
                <SequencePoint vc="0" uspid="190" ordinal="0" offset="1" sl="951" sc="0" el="951" ec="0" bec="0" bev="0" fileid="1" />
                <SequencePoint vc="0" uspid="191" ordinal="0" offset="13" sl="951" sc="0" el="951" ec="0" bec="0" bev="0" fileid="1" />
              </SequencePoints>
              <BranchPoints />
            </Method>
            <Method visited="false" cyclomaticComplexity="0" nPathComplexity="0" sequenceCoverage="0.0" branchCoverage="0" crapScore="0" isConstructor="false" isStatic="false" isGetter="true" isSetter="false">
              <Summary numSequencePoints="1" visitedSequencePoints="0" numBranchPoints="0" visitedBranchPoints="0" sequenceCoverage="0.0" branchCoverage="0" maxCyclomaticComplexity="0" minCyclomaticComplexity="0" maxCrapScore="0" minCrapScore="0" visitedClasses="0" numClasses="0" visitedMethods="0" numMethods="1" />
              <MetadataToken>100663347</MetadataToken>
              <Name>System.Boolean Input.GameInputActions/PlayerActions::get_enabled()</Name>
              <FileRef uid="1" />
              <SequencePoints>
                <SequencePoint vc="0" uspid="192" ordinal="0" offset="0" sl="952" sc="0" el="952" ec="0" bec="0" bev="0" fileid="1" />
              </SequencePoints>
              <BranchPoints />
            </Method>
            <Method visited="false" cyclomaticComplexity="0" nPathComplexity="0" sequenceCoverage="0.0" branchCoverage="0" crapScore="0" isConstructor="false" isStatic="true" isGetter="false" isSetter="false">
              <Summary numSequencePoints="3" visitedSequencePoints="0" numBranchPoints="0" visitedBranchPoints="0" sequenceCoverage="0.0" branchCoverage="0" maxCyclomaticComplexity="0" minCyclomaticComplexity="0" maxCrapScore="0" minCrapScore="0" visitedClasses="0" numClasses="0" visitedMethods="0" numMethods="1" />
              <MetadataToken>100663348</MetadataToken>
              <Name>static UnityEngine.InputSystem.InputActionMap Input.GameInputActions/PlayerActions::implicit operator UnityEngine.InputSystem.InputActionMap(Input.GameInputActions/PlayerActions)</Name>
              <FileRef uid="1" />
              <SequencePoints>
                <SequencePoint vc="0" uspid="193" ordinal="0" offset="0" sl="953" sc="0" el="953" ec="0" bec="0" bev="0" fileid="1" />
                <SequencePoint vc="0" uspid="194" ordinal="0" offset="1" sl="953" sc="0" el="953" ec="0" bec="0" bev="0" fileid="1" />
                <SequencePoint vc="0" uspid="195" ordinal="0" offset="11" sl="953" sc="0" el="953" ec="0" bec="0" bev="0" fileid="1" />
              </SequencePoints>
              <BranchPoints />
            </Method>
            <Method visited="false" cyclomaticComplexity="0" nPathComplexity="0" sequenceCoverage="0.0" branchCoverage="0" crapScore="0" isConstructor="false" isStatic="false" isGetter="false" isSetter="false">
              <Summary numSequencePoints="27" visitedSequencePoints="0" numBranchPoints="0" visitedBranchPoints="0" sequenceCoverage="0.0" branchCoverage="0" maxCyclomaticComplexity="0" minCyclomaticComplexity="0" maxCrapScore="0" minCrapScore="0" visitedClasses="0" numClasses="0" visitedMethods="0" numMethods="1" />
              <MetadataToken>100663349</MetadataToken>
              <Name>System.Void Input.GameInputActions/PlayerActions::SetCallbacks(Input.GameInputActions/IPlayerActions)</Name>
              <FileRef uid="1" />
              <SequencePoints>
                <SequencePoint vc="0" uspid="196" ordinal="0" offset="0" sl="955" sc="0" el="955" ec="0" bec="0" bev="0" fileid="1" />
                <SequencePoint vc="0" uspid="197" ordinal="0" offset="1" sl="956" sc="0" el="956" ec="0" bec="0" bev="0" fileid="1" />
                <SequencePoint vc="0" uspid="198" ordinal="0" offset="22" sl="957" sc="0" el="957" ec="0" bec="0" bev="0" fileid="1" />
                <SequencePoint vc="0" uspid="199" ordinal="0" offset="23" sl="958" sc="0" el="958" ec="0" bec="0" bev="0" fileid="1" />
                <SequencePoint vc="0" uspid="200" ordinal="0" offset="58" sl="959" sc="0" el="959" ec="0" bec="0" bev="0" fileid="1" />
                <SequencePoint vc="0" uspid="201" ordinal="0" offset="93" sl="960" sc="0" el="960" ec="0" bec="0" bev="0" fileid="1" />
                <SequencePoint vc="0" uspid="202" ordinal="0" offset="128" sl="961" sc="0" el="961" ec="0" bec="0" bev="0" fileid="1" />
                <SequencePoint vc="0" uspid="203" ordinal="0" offset="163" sl="962" sc="0" el="962" ec="0" bec="0" bev="0" fileid="1" />
                <SequencePoint vc="0" uspid="204" ordinal="0" offset="198" sl="963" sc="0" el="963" ec="0" bec="0" bev="0" fileid="1" />
                <SequencePoint vc="0" uspid="205" ordinal="0" offset="233" sl="964" sc="0" el="964" ec="0" bec="0" bev="0" fileid="1" />
                <SequencePoint vc="0" uspid="206" ordinal="0" offset="268" sl="965" sc="0" el="965" ec="0" bec="0" bev="0" fileid="1" />
                <SequencePoint vc="0" uspid="207" ordinal="0" offset="303" sl="966" sc="0" el="966" ec="0" bec="0" bev="0" fileid="1" />
                <SequencePoint vc="0" uspid="208" ordinal="0" offset="338" sl="967" sc="0" el="967" ec="0" bec="0" bev="0" fileid="1" />
                <SequencePoint vc="0" uspid="209" ordinal="0" offset="339" sl="968" sc="0" el="968" ec="0" bec="0" bev="0" fileid="1" />
                <SequencePoint vc="0" uspid="210" ordinal="0" offset="351" sl="969" sc="0" el="969" ec="0" bec="0" bev="0" fileid="1" />
                <SequencePoint vc="0" uspid="211" ordinal="0" offset="362" sl="970" sc="0" el="970" ec="0" bec="0" bev="0" fileid="1" />
                <SequencePoint vc="0" uspid="212" ordinal="0" offset="363" sl="971" sc="0" el="971" ec="0" bec="0" bev="0" fileid="1" />
                <SequencePoint vc="0" uspid="213" ordinal="0" offset="388" sl="972" sc="0" el="972" ec="0" bec="0" bev="0" fileid="1" />
                <SequencePoint vc="0" uspid="214" ordinal="0" offset="413" sl="973" sc="0" el="973" ec="0" bec="0" bev="0" fileid="1" />
                <SequencePoint vc="0" uspid="215" ordinal="0" offset="438" sl="974" sc="0" el="974" ec="0" bec="0" bev="0" fileid="1" />
                <SequencePoint vc="0" uspid="216" ordinal="0" offset="463" sl="975" sc="0" el="975" ec="0" bec="0" bev="0" fileid="1" />
                <SequencePoint vc="0" uspid="217" ordinal="0" offset="488" sl="976" sc="0" el="976" ec="0" bec="0" bev="0" fileid="1" />
                <SequencePoint vc="0" uspid="218" ordinal="0" offset="513" sl="977" sc="0" el="977" ec="0" bec="0" bev="0" fileid="1" />
                <SequencePoint vc="0" uspid="219" ordinal="0" offset="538" sl="978" sc="0" el="978" ec="0" bec="0" bev="0" fileid="1" />
                <SequencePoint vc="0" uspid="220" ordinal="0" offset="563" sl="979" sc="0" el="979" ec="0" bec="0" bev="0" fileid="1" />
                <SequencePoint vc="0" uspid="221" ordinal="0" offset="588" sl="980" sc="0" el="980" ec="0" bec="0" bev="0" fileid="1" />
                <SequencePoint vc="0" uspid="222" ordinal="0" offset="589" sl="981" sc="0" el="981" ec="0" bec="0" bev="0" fileid="1" />
              </SequencePoints>
              <BranchPoints />
            </Method>
            <Method visited="false" cyclomaticComplexity="0" nPathComplexity="0" sequenceCoverage="0.0" branchCoverage="0" crapScore="0" isConstructor="true" isStatic="false" isGetter="false" isSetter="false">
              <Summary numSequencePoints="3" visitedSequencePoints="0" numBranchPoints="0" visitedBranchPoints="0" sequenceCoverage="0.0" branchCoverage="0" maxCyclomaticComplexity="0" minCyclomaticComplexity="0" maxCrapScore="0" minCrapScore="0" visitedClasses="0" numClasses="0" visitedMethods="0" numMethods="1" />
              <MetadataToken>100663340</MetadataToken>
              <Name>Input.GameInputActions/PlayerActions::PlayerActions(Input.GameInputActions)</Name>
              <FileRef uid="1" />
              <SequencePoints>
                <SequencePoint vc="0" uspid="223" ordinal="0" offset="0" sl="945" sc="0" el="945" ec="0" bec="0" bev="0" fileid="1" />
                <SequencePoint vc="0" uspid="224" ordinal="0" offset="1" sl="945" sc="0" el="945" ec="0" bec="0" bev="0" fileid="1" />
                <SequencePoint vc="0" uspid="225" ordinal="0" offset="8" sl="945" sc="0" el="945" ec="0" bec="0" bev="0" fileid="1" />
              </SequencePoints>
              <BranchPoints />
            </Method>
          </Methods>
        </Class>
        <Class>
          <Summary numSequencePoints="95" visitedSequencePoints="0" numBranchPoints="0" visitedBranchPoints="0" sequenceCoverage="0.0" branchCoverage="0.0" maxCyclomaticComplexity="0" minCyclomaticComplexity="0" maxCrapScore="0" minCrapScore="0" visitedClasses="0" numClasses="1" visitedMethods="0" numMethods="17" />
          <FullName>Input.GameInputActions/UIActions</FullName>
          <Methods>
            <Method visited="false" cyclomaticComplexity="0" nPathComplexity="0" sequenceCoverage="0.0" branchCoverage="0" crapScore="0" isConstructor="false" isStatic="false" isGetter="true" isSetter="false">
              <Summary numSequencePoints="1" visitedSequencePoints="0" numBranchPoints="0" visitedBranchPoints="0" sequenceCoverage="0.0" branchCoverage="0" maxCyclomaticComplexity="0" minCyclomaticComplexity="0" maxCrapScore="0" minCrapScore="0" visitedClasses="0" numClasses="0" visitedMethods="0" numMethods="1" />
              <MetadataToken>100663351</MetadataToken>
              <Name>UnityEngine.InputSystem.InputAction Input.GameInputActions/UIActions::get_Navigate()</Name>
              <FileRef uid="1" />
              <SequencePoints>
                <SequencePoint vc="0" uspid="226" ordinal="0" offset="0" sl="1002" sc="0" el="1002" ec="0" bec="0" bev="0" fileid="1" />
              </SequencePoints>
              <BranchPoints />
            </Method>
[...]
              <Summary numSequencePoints="69" visitedSequencePoints="0" numBranchPoints="0" visitedBranchPoints="0" sequenceCoverage="0.0" branchCoverage="0" maxCyclomaticComplexity="0" minCyclomaticComplexity="0" maxCrapScore="0" minCrapScore="0" visitedClasses="0" numClasses="0" visitedMethods="0" numMethods="1" />
              <MetadataToken>100663366</MetadataToken>
              <Name>System.Void Input.GameInputActions/UIActions::SetCallbacks(Input.GameInputActions/IUIActions)</Name>
              <FileRef uid="1" />
              <SequencePoints>
                <SequencePoint vc="0" uspid="249" ordinal="0" offset="0" sl="1018" sc="0" el="1018" ec="0" bec="0" bev="0" fileid="1" />
                <SequencePoint vc="0" uspid="250" ordinal="0" offset="1" sl="1019" sc="0" el="1019" ec="0" bec="0" bev="0" fileid="1" />
                <SequencePoint vc="0" uspid="251" ordinal="0" offset="22" sl="1020" sc="0" el="1020" ec="0" bec="0" bev="0" fileid="1" />
                <SequencePoint vc="0" uspid="252" ordinal="0" offset="23" sl="1021" sc="0" el="1021" ec="0" bec="0" bev="0" fileid="1" />
                <SequencePoint vc="0" uspid="253" ordinal="0" offset="58" sl="1022" sc="0" el="1022" ec="0" bec="0" bev="0" fileid="1" />
                <SequencePoint vc="0" uspid="254" ordinal="0" offset="93" sl="1023" sc="0" el="1023" ec="0" bec="0" bev="0" fileid="1" />
                <SequencePoint vc="0" uspid="255" ordinal="0" offset="128" sl="1024" sc="0" el="1024" ec="0" bec="0" bev="0" fileid="1" />
                <SequencePoint vc="0" uspid="256" ordinal="0" offset="163" sl="1025" sc="0" el="1025" ec="0" bec="0" bev="0" fileid="1" />
                <SequencePoint vc="0" uspid="257" ordinal="0" offset="198" sl="1026" sc="0" el="1026" ec="0" bec="0" bev="0" fileid="1" />
                <SequencePoint vc="0" uspid="258" ordinal="0" offset="233" sl="1027" sc="0" el="1027" ec="0" bec="0" bev="0" fileid="1" />
                <SequencePoint vc="0" uspid="259" ordinal="0" offset="268" sl="1028" sc="0" el="1028" ec="0" bec="0" bev="0" fileid="1" />
                <SequencePoint vc="0" uspid="260" ordinal="0" offset="303" sl="1029" sc="0" el="1029" ec="0" bec="0" bev="0" fileid="1" />
                <SequencePoint vc="0" uspid="261" ordinal="0" offset="338" sl="1030" sc="0" el="1030" ec="0" bec="0" bev="0" fileid="1" />
                <SequencePoint vc="0" uspid="262" ordinal="0" offset="373" sl="1031" sc="0" el="1031" ec="0" bec="0" bev="0" fileid="1" />
                <SequencePoint vc="0" uspid="263" ordinal="0" offset="408" sl="1032" sc="0" el="1032" ec="0" bec="0" bev="0" fileid="1" />
                <SequencePoint vc="0" uspid="264" ordinal="0" offset="443" sl="1033" sc="0" el="1033" ec="0" bec="0" bev="0" fileid="1" />
                <SequencePoint vc="0" uspid="265" ordinal="0" offset="478" sl="1034" sc="0" el="1034" ec="0" bec="0" bev="0" fileid="1" />
                <SequencePoint vc="0" uspid="266" ordinal="0" offset="513" sl="1035" sc="0" el="1035" ec="0" bec="0" bev="0" fileid="1" />
                <SequencePoint vc="0" uspid="267" ordinal="0" offset="548" sl="1036" sc="0" el="1036" ec="0" bec="0" bev="0" fileid="1" />
                <SequencePoint vc="0" uspid="268" ordinal="0" offset="583" sl="1037" sc="0" el="1037" ec="0" bec="0" bev="0" fileid="1" />
                <SequencePoint vc="0" uspid="269" ordinal="0" offset="618" sl="1038" sc="0" el="1038" ec="0" bec="0" bev="0" fileid="1" />
                <SequencePoint vc="0" uspid="270" ordinal="0" offset="653" sl="1039" sc="0" el="1039" ec="0" bec="0" bev="0" fileid="1" />
                <SequencePoint vc="0" uspid="271" ordinal="0" offset="688" sl="1040" sc="0" el="1040" ec="0" bec="0" bev="0" fileid="1" />
                <SequencePoint vc="0" uspid="272" ordinal="0" offset="723" sl="1041" sc="0" el="1041" ec="0" bec="0" bev="0" fileid="1" />
                <SequencePoint vc="0" uspid="273" ordinal="0" offset="758" sl="1042" sc="0" el="1042" ec="0" bec="0" bev="0" fileid="1" />
                <SequencePoint vc="0" uspid="274" ordinal="0" offset="793" sl="1043" sc="0" el="1043" ec="0" bec="0" bev="0" fileid="1" />
                <SequencePoint vc="0" uspid="275" ordinal="0" offset="828" sl="1044" sc="0" el="1044" ec="0" bec="0" bev="0" fileid="1" />
                <SequencePoint vc="0" uspid="276" ordinal="0" offset="863" sl="1045" sc="0" el="1045" ec="0" bec="0" bev="0" fileid="1" />
                <SequencePoint vc="0" uspid="277" ordinal="0" offset="898" sl="1046" sc="0" el="1046" ec="0" bec="0" bev="0" fileid="1" />
                <SequencePoint vc="0" uspid="278" ordinal="0" offset="933" sl="1047" sc="0" el="1047" ec="0" bec="0" bev="0" fileid="1" />
                <SequencePoint vc="0" uspid="279" ordinal="0" offset="968" sl="1048" sc="0" el="1048" ec="0" bec="0" bev="0" fileid="1" />
                <SequencePoint vc="0" uspid="280" ordinal="0" offset="1003" sl="1049" sc="0" el="1049" ec="0" bec="0" bev="0" fileid="1" />
                <SequencePoint vc="0" uspid="281" ordinal="0" offset="1038" sl="1050" sc="0" el="1050" ec="0" bec="0" bev="0" fileid="1" />
                <SequencePoint vc="0" uspid="282" ordinal="0" offset="1073" sl="1051" sc="0" el="1051" ec="0" bec="0" bev="0" fileid="1" />
                <SequencePoint vc="0" uspid="283" ordinal="0" offset="1074" sl="1052" sc="0" el="1052" ec="0" bec="0" bev="0" fileid="1" />
                <SequencePoint vc="0" uspid="284" ordinal="0" offset="1086" sl="1053" sc="0" el="1053" ec="0" bec="0" bev="0" fileid="1" />
                <SequencePoint vc="0" uspid="285" ordinal="0" offset="1097" sl="1054" sc="0" el="1054" ec="0" bec="0" bev="0" fileid="1" />
                <SequencePoint vc="0" uspid="286" ordinal="0" offset="1098" sl="1055" sc="0" el="1055" ec="0" bec="0" bev="0" fileid="1" />
                <SequencePoint vc="0" uspid="287" ordinal="0" offset="1123" sl="1056" sc="0" el="1056" ec="0" bec="0" bev="0" fileid="1" />
                <SequencePoint vc="0" uspid="288" ordinal="0" offset="1148" sl="1057" sc="0" el="1057" ec="0" bec="0" bev="0" fileid="1" />
                <SequencePoint vc="0" uspid="289" ordinal="0" offset="1173" sl="1058" sc="0" el="1058" ec="0" bec="0" bev="0" fileid="1" />
                <SequencePoint vc="0" uspid="290" ordinal="0" offset="1198" sl="1059" sc="0" el="1059" ec="0" bec="0" bev="0" fileid="1" />
                <SequencePoint vc="0" uspid="291" ordinal="0" offset="1223" sl="1060" sc="0" el="1060" ec="0" bec="0" bev="0" fileid="1" />
                <SequencePoint vc="0" uspid="292" ordinal="0" offset="1248" sl="1061" sc="0" el="1061" ec="0" bec="0" bev="0" fileid="1" />
                <SequencePoint vc="0" uspid="293" ordinal="0" offset="1273" sl="1062" sc="0" el="1062" ec="0" bec="0" bev="0" fileid="1" />
                <SequencePoint vc="0" uspid="294" ordinal="0" offset="1298" sl="1063" sc="0" el="1063" ec="0" bec="0" bev="0" fileid="1" />
                <SequencePoint vc="0" uspid="295" ordinal="0" offset="1323" sl="1064" sc="0" el="1064" ec="0" bec="0" bev="0" fileid="1" />
                <SequencePoint vc="0" uspid="296" ordinal="0" offset="1348" sl="1065" sc="0" el="1065" ec="0" bec="0" bev="0" fileid="1" />
                <SequencePoint vc="0" uspid="297" ordinal="0" offset="1373" sl="1066" sc="0" el="1066" ec="0" bec="0" bev="0" fileid="1" />
                <SequencePoint vc="0" uspid="298" ordinal="0" offset="1398" sl="1067" sc="0" el="1067" ec="0" bec="0" bev="0" fileid="1" />
                <SequencePoint vc="0" uspid="299" ordinal="0" offset="1423" sl="1068" sc="0" el="1068" ec="0" bec="0" bev="0" fileid="1" />
                <SequencePoint vc="0" uspid="300" ordinal="0" offset="1448" sl="1069" sc="0" el="1069" ec="0" bec="0" bev="0" fileid="1" />
                <SequencePoint vc="0" uspid="301" ordinal="0" offset="1473" sl="1070" sc="0" el="1070" ec="0" bec="0" bev="0" fileid="1" />
                <SequencePoint vc="0" uspid="302" ordinal="0" offset="1498" sl="1071" sc="0" el="1071" ec="0" bec="0" bev="0" fileid="1" />
                <SequencePoint vc="0" uspid="303" ordinal="0" offset="1523" sl="1072" sc="0" el="1072" ec="0" bec="0" bev="0" fileid="1" />
                <SequencePoint vc="0" uspid="304" ordinal="0" offset="1548" sl="1073" sc="0" el="1073" ec="0" bec="0" bev="0" fileid="1" />
                <SequencePoint vc="0" uspid="305" ordinal="0" offset="1573" sl="1074" sc="0" el="1074" ec="0" bec="0" bev="0" fileid="1" />
                <SequencePoint vc="0" uspid="306" ordinal="0" offset="1598" sl="1075" sc="0" el="1075" ec="0" bec="0" bev="0" fileid="1" />
                <SequencePoint vc="0" uspid="307" ordinal="0" offset="1623" sl="1076" sc="0" el="1076" ec="0" bec="0" bev="0" fileid="1" />
                <SequencePoint vc="0" uspid="308" ordinal="0" offset="1648" sl="1077" sc="0" el="1077" ec="0" bec="0" bev="0" fileid="1" />
                <SequencePoint vc="0" uspid="309" ordinal="0" offset="1673" sl="1078" sc="0" el="1078" ec="0" bec="0" bev="0" fileid="1" />
                <SequencePoint vc="0" uspid="310" ordinal="0" offset="1698" sl="1079" sc="0" el="1079" ec="0" bec="0" bev="0" fileid="1" />
                <SequencePoint vc="0" uspid="311" ordinal="0" offset="1723" sl="1080" sc="0" el="1080" ec="0" bec="0" bev="0" fileid="1" />
                <SequencePoint vc="0" uspid="312" ordinal="0" offset="1748" sl="1081" sc="0" el="1081" ec="0" bec="0" bev="0" fileid="1" />
                <SequencePoint vc="0" uspid="313" ordinal="0" offset="1773" sl="1082" sc="0" el="1082" ec="0" bec="0" bev="0" fileid="1" />
                <SequencePoint vc="0" uspid="314" ordinal="0" offset="1798" sl="1083" sc="0" el="1083" ec="0" bec="0" bev="0" fileid="1" />
                <SequencePoint vc="0" uspid="315" ordinal="0" offset="1823" sl="1084" sc="0" el="1084" ec="0" bec="0" bev="0" fileid="1" />
                <SequencePoint vc="0" uspid="316" ordinal="0" offset="1848" sl="1085" sc="0" el="1085" ec="0" bec="0" bev="0" fileid="1" />
                <SequencePoint vc="0" uspid="317" ordinal="0" offset="1849" sl="1086" sc="0" el="1086" ec="0" bec="0" bev="0" fileid="1" />
              </SequencePoints>
              <BranchPoints />
            </Method>
            <Method visited="false" cyclomaticComplexity="0" nPathComplexity="0" sequenceCoverage="0.0" branchCoverage="0" crapScore="0" isConstructor="true" isStatic="false" isGetter="false" isSetter="false">
              <Summary numSequencePoints="3" visitedSequencePoints="0" numBranchPoints="0" visitedBranchPoints="0" sequenceCoverage="0.0" branchCoverage="0" maxCyclomaticComplexity="0" minCyclomaticComplexity="0" maxCrapScore="0" minCrapScore="0" visitedClasses="0" numClasses="0" visitedMethods="0" numMethods="1" />
              <MetadataToken>100663350</MetadataToken>
              <Name>Input.GameInputActions/UIActions::UIActions(Input.GameInputActions)</Name>
              <FileRef uid="1" />
              <SequencePoints>
                <SequencePoint vc="0" uspid="318" ordinal="0" offset="0" sl="1001" sc="0" el="1001" ec="0" bec="0" bev="0" fileid="1" />
                <SequencePoint vc="0" uspid="319" ordinal="0" offset="1" sl="1001" sc="0" el="1001" ec="0" bec="0" bev="0" fileid="1" />
                <SequencePoint vc="0" uspid="320" ordinal="0" offset="8" sl="1001" sc="0" el="1001" ec="0" bec="0" bev="0" fileid="1" />
              </SequencePoints>
              <BranchPoints />
            </Method>
          </Methods>
        </Class>
        <Class>
          <Summary numSequencePoints="14" visitedSequencePoints="14" numBranchPoints="0" visitedBranchPoints="0" sequenceCoverage="100.0" branchCoverage="0.0" maxCyclomaticComplexity="0" minCyclomaticComplexity="0" maxCrapScore="0" minCrapScore="0" visitedClasses="1" numClasses="1" visitedMethods="1" numMethods="1" />
          <FullName>Core.EnemyClassUtils/&lt;GetValuesFromClass&gt;d__1</FullName>
          <Methods>
            <Method visited="true" cyclomaticComplexity="0" nPathComplexity="0" sequenceCoverage="100.0" branchCoverage="0" crapScore="0" isConstructor="false" isStatic="false" isGetter="false" isSetter="false">
              <Summary numSequencePoints="14" visitedSequencePoints="14" numBranchPoints="0" visitedBranchPoints="0" sequenceCoverage="100.0" branchCoverage="0" maxCyclomaticComplexity="0" minCyclomaticComplexity="0" maxCrapScore="0" minCrapScore="0" visitedClasses="0" numClasses="0" visitedMethods="1" numMethods="1" />
              <MetadataToken>100663382</MetadataToken>
              <Name>System.Boolean Core.EnemyClassUtils/&lt;GetValuesFromClass&gt;d__1::MoveNext()</Name>
              <FileRef uid="3" />
              <SequencePoints>
                <SequencePoint vc="4" uspid="321" ordinal="0" offset="34" sl="53" sc="9" el="53" ec="9" bec="0" bev="0" fileid="3" />
                <SequencePoint vc="4" uspid="322" ordinal="0" offset="35" sl="55" sc="13" el="55" ec="13" bec="0" bev="0" fileid="3" />
                <SequencePoint vc="4" uspid="323" ordinal="0" offset="58" sl="56" sc="13" el="56" ec="13" bec="0" bev="0" fileid="3" />
                <SequencePoint vc="4" uspid="324" ordinal="0" offset="81" sl="58" sc="18" el="58" ec="18" bec="0" bev="0" fileid="3" />
                <SequencePoint vc="60" uspid="325" ordinal="0" offset="95" sl="59" sc="13" el="59" ec="13" bec="0" bev="0" fileid="3" />
                <SequencePoint vc="60" uspid="326" ordinal="0" offset="96" sl="60" sc="17" el="60" ec="17" bec="0" bev="0" fileid="3" />
                <SequencePoint vc="60" uspid="327" ordinal="0" offset="113" sl="61" sc="17" el="61" ec="17" bec="0" bev="0" fileid="3" />
                <SequencePoint vc="15" uspid="328" ordinal="0" offset="131" sl="62" sc="17" el="62" ec="17" bec="0" bev="0" fileid="3" />
                <SequencePoint vc="15" uspid="329" ordinal="0" offset="132" sl="63" sc="21" el="63" ec="21" bec="0" bev="0" fileid="3" />
                <SequencePoint vc="15" uspid="330" ordinal="0" offset="160" sl="64" sc="17" el="64" ec="17" bec="0" bev="0" fileid="3" />
                <SequencePoint vc="60" uspid="331" ordinal="0" offset="161" sl="65" sc="13" el="65" ec="13" bec="0" bev="0" fileid="3" />
                <SequencePoint vc="60" uspid="332" ordinal="0" offset="162" sl="58" sc="41" el="58" ec="41" bec="0" bev="0" fileid="3" />
                <SequencePoint vc="64" uspid="333" ordinal="0" offset="178" sl="58" sc="31" el="58" ec="31" bec="0" bev="0" fileid="3" />
                <SequencePoint vc="4" uspid="334" ordinal="0" offset="199" sl="66" sc="9" el="66" ec="9" bec="0" bev="0" fileid="3" />
              </SequencePoints>
              <BranchPoints />
            </Method>
          </Methods>
        </Class>
        <Class>
          <Summary numSequencePoints="5" visitedSequencePoints="5" numBranchPoints="0" visitedBranchPoints="0" sequenceCoverage="100.0" branchCoverage="0.0" maxCyclomaticComplexity="0" minCyclomaticComplexity="0" maxCrapScore="0" minCrapScore="0" visitedClasses="1" numClasses="1" visitedMethods="1" numMethods="1" />
          <FullName>Core.GameMechanics/&lt;&gt;c__DisplayClass1_0</FullName>
          <Methods>
            <Method visited="true" cyclomaticComplexity="0" nPathComplexity="0" sequenceCoverage="100.0" branchCoverage="0" crapScore="0" isConstructor="false" isStatic="false" isGetter="false" isSetter="false">
              <Summary numSequencePoints="5" visitedSequencePoints="5" numBranchPoints="0" visitedBranchPoints="0" sequenceCoverage="100.0" branchCoverage="0" maxCyclomaticComplexity="0" minCyclomaticComplexity="0" maxCrapScore="0" minCrapScore="0" visitedClasses="0" numClasses="0" visitedMethods="1" numMethods="1" />
              <MetadataToken>100663389</MetadataToken>
              <Name>System.Boolean Core.GameMechanics/&lt;&gt;c__DisplayClass1_0::&lt;GetShotBounceSequence&gt;b__0(Core.Enemy)</Name>
              <FileRef uid="5" />
              <SequencePoints>
                <SequencePoint vc="5" uspid="335" ordinal="0" offset="0" sl="43" sc="17" el="43" ec="17" bec="0" bev="0" fileid="5" />
                <SequencePoint vc="5" uspid="336" ordinal="0" offset="1" sl="44" sc="21" el="44" ec="21" bec="0" bev="0" fileid="5" />
                <SequencePoint vc="5" uspid="337" ordinal="0" offset="16" sl="45" sc="21" el="45" ec="21" bec="0" bev="0" fileid="5" />
                <SequencePoint vc="5" uspid="338" ordinal="0" offset="29" sl="46" sc="21" el="46" ec="21" bec="0" bev="0" fileid="5" />
                <SequencePoint vc="5" uspid="339" ordinal="0" offset="35" sl="47" sc="17" el="47" ec="17" bec="0" bev="0" fileid="5" />
              </SequencePoints>
              <BranchPoints />
            </Method>
          </Methods>
        </Class>
        <Class>
          <Summary numSequencePoints="1" visitedSequencePoints="1" numBranchPoints="0" visitedBranchPoints="0" sequenceCoverage="100.0" branchCoverage="0.0" maxCyclomaticComplexity="0" minCyclomaticComplexity="0" maxCrapScore="0" minCrapScore="0" visitedClasses="1" numClasses="1" visitedMethods="1" numMethods="1" />
          <FullName>Core.GameMechanics/&lt;&gt;c__DisplayClass2_0</FullName>
          <Methods>
            <Method visited="true" cyclomaticComplexity="0" nPathComplexity="0" sequenceCoverage="100.0" branchCoverage="0" crapScore="0" isConstructor="false" isStatic="false" isGetter="false" isSetter="false">
              <Summary numSequencePoints="1" visitedSequencePoints="1" numBranchPoints="0" visitedBranchPoints="0" sequenceCoverage="100.0" branchCoverage="0" maxCyclomaticComplexity="0" minCyclomaticComplexity="0" maxCrapScore="0" minCrapScore="0" visitedClasses="0" numClasses="0" visitedMethods="1" numMethods="1" />
              <MetadataToken>100663391</MetadataToken>
              <Name>System.ValueTuple[Enemy,Single] Core.GameMechanics/&lt;&gt;c__DisplayClass2_0::&lt;GetClosestEnemy&gt;b__0(Core.Enemy)</Name>
              <FileRef uid="5" />
              <SequencePoints>
                <SequencePoint vc="3" uspid="340" ordinal="0" offset="0" sl="73" sc="17" el="73" ec="17" bec="0" bev="0" fileid="5" />
              </SequencePoints>
              <BranchPoints />
            </Method>
          </Methods>
        </Class>
        <Class>
          <Summary numSequencePoints="1" visitedSequencePoints="1" numBranchPoints="0" visitedBranchPoints="0" sequenceCoverage="100.0" branchCoverage="0.0" maxCyclomaticComplexity="0" minCyclomaticComplexity="0" maxCrapScore="0" minCrapScore="0" visitedClasses="1" numClasses="1" visitedMethods="1" numMethods="1" />
          <FullName>Core.GameMechanics/&lt;&gt;c</FullName>
          <Methods>
            <Method visited="true" cyclomaticComplexity="0" nPathComplexity="0" sequenceCoverage="100.0" branchCoverage="0" crapScore="0" isConstructor="false" isStatic="false" isGetter="false" isSetter="false">
              <Summary numSequencePoints="1" visitedSequencePoints="1" numBranchPoints="0" visitedBranchPoints="0" sequenceCoverage="100.0" branchCoverage="0" maxCyclomaticComplexity="0" minCyclomaticComplexity="0" maxCrapScore="0" minCrapScore="0" visitedClasses="0" numClasses="0" visitedMethods="1" numMethods="1" />
              <MetadataToken>100663394</MetadataToken>
              <Name>System.Int32 Core.GameMechanics/&lt;&gt;c::&lt;GetClosestEnemy&gt;b__2_1(System.ValueTuple[Enemy,Single], System.ValueTuple[Enemy,Single])</Name>
              <FileRef uid="5" />
              <SequencePoints>
                <SequencePoint vc="1" uspid="341" ordinal="0" offset="0" sl="76" sc="17" el="76" ec="17" bec="0" bev="0" fileid="5" />
              </SequencePoints>
              <BranchPoints />
            </Method>
          </Methods>
        </Class>
      </Classes>
    </Module>
  </Modules>
</CoverageSession>