<?xml version="1.0" encoding="utf-8"?>
<CoverageSession xmlns:xsd="http://www.w3.org/2001/XMLSchema" xmlns:xsi="http://www.w3.org/2001/XMLSchema-instance" Version="0.0.0.0">
  <Summary numSequencePoints="296" visitedSequencePoints="267" numBranchPoints="0" visitedBranchPoints="0" sequenceCoverage="90.20" branchCoverage="0.0" maxCyclomaticComplexity="0" minCyclomaticComplexity="0" maxCrapScore="0" minCrapScore="0" visitedClasses="22" numClasses="28" visitedMethods="58" numMethods="74" />
  <Modules>
    <Module>
      <Summary numSequencePoints="296" visitedSequencePoints="267" numBranchPoints="0" visitedBranchPoints="0" sequenceCoverage="90.20" branchCoverage="0.0" maxCyclomaticComplexity="0" minCyclomaticComplexity="0" maxCrapScore="0" minCrapScore="0" visitedClasses="22" numClasses="28" visitedMethods="58" numMethods="74" />
      <ModuleTime>0001-01-01T00:00:00</ModuleTime>
      <ModuleName>com.mnicolas.ce-fizz-buzz</ModuleName>
      <Files>
        <File uid="1" fullPath="C:/_cosas/Desarrollo/GameDev/Projects/ce-fizz-buzz/Assets/Scripts/View/GameControllerView.cs" />
        <File uid="2" fullPath="C:/_cosas/Desarrollo/GameDev/Projects/ce-fizz-buzz/Assets/Scripts/Core/Enemy.cs" />
        <File uid="3" fullPath="C:/_cosas/Desarrollo/GameDev/Projects/ce-fizz-buzz/Assets/Scripts/Core/EnemyClass.cs" />
        <File uid="4" fullPath="C:/_cosas/Desarrollo/GameDev/Projects/ce-fizz-buzz/Assets/Scripts/Core/GameController.cs" />
        <File uid="5" fullPath="C:/_cosas/Desarrollo/GameDev/Projects/ce-fizz-buzz/Assets/Scripts/Core/GameMechanics.cs" />
        <File uid="6" fullPath="C:/_cosas/Desarrollo/GameDev/Projects/ce-fizz-buzz/Assets/Scripts/Core/TurnSteps/AbstractListEnemiesTurnStep.cs" />
        <File uid="7" fullPath="C:/_cosas/Desarrollo/GameDev/Projects/ce-fizz-buzz/Assets/Scripts/Core/TurnSteps/AbstractShootTurnStep.cs" />
        <File uid="8" fullPath="C:/_cosas/Desarrollo/GameDev/Projects/ce-fizz-buzz/Assets/Scripts/Core/TurnSteps/ChangeClassTurnStep.cs" />
        <File uid="9" fullPath="C:/_cosas/Desarrollo/GameDev/Projects/ce-fizz-buzz/Assets/Scripts/Core/TurnSteps/DamagePlayerTurnStep.cs" />
        <File uid="10" fullPath="C:/_cosas/Desarrollo/GameDev/Projects/ce-fizz-buzz/Assets/Scripts/Core/TurnSteps/DestroyTurnStep.cs" />
        <File uid="11" fullPath="C:/_cosas/Desarrollo/GameDev/Projects/ce-fizz-buzz/Assets/Scripts/Core/TurnSteps/HealPlayerTurnStep.cs" />
        <File uid="12" fullPath="C:/_cosas/Desarrollo/GameDev/Projects/ce-fizz-buzz/Assets/Scripts/Core/TurnSteps/MoveTurnStep.cs" />
        <File uid="13" fullPath="C:/_cosas/Desarrollo/GameDev/Projects/ce-fizz-buzz/Assets/Scripts/Core/TurnSteps/ScoreChangedTurnStep.cs" />
        <File uid="14" fullPath="C:/_cosas/Desarrollo/GameDev/Projects/ce-fizz-buzz/Assets/Scripts/Core/TurnSteps/SpawnTurnStep.cs" />
        <File uid="15" fullPath="C:/_cosas/Desarrollo/GameDev/Projects/ce-fizz-buzz/Assets/Scripts/Core/GameRules/GameRules.cs" />
        <File uid="16" fullPath="C:/_cosas/Desarrollo/GameDev/Projects/ce-fizz-buzz/Assets/Scripts/Core/GameRules/HealthRules.cs" />
        <File uid="17" fullPath="C:/_cosas/Desarrollo/GameDev/Projects/ce-fizz-buzz/Assets/Scripts/Core/GameRules/SpawnRules.cs" />
        <File uid="18" fullPath="C:/_cosas/Desarrollo/GameDev/Projects/ce-fizz-buzz/Assets/Scripts/View/EnemyView.cs" />
      </Files>
      <Classes>
        <Class>
          <Summary numSequencePoints="7" visitedSequencePoints="0" numBranchPoints="0" visitedBranchPoints="0" sequenceCoverage="0.0" branchCoverage="0.0" maxCyclomaticComplexity="0" minCyclomaticComplexity="0" maxCrapScore="0" minCrapScore="0" visitedClasses="0" numClasses="1" visitedMethods="0" numMethods="4" />
          <FullName>View.GameControllerView</FullName>
          <Methods>
            <Method visited="false" cyclomaticComplexity="0" nPathComplexity="0" sequenceCoverage="0.0" branchCoverage="0" crapScore="0" isConstructor="false" isStatic="false" isGetter="false" isSetter="false">
              <Summary numSequencePoints="3" visitedSequencePoints="0" numBranchPoints="0" visitedBranchPoints="0" sequenceCoverage="0.0" branchCoverage="0" maxCyclomaticComplexity="0" minCyclomaticComplexity="0" maxCrapScore="0" minCrapScore="0" visitedClasses="0" numClasses="0" visitedMethods="0" numMethods="1" />
              <MetadataToken>100663299</MetadataToken>
              <Name>System.Void View.GameControllerView::Start()</Name>
              <FileRef uid="1" />
              <SequencePoints>
                <SequencePoint vc="0" uspid="1" ordinal="0" offset="0" sl="24" sc="0" el="24" ec="0" bec="0" bev="0" fileid="1" />
                <SequencePoint vc="0" uspid="2" ordinal="0" offset="1" sl="25" sc="0" el="25" ec="0" bec="0" bev="0" fileid="1" />
                <SequencePoint vc="0" uspid="3" ordinal="0" offset="95" sl="30" sc="0" el="30" ec="0" bec="0" bev="0" fileid="1" />
              </SequencePoints>
              <BranchPoints />
            </Method>
            <Method visited="false" cyclomaticComplexity="0" nPathComplexity="0" sequenceCoverage="0.0" branchCoverage="0" crapScore="0" isConstructor="false" isStatic="false" isGetter="false" isSetter="false">
              <Summary numSequencePoints="2" visitedSequencePoints="0" numBranchPoints="0" visitedBranchPoints="0" sequenceCoverage="0.0" branchCoverage="0" maxCyclomaticComplexity="0" minCyclomaticComplexity="0" maxCrapScore="0" minCrapScore="0" visitedClasses="0" numClasses="0" visitedMethods="0" numMethods="1" />
              <MetadataToken>100663302</MetadataToken>
              <Name>System.Void View.GameControllerView::DrawTurn()</Name>
              <FileRef uid="1" />
              <SequencePoints>
                <SequencePoint vc="0" uspid="4" ordinal="0" offset="0" sl="46" sc="0" el="46" ec="0" bec="0" bev="0" fileid="1" />
                <SequencePoint vc="0" uspid="5" ordinal="0" offset="1" sl="48" sc="0" el="48" ec="0" bec="0" bev="0" fileid="1" />
              </SequencePoints>
              <BranchPoints />
            </Method>
            <Method visited="false" cyclomaticComplexity="0" nPathComplexity="0" sequenceCoverage="0.0" branchCoverage="0" crapScore="0" isConstructor="false" isStatic="false" isGetter="false" isSetter="false">
              <Summary numSequencePoints="1" visitedSequencePoints="0" numBranchPoints="0" visitedBranchPoints="0" sequenceCoverage="0.0" branchCoverage="0" maxCyclomaticComplexity="0" minCyclomaticComplexity="0" maxCrapScore="0" minCrapScore="0" visitedClasses="0" numClasses="0" visitedMethods="0" numMethods="1" />
              <MetadataToken>100663304</MetadataToken>
              <Name>View.EnemyView View.GameControllerView::&lt;Start&gt;b__7_0()</Name>
              <FileRef uid="1" />
              <SequencePoints>
                <SequencePoint vc="0" uspid="6" ordinal="0" offset="0" sl="26" sc="0" el="26" ec="0" bec="0" bev="0" fileid="1" />
              </SequencePoints>
              <BranchPoints />
            </Method>
            <Method visited="false" cyclomaticComplexity="0" nPathComplexity="0" sequenceCoverage="0.0" branchCoverage="0" crapScore="0" isConstructor="true" isStatic="false" isGetter="false" isSetter="false">
              <Summary numSequencePoints="1" visitedSequencePoints="0" numBranchPoints="0" visitedBranchPoints="0" sequenceCoverage="0.0" branchCoverage="0" maxCyclomaticComplexity="0" minCyclomaticComplexity="0" maxCrapScore="0" minCrapScore="0" visitedClasses="0" numClasses="0" visitedMethods="0" numMethods="1" />
              <MetadataToken>100663303</MetadataToken>
              <Name>View.GameControllerView::GameControllerView()</Name>
              <FileRef uid="1" />
              <SequencePoints>
                <SequencePoint vc="0" uspid="7" ordinal="0" offset="0" sl="20" sc="0" el="20" ec="0" bec="0" bev="0" fileid="1" />
              </SequencePoints>
              <BranchPoints />
            </Method>
          </Methods>
        </Class>
        <Class>
          <Summary numSequencePoints="12" visitedSequencePoints="12" numBranchPoints="0" visitedBranchPoints="0" sequenceCoverage="100.0" branchCoverage="0.0" maxCyclomaticComplexity="0" minCyclomaticComplexity="0" maxCrapScore="0" minCrapScore="0" visitedClasses="1" numClasses="1" visitedMethods="6" numMethods="6" />
          <FullName>Core.Enemy</FullName>
          <Methods>
            <Method visited="true" cyclomaticComplexity="0" nPathComplexity="0" sequenceCoverage="100.0" branchCoverage="0" crapScore="0" isConstructor="false" isStatic="false" isGetter="true" isSetter="false">
              <Summary numSequencePoints="1" visitedSequencePoints="1" numBranchPoints="0" visitedBranchPoints="0" sequenceCoverage="100.0" branchCoverage="0" maxCyclomaticComplexity="0" minCyclomaticComplexity="0" maxCrapScore="0" minCrapScore="0" visitedClasses="0" numClasses="0" visitedMethods="1" numMethods="1" />
              <MetadataToken>100663305</MetadataToken>
              <Name>UnityEngine.Vector2 Core.Enemy::get_Position()</Name>
              <FileRef uid="2" />
              <SequencePoints>
                <SequencePoint vc="98" uspid="8" ordinal="0" offset="0" sl="20" sc="20" el="20" ec="20" bec="0" bev="0" fileid="2" />
              </SequencePoints>
              <BranchPoints />
            </Method>
            <Method visited="true" cyclomaticComplexity="0" nPathComplexity="0" sequenceCoverage="100.0" branchCoverage="0" crapScore="0" isConstructor="false" isStatic="false" isGetter="false" isSetter="true">
              <Summary numSequencePoints="1" visitedSequencePoints="1" numBranchPoints="0" visitedBranchPoints="0" sequenceCoverage="100.0" branchCoverage="0" maxCyclomaticComplexity="0" minCyclomaticComplexity="0" maxCrapScore="0" minCrapScore="0" visitedClasses="0" numClasses="0" visitedMethods="1" numMethods="1" />
              <MetadataToken>100663306</MetadataToken>
              <Name>System.Void Core.Enemy::set_Position(UnityEngine.Vector2)</Name>
              <FileRef uid="2" />
              <SequencePoints>
                <SequencePoint vc="34" uspid="9" ordinal="0" offset="0" sl="21" sc="20" el="21" ec="20" bec="0" bev="0" fileid="2" />
              </SequencePoints>
              <BranchPoints />
            </Method>
            <Method visited="true" cyclomaticComplexity="0" nPathComplexity="0" sequenceCoverage="100.0" branchCoverage="0" crapScore="0" isConstructor="false" isStatic="false" isGetter="true" isSetter="false">
              <Summary numSequencePoints="1" visitedSequencePoints="1" numBranchPoints="0" visitedBranchPoints="0" sequenceCoverage="100.0" branchCoverage="0" maxCyclomaticComplexity="0" minCyclomaticComplexity="0" maxCrapScore="0" minCrapScore="0" visitedClasses="0" numClasses="0" visitedMethods="1" numMethods="1" />
              <MetadataToken>100663307</MetadataToken>
              <Name>Core.EnemyClass Core.Enemy::get_CurrentClass()</Name>
              <FileRef uid="2" />
              <SequencePoints>
                <SequencePoint vc="51" uspid="10" ordinal="0" offset="0" sl="24" sc="43" el="24" ec="43" bec="0" bev="0" fileid="2" />
              </SequencePoints>
              <BranchPoints />
            </Method>
            <Method visited="true" cyclomaticComplexity="0" nPathComplexity="0" sequenceCoverage="100.0" branchCoverage="0" crapScore="0" isConstructor="false" isStatic="false" isGetter="true" isSetter="false">
              <Summary numSequencePoints="1" visitedSequencePoints="1" numBranchPoints="0" visitedBranchPoints="0" sequenceCoverage="100.0" branchCoverage="0" maxCyclomaticComplexity="0" minCyclomaticComplexity="0" maxCrapScore="0" minCrapScore="0" visitedClasses="0" numClasses="0" visitedMethods="1" numMethods="1" />
              <MetadataToken>100663308</MetadataToken>
              <Name>System.Int32 Core.Enemy::get_Score()</Name>
              <FileRef uid="2" />
              <SequencePoints>
                <SequencePoint vc="14" uspid="11" ordinal="0" offset="0" sl="26" sc="29" el="26" ec="29" bec="0" bev="0" fileid="2" />
              </SequencePoints>
              <BranchPoints />
            </Method>
            <Method visited="true" cyclomaticComplexity="0" nPathComplexity="0" sequenceCoverage="100.0" branchCoverage="0" crapScore="0" isConstructor="false" isStatic="false" isGetter="false" isSetter="false">
              <Summary numSequencePoints="3" visitedSequencePoints="3" numBranchPoints="0" visitedBranchPoints="0" sequenceCoverage="100.0" branchCoverage="0" maxCyclomaticComplexity="0" minCyclomaticComplexity="0" maxCrapScore="0" minCrapScore="0" visitedClasses="0" numClasses="0" visitedMethods="1" numMethods="1" />
              <MetadataToken>100663310</MetadataToken>
              <Name>System.Void Core.Enemy::ChangeClass(System.Int32)</Name>
              <FileRef uid="2" />
              <SequencePoints>
                <SequencePoint vc="2" uspid="12" ordinal="0" offset="0" sl="35" sc="9" el="35" ec="9" bec="0" bev="0" fileid="2" />
                <SequencePoint vc="2" uspid="13" ordinal="0" offset="1" sl="36" sc="13" el="36" ec="13" bec="0" bev="0" fileid="2" />
                <SequencePoint vc="2" uspid="14" ordinal="0" offset="14" sl="37" sc="9" el="37" ec="9" bec="0" bev="0" fileid="2" />
              </SequencePoints>
              <BranchPoints />
            </Method>
            <Method visited="true" cyclomaticComplexity="0" nPathComplexity="0" sequenceCoverage="100.0" branchCoverage="0" crapScore="0" isConstructor="true" isStatic="false" isGetter="false" isSetter="false">
              <Summary numSequencePoints="5" visitedSequencePoints="5" numBranchPoints="0" visitedBranchPoints="0" sequenceCoverage="100.0" branchCoverage="0" maxCyclomaticComplexity="0" minCyclomaticComplexity="0" maxCrapScore="0" minCrapScore="0" visitedClasses="0" numClasses="0" visitedMethods="1" numMethods="1" />
              <MetadataToken>100663309</MetadataToken>
              <Name>Core.Enemy::Enemy(UnityEngine.Vector2, System.Int32)</Name>
              <FileRef uid="2" />
              <SequencePoints>
                <SequencePoint vc="62" uspid="15" ordinal="0" offset="0" sl="28" sc="9" el="28" ec="9" bec="0" bev="0" fileid="2" />
                <SequencePoint vc="62" uspid="16" ordinal="0" offset="7" sl="29" sc="9" el="29" ec="9" bec="0" bev="0" fileid="2" />
                <SequencePoint vc="62" uspid="17" ordinal="0" offset="8" sl="30" sc="13" el="30" ec="13" bec="0" bev="0" fileid="2" />
                <SequencePoint vc="62" uspid="18" ordinal="0" offset="15" sl="31" sc="13" el="31" ec="13" bec="0" bev="0" fileid="2" />
                <SequencePoint vc="62" uspid="19" ordinal="0" offset="34" sl="32" sc="9" el="32" ec="9" bec="0" bev="0" fileid="2" />
              </SequencePoints>
              <BranchPoints />
            </Method>
          </Methods>
        </Class>
        <Class>
          <Summary numSequencePoints="18" visitedSequencePoints="18" numBranchPoints="0" visitedBranchPoints="0" sequenceCoverage="100.0" branchCoverage="0.0" maxCyclomaticComplexity="0" minCyclomaticComplexity="0" maxCrapScore="0" minCrapScore="0" visitedClasses="1" numClasses="1" visitedMethods="1" numMethods="1" />
          <FullName>Core.EnemyClassUtils</FullName>
          <Methods>
            <Method visited="true" cyclomaticComplexity="0" nPathComplexity="0" sequenceCoverage="100.0" branchCoverage="0" crapScore="0" isConstructor="false" isStatic="true" isGetter="false" isSetter="false">
              <Summary numSequencePoints="18" visitedSequencePoints="18" numBranchPoints="0" visitedBranchPoints="0" sequenceCoverage="100.0" branchCoverage="0" maxCyclomaticComplexity="0" minCyclomaticComplexity="0" maxCrapScore="0" minCrapScore="0" visitedClasses="0" numClasses="0" visitedMethods="1" numMethods="1" />
              <MetadataToken>100663311</MetadataToken>
              <Name>static Core.EnemyClass Core.EnemyClassUtils::GetClassFromInt(System.Int32)</Name>
              <FileRef uid="3" />
              <SequencePoints>
                <SequencePoint vc="150" uspid="20" ordinal="0" offset="0" sl="23" sc="9" el="23" ec="9" bec="0" bev="0" fileid="3" />
                <SequencePoint vc="150" uspid="21" ordinal="0" offset="1" sl="24" sc="13" el="24" ec="13" bec="0" bev="0" fileid="3" />
                <SequencePoint vc="150" uspid="22" ordinal="0" offset="8" sl="25" sc="13" el="25" ec="13" bec="0" bev="0" fileid="3" />
                <SequencePoint vc="150" uspid="23" ordinal="0" offset="15" sl="27" sc="13" el="27" ec="13" bec="0" bev="0" fileid="3" />
                <SequencePoint vc="150" uspid="24" ordinal="0" offset="17" sl="29" sc="13" el="29" ec="13" bec="0" bev="0" fileid="3" />
                <SequencePoint vc="12" uspid="25" ordinal="0" offset="24" sl="30" sc="13" el="30" ec="13" bec="0" bev="0" fileid="3" />
                <SequencePoint vc="12" uspid="26" ordinal="0" offset="25" sl="31" sc="17" el="31" ec="17" bec="0" bev="0" fileid="3" />
                <SequencePoint vc="12" uspid="27" ordinal="0" offset="27" sl="32" sc="13" el="32" ec="13" bec="0" bev="0" fileid="3" />
                <SequencePoint vc="138" uspid="28" ordinal="0" offset="30" sl="33" sc="18" el="33" ec="18" bec="0" bev="0" fileid="3" />
                <SequencePoint vc="16" uspid="29" ordinal="0" offset="37" sl="34" sc="13" el="34" ec="13" bec="0" bev="0" fileid="3" />
                <SequencePoint vc="16" uspid="30" ordinal="0" offset="38" sl="35" sc="17" el="35" ec="17" bec="0" bev="0" fileid="3" />
                <SequencePoint vc="16" uspid="31" ordinal="0" offset="40" sl="36" sc="13" el="36" ec="13" bec="0" bev="0" fileid="3" />
                <SequencePoint vc="122" uspid="32" ordinal="0" offset="43" sl="37" sc="18" el="37" ec="18" bec="0" bev="0" fileid="3" />
                <SequencePoint vc="35" uspid="33" ordinal="0" offset="50" sl="38" sc="13" el="38" ec="13" bec="0" bev="0" fileid="3" />
                <SequencePoint vc="35" uspid="34" ordinal="0" offset="51" sl="39" sc="17" el="39" ec="17" bec="0" bev="0" fileid="3" />
                <SequencePoint vc="35" uspid="35" ordinal="0" offset="53" sl="40" sc="13" el="40" ec="13" bec="0" bev="0" fileid="3" />
                <SequencePoint vc="150" uspid="36" ordinal="0" offset="54" sl="42" sc="13" el="42" ec="13" bec="0" bev="0" fileid="3" />
                <SequencePoint vc="150" uspid="37" ordinal="0" offset="59" sl="43" sc="9" el="43" ec="9" bec="0" bev="0" fileid="3" />
              </SequencePoints>
              <BranchPoints />
            </Method>
          </Methods>
        </Class>
        <Class>
          <Summary numSequencePoints="18" visitedSequencePoints="18" numBranchPoints="0" visitedBranchPoints="0" sequenceCoverage="100.0" branchCoverage="0.0" maxCyclomaticComplexity="0" minCyclomaticComplexity="0" maxCrapScore="0" minCrapScore="0" visitedClasses="1" numClasses="1" visitedMethods="4" numMethods="4" />
          <FullName>Core.GameController</FullName>
          <Methods>
            <Method visited="true" cyclomaticComplexity="0" nPathComplexity="0" sequenceCoverage="100.0" branchCoverage="0" crapScore="0" isConstructor="false" isStatic="false" isGetter="false" isSetter="false">
              <Summary numSequencePoints="3" visitedSequencePoints="3" numBranchPoints="0" visitedBranchPoints="0" sequenceCoverage="100.0" branchCoverage="0" maxCyclomaticComplexity="0" minCyclomaticComplexity="0" maxCrapScore="0" minCrapScore="0" visitedClasses="0" numClasses="0" visitedMethods="1" numMethods="1" />
              <MetadataToken>100663315</MetadataToken>
              <Name>System.Collections.Generic.List[TurnStep] Core.GameController::StartGame()</Name>
              <FileRef uid="4" />
              <SequencePoints>
                <SequencePoint vc="1" uspid="38" ordinal="0" offset="0" sl="36" sc="9" el="36" ec="9" bec="0" bev="0" fileid="4" />
                <SequencePoint vc="1" uspid="39" ordinal="0" offset="1" sl="37" sc="13" el="37" ec="13" bec="0" bev="0" fileid="4" />
                <SequencePoint vc="1" uspid="40" ordinal="0" offset="15" sl="38" sc="9" el="38" ec="9" bec="0" bev="0" fileid="4" />
              </SequencePoints>
              <BranchPoints />
            </Method>
            <Method visited="true" cyclomaticComplexity="0" nPathComplexity="0" sequenceCoverage="100.0" branchCoverage="0" crapScore="0" isConstructor="false" isStatic="false" isGetter="false" isSetter="false">
              <Summary numSequencePoints="5" visitedSequencePoints="5" numBranchPoints="0" visitedBranchPoints="0" sequenceCoverage="100.0" branchCoverage="0" maxCyclomaticComplexity="0" minCyclomaticComplexity="0" maxCrapScore="0" minCrapScore="0" visitedClasses="0" numClasses="0" visitedMethods="1" numMethods="1" />
              <MetadataToken>100663316</MetadataToken>
              <Name>System.Collections.Generic.List[TurnStep] Core.GameController::PlayTurn(Core.Enemy, Core.EnemyClass)</Name>
              <FileRef uid="4" />
              <SequencePoints>
                <SequencePoint vc="8" uspid="41" ordinal="0" offset="0" sl="46" sc="9" el="46" ec="9" bec="0" bev="0" fileid="4" />
                <SequencePoint vc="8" uspid="42" ordinal="0" offset="1" sl="47" sc="13" el="47" ec="13" bec="0" bev="0" fileid="4" />
                <SequencePoint vc="8" uspid="43" ordinal="0" offset="10" sl="48" sc="13" el="48" ec="13" bec="0" bev="0" fileid="4" />
                <SequencePoint vc="8" uspid="44" ordinal="0" offset="23" sl="50" sc="13" el="50" ec="13" bec="0" bev="0" fileid="4" />
                <SequencePoint vc="8" uspid="45" ordinal="0" offset="32" sl="51" sc="9" el="51" ec="9" bec="0" bev="0" fileid="4" />
              </SequencePoints>
              <BranchPoints />
            </Method>
            <Method visited="true" cyclomaticComplexity="0" nPathComplexity="0" sequenceCoverage="100.0" branchCoverage="0" crapScore="0" isConstructor="true" isStatic="false" isGetter="false" isSetter="false">
              <Summary numSequencePoints="3" visitedSequencePoints="3" numBranchPoints="0" visitedBranchPoints="0" sequenceCoverage="100.0" branchCoverage="0" maxCyclomaticComplexity="0" minCyclomaticComplexity="0" maxCrapScore="0" minCrapScore="0" visitedClasses="0" numClasses="0" visitedMethods="1" numMethods="1" />
              <MetadataToken>100663313</MetadataToken>
              <Name>Core.GameController::GameController(UnityAtoms.BaseAtoms.FloatVariable, UnityAtoms.BaseAtoms.IntVariable, Core.GameRules.GameRules)</Name>
              <FileRef uid="4" />
              <SequencePoints>
                <SequencePoint vc="1" uspid="46" ordinal="0" offset="0" sl="16" sc="15" el="16" ec="15" bec="0" bev="0" fileid="4" />
                <SequencePoint vc="1" uspid="47" ordinal="0" offset="15" sl="17" sc="9" el="17" ec="9" bec="0" bev="0" fileid="4" />
                <SequencePoint vc="1" uspid="48" ordinal="0" offset="16" sl="18" sc="9" el="18" ec="9" bec="0" bev="0" fileid="4" />
              </SequencePoints>
              <BranchPoints />
            </Method>
            <Method visited="true" cyclomaticComplexity="0" nPathComplexity="0" sequenceCoverage="100.0" branchCoverage="0" crapScore="0" isConstructor="true" isStatic="false" isGetter="false" isSetter="false">
              <Summary numSequencePoints="7" visitedSequencePoints="7" numBranchPoints="0" visitedBranchPoints="0" sequenceCoverage="100.0" branchCoverage="0" maxCyclomaticComplexity="0" minCyclomaticComplexity="0" maxCrapScore="0" minCrapScore="0" visitedClasses="0" numClasses="0" visitedMethods="1" numMethods="1" />
              <MetadataToken>100663314</MetadataToken>
              <Name>Core.GameController::GameController(UnityAtoms.BaseAtoms.FloatVariable, UnityAtoms.BaseAtoms.IntVariable, Core.GameRules.GameRules, System.Collections.Generic.List[Enemy])</Name>
              <FileRef uid="4" />
              <SequencePoints>
                <SequencePoint vc="9" uspid="49" ordinal="0" offset="0" sl="20" sc="9" el="20" ec="9" bec="0" bev="0" fileid="4" />
                <SequencePoint vc="9" uspid="50" ordinal="0" offset="7" sl="25" sc="9" el="25" ec="9" bec="0" bev="0" fileid="4" />
                <SequencePoint vc="9" uspid="51" ordinal="0" offset="8" sl="26" sc="13" el="26" ec="13" bec="0" bev="0" fileid="4" />
                <SequencePoint vc="9" uspid="52" ordinal="0" offset="15" sl="27" sc="13" el="27" ec="13" bec="0" bev="0" fileid="4" />
                <SequencePoint vc="9" uspid="53" ordinal="0" offset="22" sl="28" sc="13" el="28" ec="13" bec="0" bev="0" fileid="4" />
                <SequencePoint vc="9" uspid="54" ordinal="0" offset="29" sl="29" sc="13" el="29" ec="13" bec="0" bev="0" fileid="4" />
                <SequencePoint vc="9" uspid="55" ordinal="0" offset="37" sl="30" sc="9" el="30" ec="9" bec="0" bev="0" fileid="4" />
              </SequencePoints>
              <BranchPoints />
            </Method>
          </Methods>
        </Class>
        <Class>
          <Summary numSequencePoints="72" visitedSequencePoints="72" numBranchPoints="0" visitedBranchPoints="0" sequenceCoverage="100.0" branchCoverage="0.0" maxCyclomaticComplexity="0" minCyclomaticComplexity="0" maxCrapScore="0" minCrapScore="0" visitedClasses="1" numClasses="1" visitedMethods="5" numMethods="5" />
          <FullName>Core.GameMechanics</FullName>
          <Methods>
            <Method visited="true" cyclomaticComplexity="0" nPathComplexity="0" sequenceCoverage="100.0" branchCoverage="0" crapScore="0" isConstructor="false" isStatic="true" isGetter="false" isSetter="false">
              <Summary numSequencePoints="18" visitedSequencePoints="18" numBranchPoints="0" visitedBranchPoints="0" sequenceCoverage="100.0" branchCoverage="0" maxCyclomaticComplexity="0" minCyclomaticComplexity="0" maxCrapScore="0" minCrapScore="0" visitedClasses="0" numClasses="0" visitedMethods="1" numMethods="1" />
              <MetadataToken>100663319</MetadataToken>
              <Name>static System.Void Core.GameMechanics::MoveEnemies(System.Collections.Generic.IEnumerable[Enemy], Core.GameRules.GameRules, System.Collections.Generic.List`1[[Core.Enemy, com.mnicolas.ce-fizz-buzz, Version=0.0.0.0, Culture=neutral, PublicKeyToken=null]]&amp;)</Name>
              <FileRef uid="5" />
              <SequencePoints>
                <SequencePoint vc="12" uspid="56" ordinal="0" offset="0" sl="13" sc="9" el="13" ec="9" bec="0" bev="0" fileid="5" />
                <SequencePoint vc="12" uspid="57" ordinal="0" offset="1" sl="14" sc="13" el="14" ec="13" bec="0" bev="0" fileid="5" />
                <SequencePoint vc="12" uspid="58" ordinal="0" offset="8" sl="16" sc="13" el="16" ec="13" bec="0" bev="0" fileid="5" />
                <SequencePoint vc="12" uspid="59" ordinal="0" offset="9" sl="16" sc="35" el="16" ec="35" bec="0" bev="0" fileid="5" />
                <SequencePoint vc="34" uspid="60" ordinal="0" offset="18" sl="16" sc="22" el="16" ec="22" bec="0" bev="0" fileid="5" />
                <SequencePoint vc="34" uspid="61" ordinal="0" offset="25" sl="17" sc="13" el="17" ec="13" bec="0" bev="0" fileid="5" />
                <SequencePoint vc="34" uspid="62" ordinal="0" offset="26" sl="18" sc="17" el="18" ec="17" bec="0" bev="0" fileid="5" />
                <SequencePoint vc="34" uspid="63" ordinal="0" offset="42" sl="19" sc="17" el="19" ec="17" bec="0" bev="0" fileid="5" />
                <SequencePoint vc="34" uspid="64" ordinal="0" offset="51" sl="20" sc="17" el="20" ec="17" bec="0" bev="0" fileid="5" />
                <SequencePoint vc="34" uspid="65" ordinal="0" offset="63" sl="21" sc="17" el="21" ec="17" bec="0" bev="0" fileid="5" />
                <SequencePoint vc="34" uspid="66" ordinal="0" offset="85" sl="22" sc="17" el="22" ec="17" bec="0" bev="0" fileid="5" />
                <SequencePoint vc="34" uspid="67" ordinal="0" offset="93" sl="24" sc="17" el="24" ec="17" bec="0" bev="0" fileid="5" />
                <SequencePoint vc="9" uspid="68" ordinal="0" offset="113" sl="25" sc="17" el="25" ec="17" bec="0" bev="0" fileid="5" />
                <SequencePoint vc="9" uspid="69" ordinal="0" offset="114" sl="26" sc="21" el="26" ec="21" bec="0" bev="0" fileid="5" />
                <SequencePoint vc="9" uspid="70" ordinal="0" offset="123" sl="27" sc="17" el="27" ec="17" bec="0" bev="0" fileid="5" />
                <SequencePoint vc="34" uspid="71" ordinal="0" offset="124" sl="28" sc="13" el="28" ec="13" bec="0" bev="0" fileid="5" />
                <SequencePoint vc="46" uspid="72" ordinal="0" offset="125" sl="16" sc="32" el="16" ec="32" bec="0" bev="0" fileid="5" />
                <SequencePoint vc="12" uspid="73" ordinal="0" offset="146" sl="29" sc="9" el="29" ec="9" bec="0" bev="0" fileid="5" />
              </SequencePoints>
              <BranchPoints />
            </Method>
            <Method visited="true" cyclomaticComplexity="0" nPathComplexity="0" sequenceCoverage="100.0" branchCoverage="0" crapScore="0" isConstructor="false" isStatic="true" isGetter="false" isSetter="false">
              <Summary numSequencePoints="20" visitedSequencePoints="20" numBranchPoints="0" visitedBranchPoints="0" sequenceCoverage="100.0" branchCoverage="0" maxCyclomaticComplexity="0" minCyclomaticComplexity="0" maxCrapScore="0" minCrapScore="0" visitedClasses="0" numClasses="0" visitedMethods="1" numMethods="1" />
              <MetadataToken>100663320</MetadataToken>
              <Name>static System.Collections.Generic.List[Enemy] Core.GameMechanics::GetShotBounceSequence(Core.Enemy, System.Collections.Generic.IEnumerable[Enemy], Core.GameRules.GameRules)</Name>
              <FileRef uid="5" />
              <SequencePoints>
                <SequencePoint vc="9" uspid="74" ordinal="0" offset="13" sl="39" sc="9" el="39" ec="9" bec="0" bev="0" fileid="5" />
                <SequencePoint vc="9" uspid="75" ordinal="0" offset="14" sl="40" sc="13" el="40" ec="13" bec="0" bev="0" fileid="5" />
                <SequencePoint vc="9" uspid="76" ordinal="0" offset="33" sl="43" sc="13" el="43" ec="13" bec="0" bev="0" fileid="5" />
                <SequencePoint vc="9" uspid="77" ordinal="0" offset="50" sl="44" sc="13" el="44" ec="13" bec="0" bev="0" fileid="5" />
                <SequencePoint vc="9" uspid="78" ordinal="0" offset="74" sl="54" sc="13" el="54" ec="13" bec="0" bev="0" fileid="5" />
                <SequencePoint vc="9" uspid="79" ordinal="0" offset="81" sl="55" sc="13" el="55" ec="13" bec="0" bev="0" fileid="5" />
                <SequencePoint vc="5" uspid="80" ordinal="0" offset="86" sl="57" sc="13" el="57" ec="13" bec="0" bev="0" fileid="5" />
                <SequencePoint vc="5" uspid="81" ordinal="0" offset="87" sl="58" sc="17" el="58" ec="17" bec="0" bev="0" fileid="5" />
                <SequencePoint vc="5" uspid="82" ordinal="0" offset="109" sl="59" sc="17" el="59" ec="17" bec="0" bev="0" fileid="5" />
                <SequencePoint vc="5" uspid="83" ordinal="0" offset="118" sl="60" sc="17" el="60" ec="17" bec="0" bev="0" fileid="5" />
                <SequencePoint vc="5" uspid="84" ordinal="0" offset="130" sl="62" sc="17" el="62" ec="17" bec="0" bev="0" fileid="5" />
                <SequencePoint vc="3" uspid="85" ordinal="0" offset="138" sl="63" sc="17" el="63" ec="17" bec="0" bev="0" fileid="5" />
                <SequencePoint vc="3" uspid="86" ordinal="0" offset="139" sl="64" sc="21" el="64" ec="21" bec="0" bev="0" fileid="5" />
                <SequencePoint vc="3" uspid="87" ordinal="0" offset="142" sl="65" sc="21" el="65" ec="21" bec="0" bev="0" fileid="5" />
                <SequencePoint vc="3" uspid="88" ordinal="0" offset="151" sl="66" sc="21" el="66" ec="21" bec="0" bev="0" fileid="5" />
                <SequencePoint vc="3" uspid="89" ordinal="0" offset="160" sl="67" sc="17" el="67" ec="17" bec="0" bev="0" fileid="5" />
                <SequencePoint vc="5" uspid="90" ordinal="0" offset="161" sl="68" sc="13" el="68" ec="13" bec="0" bev="0" fileid="5" />
                <SequencePoint vc="14" uspid="91" ordinal="0" offset="162" sl="56" sc="13" el="56" ec="13" bec="0" bev="0" fileid="5" />
                <SequencePoint vc="9" uspid="92" ordinal="0" offset="184" sl="70" sc="13" el="70" ec="13" bec="0" bev="0" fileid="5" />
                <SequencePoint vc="9" uspid="93" ordinal="0" offset="189" sl="71" sc="9" el="71" ec="9" bec="0" bev="0" fileid="5" />
              </SequencePoints>
              <BranchPoints />
            </Method>
            <Method visited="true" cyclomaticComplexity="0" nPathComplexity="0" sequenceCoverage="100.0" branchCoverage="0" crapScore="0" isConstructor="false" isStatic="true" isGetter="false" isSetter="false">
              <Summary numSequencePoints="11" visitedSequencePoints="11" numBranchPoints="0" visitedBranchPoints="0" sequenceCoverage="100.0" branchCoverage="0" maxCyclomaticComplexity="0" minCyclomaticComplexity="0" maxCrapScore="0" minCrapScore="0" visitedClasses="0" numClasses="0" visitedMethods="1" numMethods="1" />
              <MetadataToken>100663321</MetadataToken>
              <Name>static System.Void Core.GameMechanics::ChangeEnemiesClass(Core.EnemyClass, System.Collections.Generic.List[Enemy], Core.GameRules.SpawnRules)</Name>
              <FileRef uid="5" />
              <SequencePoints>
                <SequencePoint vc="2" uspid="94" ordinal="0" offset="0" sl="74" sc="9" el="74" ec="9" bec="0" bev="0" fileid="5" />
                <SequencePoint vc="2" uspid="95" ordinal="0" offset="1" sl="75" sc="13" el="75" ec="13" bec="0" bev="0" fileid="5" />
                <SequencePoint vc="2" uspid="96" ordinal="0" offset="25" sl="77" sc="13" el="77" ec="13" bec="0" bev="0" fileid="5" />
                <SequencePoint vc="2" uspid="97" ordinal="0" offset="26" sl="77" sc="35" el="77" ec="35" bec="0" bev="0" fileid="5" />
                <SequencePoint vc="2" uspid="98" ordinal="0" offset="35" sl="77" sc="22" el="77" ec="22" bec="0" bev="0" fileid="5" />
                <SequencePoint vc="2" uspid="99" ordinal="0" offset="43" sl="78" sc="13" el="78" ec="13" bec="0" bev="0" fileid="5" />
                <SequencePoint vc="2" uspid="100" ordinal="0" offset="44" sl="79" sc="17" el="79" ec="17" bec="0" bev="0" fileid="5" />
                <SequencePoint vc="2" uspid="101" ordinal="0" offset="51" sl="80" sc="17" el="80" ec="17" bec="0" bev="0" fileid="5" />
                <SequencePoint vc="2" uspid="102" ordinal="0" offset="59" sl="81" sc="13" el="81" ec="13" bec="0" bev="0" fileid="5" />
                <SequencePoint vc="4" uspid="103" ordinal="0" offset="60" sl="77" sc="32" el="77" ec="32" bec="0" bev="0" fileid="5" />
                <SequencePoint vc="2" uspid="104" ordinal="0" offset="86" sl="82" sc="9" el="82" ec="9" bec="0" bev="0" fileid="5" />
              </SequencePoints>
              <BranchPoints />
            </Method>
            <Method visited="true" cyclomaticComplexity="0" nPathComplexity="0" sequenceCoverage="100.0" branchCoverage="0" crapScore="0" isConstructor="false" isStatic="true" isGetter="false" isSetter="false">
              <Summary numSequencePoints="18" visitedSequencePoints="18" numBranchPoints="0" visitedBranchPoints="0" sequenceCoverage="100.0" branchCoverage="0" maxCyclomaticComplexity="0" minCyclomaticComplexity="0" maxCrapScore="0" minCrapScore="0" visitedClasses="0" numClasses="0" visitedMethods="1" numMethods="1" />
              <MetadataToken>100663322</MetadataToken>
              <Name>static System.Collections.Generic.List[Enemy] Core.GameMechanics::SpawnEnemies(Core.GameRules.SpawnRules)</Name>
              <FileRef uid="5" />
              <SequencePoints>
                <SequencePoint vc="11" uspid="105" ordinal="0" offset="0" sl="85" sc="9" el="85" ec="9" bec="0" bev="0" fileid="5" />
                <SequencePoint vc="11" uspid="106" ordinal="0" offset="1" sl="86" sc="13" el="86" ec="13" bec="0" bev="0" fileid="5" />
                <SequencePoint vc="11" uspid="107" ordinal="0" offset="7" sl="87" sc="13" el="87" ec="13" bec="0" bev="0" fileid="5" />
                <SequencePoint vc="11" uspid="108" ordinal="0" offset="25" sl="90" sc="13" el="90" ec="13" bec="0" bev="0" fileid="5" />
                <SequencePoint vc="11" uspid="109" ordinal="0" offset="39" sl="92" sc="13" el="92" ec="13" bec="0" bev="0" fileid="5" />
                <SequencePoint vc="11" uspid="110" ordinal="0" offset="46" sl="94" sc="18" el="94" ec="18" bec="0" bev="0" fileid="5" />
                <SequencePoint vc="24" uspid="111" ordinal="0" offset="50" sl="95" sc="13" el="95" ec="13" bec="0" bev="0" fileid="5" />
                <SequencePoint vc="24" uspid="112" ordinal="0" offset="51" sl="96" sc="17" el="96" ec="17" bec="0" bev="0" fileid="5" />
                <SequencePoint vc="24" uspid="113" ordinal="0" offset="59" sl="97" sc="17" el="97" ec="17" bec="0" bev="0" fileid="5" />
                <SequencePoint vc="24" uspid="114" ordinal="0" offset="67" sl="98" sc="17" el="98" ec="17" bec="0" bev="0" fileid="5" />
                <SequencePoint vc="24" uspid="115" ordinal="0" offset="78" sl="100" sc="17" el="100" ec="17" bec="0" bev="0" fileid="5" />
                <SequencePoint vc="24" uspid="116" ordinal="0" offset="97" sl="102" sc="17" el="102" ec="17" bec="0" bev="0" fileid="5" />
                <SequencePoint vc="24" uspid="117" ordinal="0" offset="108" sl="103" sc="17" el="103" ec="17" bec="0" bev="0" fileid="5" />
                <SequencePoint vc="24" uspid="118" ordinal="0" offset="117" sl="104" sc="13" el="104" ec="13" bec="0" bev="0" fileid="5" />
                <SequencePoint vc="24" uspid="119" ordinal="0" offset="118" sl="94" sc="45" el="94" ec="45" bec="0" bev="0" fileid="5" />
                <SequencePoint vc="35" uspid="120" ordinal="0" offset="122" sl="94" sc="29" el="94" ec="29" bec="0" bev="0" fileid="5" />
                <SequencePoint vc="11" uspid="121" ordinal="0" offset="132" sl="106" sc="13" el="106" ec="13" bec="0" bev="0" fileid="5" />
                <SequencePoint vc="11" uspid="122" ordinal="0" offset="137" sl="107" sc="9" el="107" ec="9" bec="0" bev="0" fileid="5" />
              </SequencePoints>
              <BranchPoints />
            </Method>
            <Method visited="true" cyclomaticComplexity="0" nPathComplexity="0" sequenceCoverage="100.0" branchCoverage="0" crapScore="0" isConstructor="false" isStatic="true" isGetter="false" isSetter="false">
              <Summary numSequencePoints="5" visitedSequencePoints="5" numBranchPoints="0" visitedBranchPoints="0" sequenceCoverage="100.0" branchCoverage="0" maxCyclomaticComplexity="0" minCyclomaticComplexity="0" maxCrapScore="0" minCrapScore="0" visitedClasses="0" numClasses="0" visitedMethods="1" numMethods="1" />
              <MetadataToken>100663323</MetadataToken>
              <Name>static System.ValueTuple[Enemy,Single] Core.GameMechanics::GetClosestEnemy(Core.Enemy, System.Collections.Generic.List[Enemy])</Name>
              <FileRef uid="5" />
              <SequencePoints>
                <SequencePoint vc="5" uspid="123" ordinal="0" offset="20" sl="110" sc="9" el="110" ec="9" bec="0" bev="0" fileid="5" />
                <SequencePoint vc="5" uspid="124" ordinal="0" offset="21" sl="111" sc="13" el="111" ec="13" bec="0" bev="0" fileid="5" />
                <SequencePoint vc="5" uspid="125" ordinal="0" offset="45" sl="114" sc="13" el="114" ec="13" bec="0" bev="0" fileid="5" />
                <SequencePoint vc="5" uspid="126" ordinal="0" offset="83" sl="117" sc="13" el="117" ec="13" bec="0" bev="0" fileid="5" />
                <SequencePoint vc="5" uspid="127" ordinal="0" offset="93" sl="118" sc="9" el="118" ec="9" bec="0" bev="0" fileid="5" />
              </SequencePoints>
              <BranchPoints />
            </Method>
          </Methods>
        </Class>
        <Class>
          <Summary numSequencePoints="5" visitedSequencePoints="5" numBranchPoints="0" visitedBranchPoints="0" sequenceCoverage="100.0" branchCoverage="0.0" maxCyclomaticComplexity="0" minCyclomaticComplexity="0" maxCrapScore="0" minCrapScore="0" visitedClasses="1" numClasses="1" visitedMethods="2" numMethods="2" />
          <FullName>Core.TurnSteps.AbstractListEnemiesTurnStep</FullName>
          <Methods>
            <Method visited="true" cyclomaticComplexity="0" nPathComplexity="0" sequenceCoverage="100.0" branchCoverage="0" crapScore="0" isConstructor="false" isStatic="false" isGetter="true" isSetter="false">
              <Summary numSequencePoints="1" visitedSequencePoints="1" numBranchPoints="0" visitedBranchPoints="0" sequenceCoverage="100.0" branchCoverage="0" maxCyclomaticComplexity="0" minCyclomaticComplexity="0" maxCrapScore="0" minCrapScore="0" visitedClasses="0" numClasses="0" visitedMethods="1" numMethods="1" />
              <MetadataToken>100663324</MetadataToken>
              <Name>System.Collections.Generic.List[Enemy] Core.TurnSteps.AbstractListEnemiesTurnStep::get_Enemies()</Name>
              <FileRef uid="6" />
              <SequencePoints>
                <SequencePoint vc="6" uspid="128" ordinal="0" offset="0" sl="9" sc="39" el="9" ec="39" bec="0" bev="0" fileid="6" />
              </SequencePoints>
              <BranchPoints />
            </Method>
            <Method visited="true" cyclomaticComplexity="0" nPathComplexity="0" sequenceCoverage="100.0" branchCoverage="0" crapScore="0" isConstructor="true" isStatic="false" isGetter="false" isSetter="false">
              <Summary numSequencePoints="4" visitedSequencePoints="4" numBranchPoints="0" visitedBranchPoints="0" sequenceCoverage="100.0" branchCoverage="0" maxCyclomaticComplexity="0" minCyclomaticComplexity="0" maxCrapScore="0" minCrapScore="0" visitedClasses="0" numClasses="0" visitedMethods="1" numMethods="1" />
              <MetadataToken>100663325</MetadataToken>
              <Name>Core.TurnSteps.AbstractListEnemiesTurnStep::AbstractListEnemiesTurnStep(System.Collections.Generic.List[Enemy])</Name>
              <FileRef uid="6" />
              <SequencePoints>
                <SequencePoint vc="28" uspid="129" ordinal="0" offset="0" sl="11" sc="9" el="11" ec="9" bec="0" bev="0" fileid="6" />
                <SequencePoint vc="28" uspid="130" ordinal="0" offset="7" sl="12" sc="9" el="12" ec="9" bec="0" bev="0" fileid="6" />
                <SequencePoint vc="28" uspid="131" ordinal="0" offset="8" sl="13" sc="13" el="13" ec="13" bec="0" bev="0" fileid="6" />
                <SequencePoint vc="28" uspid="132" ordinal="0" offset="15" sl="14" sc="9" el="14" ec="9" bec="0" bev="0" fileid="6" />
              </SequencePoints>
              <BranchPoints />
            </Method>
          </Methods>
        </Class>
        <Class>
          <Summary numSequencePoints="5" visitedSequencePoints="5" numBranchPoints="0" visitedBranchPoints="0" sequenceCoverage="100.0" branchCoverage="0.0" maxCyclomaticComplexity="0" minCyclomaticComplexity="0" maxCrapScore="0" minCrapScore="0" visitedClasses="1" numClasses="1" visitedMethods="2" numMethods="2" />
          <FullName>Core.TurnSteps.AbstractShootTurnStep</FullName>
          <Methods>
            <Method visited="true" cyclomaticComplexity="0" nPathComplexity="0" sequenceCoverage="100.0" branchCoverage="0" crapScore="0" isConstructor="false" isStatic="false" isGetter="true" isSetter="false">
              <Summary numSequencePoints="1" visitedSequencePoints="1" numBranchPoints="0" visitedBranchPoints="0" sequenceCoverage="100.0" branchCoverage="0" maxCyclomaticComplexity="0" minCyclomaticComplexity="0" maxCrapScore="0" minCrapScore="0" visitedClasses="0" numClasses="0" visitedMethods="1" numMethods="1" />
              <MetadataToken>100663326</MetadataToken>
              <Name>Core.EnemyClass Core.TurnSteps.AbstractShootTurnStep::get_ShotClass()</Name>
              <FileRef uid="7" />
              <SequencePoints>
                <SequencePoint vc="2" uspid="133" ordinal="0" offset="0" sl="9" sc="40" el="9" ec="40" bec="0" bev="0" fileid="7" />
              </SequencePoints>
              <BranchPoints />
            </Method>
            <Method visited="true" cyclomaticComplexity="0" nPathComplexity="0" sequenceCoverage="100.0" branchCoverage="0" crapScore="0" isConstructor="true" isStatic="false" isGetter="false" isSetter="false">
              <Summary numSequencePoints="4" visitedSequencePoints="4" numBranchPoints="0" visitedBranchPoints="0" sequenceCoverage="100.0" branchCoverage="0" maxCyclomaticComplexity="0" minCyclomaticComplexity="0" maxCrapScore="0" minCrapScore="0" visitedClasses="0" numClasses="0" visitedMethods="1" numMethods="1" />
              <MetadataToken>100663327</MetadataToken>
              <Name>Core.TurnSteps.AbstractShootTurnStep::AbstractShootTurnStep(System.Collections.Generic.List[Enemy], Core.EnemyClass)</Name>
              <FileRef uid="7" />
              <SequencePoints>
                <SequencePoint vc="8" uspid="134" ordinal="0" offset="0" sl="11" sc="86" el="11" ec="86" bec="0" bev="0" fileid="7" />
                <SequencePoint vc="8" uspid="135" ordinal="0" offset="8" sl="12" sc="9" el="12" ec="9" bec="0" bev="0" fileid="7" />
                <SequencePoint vc="8" uspid="136" ordinal="0" offset="9" sl="13" sc="13" el="13" ec="13" bec="0" bev="0" fileid="7" />
                <SequencePoint vc="8" uspid="137" ordinal="0" offset="16" sl="14" sc="9" el="14" ec="9" bec="0" bev="0" fileid="7" />
              </SequencePoints>
              <BranchPoints />
            </Method>
          </Methods>
        </Class>
        <Class>
          <Summary numSequencePoints="3" visitedSequencePoints="3" numBranchPoints="0" visitedBranchPoints="0" sequenceCoverage="100.0" branchCoverage="0.0" maxCyclomaticComplexity="0" minCyclomaticComplexity="0" maxCrapScore="0" minCrapScore="0" visitedClasses="1" numClasses="1" visitedMethods="1" numMethods="1" />
          <FullName>Core.TurnSteps.ChangeClassTurnStep</FullName>
          <Methods>
            <Method visited="true" cyclomaticComplexity="0" nPathComplexity="0" sequenceCoverage="100.0" branchCoverage="0" crapScore="0" isConstructor="true" isStatic="false" isGetter="false" isSetter="false">
              <Summary numSequencePoints="3" visitedSequencePoints="3" numBranchPoints="0" visitedBranchPoints="0" sequenceCoverage="100.0" branchCoverage="0" maxCyclomaticComplexity="0" minCyclomaticComplexity="0" maxCrapScore="0" minCrapScore="0" visitedClasses="0" numClasses="0" visitedMethods="1" numMethods="1" />
              <MetadataToken>100663328</MetadataToken>
              <Name>Core.TurnSteps.ChangeClassTurnStep::ChangeClassTurnStep(System.Collections.Generic.List[Enemy], Core.EnemyClass)</Name>
              <FileRef uid="8" />
              <SequencePoints>
                <SequencePoint vc="2" uspid="138" ordinal="0" offset="0" sl="7" sc="81" el="7" ec="81" bec="0" bev="0" fileid="8" />
                <SequencePoint vc="2" uspid="139" ordinal="0" offset="9" sl="8" sc="9" el="8" ec="9" bec="0" bev="0" fileid="8" />
                <SequencePoint vc="2" uspid="140" ordinal="0" offset="10" sl="9" sc="9" el="9" ec="9" bec="0" bev="0" fileid="8" />
              </SequencePoints>
              <BranchPoints />
            </Method>
          </Methods>
        </Class>
        <Class>
          <Summary numSequencePoints="5" visitedSequencePoints="5" numBranchPoints="0" visitedBranchPoints="0" sequenceCoverage="100.0" branchCoverage="0.0" maxCyclomaticComplexity="0" minCyclomaticComplexity="0" maxCrapScore="0" minCrapScore="0" visitedClasses="1" numClasses="1" visitedMethods="2" numMethods="2" />
          <FullName>Core.TurnSteps.DamagePlayerTurnStep</FullName>
          <Methods>
            <Method visited="true" cyclomaticComplexity="0" nPathComplexity="0" sequenceCoverage="100.0" branchCoverage="0" crapScore="0" isConstructor="false" isStatic="false" isGetter="true" isSetter="false">
              <Summary numSequencePoints="1" visitedSequencePoints="1" numBranchPoints="0" visitedBranchPoints="0" sequenceCoverage="100.0" branchCoverage="0" maxCyclomaticComplexity="0" minCyclomaticComplexity="0" maxCrapScore="0" minCrapScore="0" visitedClasses="0" numClasses="0" visitedMethods="1" numMethods="1" />
              <MetadataToken>100663329</MetadataToken>
              <Name>System.Single Core.TurnSteps.DamagePlayerTurnStep::get_Damage()</Name>
              <FileRef uid="9" />
              <SequencePoints>
                <SequencePoint vc="1" uspid="141" ordinal="0" offset="0" sl="9" sc="32" el="9" ec="32" bec="0" bev="0" fileid="9" />
              </SequencePoints>
              <BranchPoints />
            </Method>
            <Method visited="true" cyclomaticComplexity="0" nPathComplexity="0" sequenceCoverage="100.0" branchCoverage="0" crapScore="0" isConstructor="true" isStatic="false" isGetter="false" isSetter="false">
              <Summary numSequencePoints="4" visitedSequencePoints="4" numBranchPoints="0" visitedBranchPoints="0" sequenceCoverage="100.0" branchCoverage="0" maxCyclomaticComplexity="0" minCyclomaticComplexity="0" maxCrapScore="0" minCrapScore="0" visitedClasses="0" numClasses="0" visitedMethods="1" numMethods="1" />
              <MetadataToken>100663330</MetadataToken>
              <Name>Core.TurnSteps.DamagePlayerTurnStep::DamagePlayerTurnStep(System.Collections.Generic.List[Enemy], System.Single)</Name>
              <FileRef uid="9" />
              <SequencePoints>
                <SequencePoint vc="2" uspid="142" ordinal="0" offset="0" sl="11" sc="74" el="11" ec="74" bec="0" bev="0" fileid="9" />
                <SequencePoint vc="2" uspid="143" ordinal="0" offset="8" sl="12" sc="9" el="12" ec="9" bec="0" bev="0" fileid="9" />
                <SequencePoint vc="2" uspid="144" ordinal="0" offset="9" sl="13" sc="13" el="13" ec="13" bec="0" bev="0" fileid="9" />
                <SequencePoint vc="2" uspid="145" ordinal="0" offset="16" sl="14" sc="9" el="14" ec="9" bec="0" bev="0" fileid="9" />
              </SequencePoints>
              <BranchPoints />
            </Method>
          </Methods>
        </Class>
        <Class>
          <Summary numSequencePoints="3" visitedSequencePoints="3" numBranchPoints="0" visitedBranchPoints="0" sequenceCoverage="100.0" branchCoverage="0.0" maxCyclomaticComplexity="0" minCyclomaticComplexity="0" maxCrapScore="0" minCrapScore="0" visitedClasses="1" numClasses="1" visitedMethods="1" numMethods="1" />
          <FullName>Core.TurnSteps.DestroyTurnStep</FullName>
          <Methods>
            <Method visited="true" cyclomaticComplexity="0" nPathComplexity="0" sequenceCoverage="100.0" branchCoverage="0" crapScore="0" isConstructor="true" isStatic="false" isGetter="false" isSetter="false">
              <Summary numSequencePoints="3" visitedSequencePoints="3" numBranchPoints="0" visitedBranchPoints="0" sequenceCoverage="100.0" branchCoverage="0" maxCyclomaticComplexity="0" minCyclomaticComplexity="0" maxCrapScore="0" minCrapScore="0" visitedClasses="0" numClasses="0" visitedMethods="1" numMethods="1" />
              <MetadataToken>100663331</MetadataToken>
              <Name>Core.TurnSteps.DestroyTurnStep::DestroyTurnStep(System.Collections.Generic.List[Enemy], Core.EnemyClass)</Name>
              <FileRef uid="10" />
              <SequencePoints>
                <SequencePoint vc="6" uspid="146" ordinal="0" offset="0" sl="7" sc="77" el="7" ec="77" bec="0" bev="0" fileid="10" />
                <SequencePoint vc="6" uspid="147" ordinal="0" offset="9" sl="8" sc="9" el="8" ec="9" bec="0" bev="0" fileid="10" />
                <SequencePoint vc="6" uspid="148" ordinal="0" offset="10" sl="9" sc="9" el="9" ec="9" bec="0" bev="0" fileid="10" />
              </SequencePoints>
              <BranchPoints />
            </Method>
          </Methods>
        </Class>
        <Class>
          <Summary numSequencePoints="5" visitedSequencePoints="0" numBranchPoints="0" visitedBranchPoints="0" sequenceCoverage="0.0" branchCoverage="0.0" maxCyclomaticComplexity="0" minCyclomaticComplexity="0" maxCrapScore="0" minCrapScore="0" visitedClasses="0" numClasses="1" visitedMethods="0" numMethods="2" />
          <FullName>Core.TurnSteps.HealPlayerTurnStep</FullName>
          <Methods>
            <Method visited="false" cyclomaticComplexity="0" nPathComplexity="0" sequenceCoverage="0.0" branchCoverage="0" crapScore="0" isConstructor="false" isStatic="false" isGetter="true" isSetter="false">
              <Summary numSequencePoints="1" visitedSequencePoints="0" numBranchPoints="0" visitedBranchPoints="0" sequenceCoverage="0.0" branchCoverage="0" maxCyclomaticComplexity="0" minCyclomaticComplexity="0" maxCrapScore="0" minCrapScore="0" visitedClasses="0" numClasses="0" visitedMethods="0" numMethods="1" />
              <MetadataToken>100663332</MetadataToken>
              <Name>System.Single Core.TurnSteps.HealPlayerTurnStep::get_Heal()</Name>
              <FileRef uid="11" />
              <SequencePoints>
                <SequencePoint vc="0" uspid="149" ordinal="0" offset="0" sl="7" sc="0" el="7" ec="0" bec="0" bev="0" fileid="11" />
              </SequencePoints>
              <BranchPoints />
            </Method>
            <Method visited="false" cyclomaticComplexity="0" nPathComplexity="0" sequenceCoverage="0.0" branchCoverage="0" crapScore="0" isConstructor="true" isStatic="false" isGetter="false" isSetter="false">
              <Summary numSequencePoints="4" visitedSequencePoints="0" numBranchPoints="0" visitedBranchPoints="0" sequenceCoverage="0.0" branchCoverage="0" maxCyclomaticComplexity="0" minCyclomaticComplexity="0" maxCrapScore="0" minCrapScore="0" visitedClasses="0" numClasses="0" visitedMethods="0" numMethods="1" />
              <MetadataToken>100663333</MetadataToken>
              <Name>Core.TurnSteps.HealPlayerTurnStep::HealPlayerTurnStep(System.Single)</Name>
              <FileRef uid="11" />
              <SequencePoints>
                <SequencePoint vc="0" uspid="150" ordinal="0" offset="0" sl="9" sc="0" el="9" ec="0" bec="0" bev="0" fileid="11" />
                <SequencePoint vc="0" uspid="151" ordinal="0" offset="7" sl="10" sc="0" el="10" ec="0" bec="0" bev="0" fileid="11" />
                <SequencePoint vc="0" uspid="152" ordinal="0" offset="8" sl="11" sc="0" el="11" ec="0" bec="0" bev="0" fileid="11" />
                <SequencePoint vc="0" uspid="153" ordinal="0" offset="15" sl="12" sc="0" el="12" ec="0" bec="0" bev="0" fileid="11" />
              </SequencePoints>
              <BranchPoints />
            </Method>
          </Methods>
        </Class>
        <Class>
          <Summary numSequencePoints="3" visitedSequencePoints="3" numBranchPoints="0" visitedBranchPoints="0" sequenceCoverage="100.0" branchCoverage="0.0" maxCyclomaticComplexity="0" minCyclomaticComplexity="0" maxCrapScore="0" minCrapScore="0" visitedClasses="1" numClasses="1" visitedMethods="1" numMethods="1" />
          <FullName>Core.TurnSteps.MoveTurnStep</FullName>
          <Methods>
            <Method visited="true" cyclomaticComplexity="0" nPathComplexity="0" sequenceCoverage="100.0" branchCoverage="0" crapScore="0" isConstructor="true" isStatic="false" isGetter="false" isSetter="false">
              <Summary numSequencePoints="3" visitedSequencePoints="3" numBranchPoints="0" visitedBranchPoints="0" sequenceCoverage="100.0" branchCoverage="0" maxCyclomaticComplexity="0" minCyclomaticComplexity="0" maxCrapScore="0" minCrapScore="0" visitedClasses="0" numClasses="0" visitedMethods="1" numMethods="1" />
              <MetadataToken>100663334</MetadataToken>
              <Name>Core.TurnSteps.MoveTurnStep::MoveTurnStep(System.Collections.Generic.List[Enemy])</Name>
              <FileRef uid="12" />
              <SequencePoints>
                <SequencePoint vc="9" uspid="154" ordinal="0" offset="0" sl="7" sc="52" el="7" ec="52" bec="0" bev="0" fileid="12" />
                <SequencePoint vc="9" uspid="155" ordinal="0" offset="8" sl="8" sc="9" el="8" ec="9" bec="0" bev="0" fileid="12" />
                <SequencePoint vc="9" uspid="156" ordinal="0" offset="9" sl="9" sc="9" el="9" ec="9" bec="0" bev="0" fileid="12" />
              </SequencePoints>
              <BranchPoints />
            </Method>
          </Methods>
        </Class>
        <Class>
          <Summary numSequencePoints="5" visitedSequencePoints="5" numBranchPoints="0" visitedBranchPoints="0" sequenceCoverage="100.0" branchCoverage="0.0" maxCyclomaticComplexity="0" minCyclomaticComplexity="0" maxCrapScore="0" minCrapScore="0" visitedClasses="1" numClasses="1" visitedMethods="2" numMethods="2" />
          <FullName>Core.TurnSteps.ScoreChangedTurnStep</FullName>
          <Methods>
            <Method visited="true" cyclomaticComplexity="0" nPathComplexity="0" sequenceCoverage="100.0" branchCoverage="0" crapScore="0" isConstructor="false" isStatic="false" isGetter="true" isSetter="false">
              <Summary numSequencePoints="1" visitedSequencePoints="1" numBranchPoints="0" visitedBranchPoints="0" sequenceCoverage="100.0" branchCoverage="0" maxCyclomaticComplexity="0" minCyclomaticComplexity="0" maxCrapScore="0" minCrapScore="0" visitedClasses="0" numClasses="0" visitedMethods="1" numMethods="1" />
              <MetadataToken>100663335</MetadataToken>
              <Name>System.Int32 Core.TurnSteps.ScoreChangedTurnStep::get_ScoreChange()</Name>
              <FileRef uid="13" />
              <SequencePoints>
                <SequencePoint vc="5" uspid="157" ordinal="0" offset="0" sl="7" sc="35" el="7" ec="35" bec="0" bev="0" fileid="13" />
              </SequencePoints>
              <BranchPoints />
            </Method>
            <Method visited="true" cyclomaticComplexity="0" nPathComplexity="0" sequenceCoverage="100.0" branchCoverage="0" crapScore="0" isConstructor="true" isStatic="false" isGetter="false" isSetter="false">
              <Summary numSequencePoints="4" visitedSequencePoints="4" numBranchPoints="0" visitedBranchPoints="0" sequenceCoverage="100.0" branchCoverage="0" maxCyclomaticComplexity="0" minCyclomaticComplexity="0" maxCrapScore="0" minCrapScore="0" visitedClasses="0" numClasses="0" visitedMethods="1" numMethods="1" />
              <MetadataToken>100663336</MetadataToken>
              <Name>Core.TurnSteps.ScoreChangedTurnStep::ScoreChangedTurnStep(System.Int32)</Name>
              <FileRef uid="13" />
              <SequencePoints>
                <SequencePoint vc="6" uspid="158" ordinal="0" offset="0" sl="9" sc="9" el="9" ec="9" bec="0" bev="0" fileid="13" />
                <SequencePoint vc="6" uspid="159" ordinal="0" offset="7" sl="10" sc="9" el="10" ec="9" bec="0" bev="0" fileid="13" />
                <SequencePoint vc="6" uspid="160" ordinal="0" offset="8" sl="11" sc="13" el="11" ec="13" bec="0" bev="0" fileid="13" />
                <SequencePoint vc="6" uspid="161" ordinal="0" offset="15" sl="12" sc="9" el="12" ec="9" bec="0" bev="0" fileid="13" />
              </SequencePoints>
              <BranchPoints />
            </Method>
          </Methods>
        </Class>
        <Class>
          <Summary numSequencePoints="3" visitedSequencePoints="3" numBranchPoints="0" visitedBranchPoints="0" sequenceCoverage="100.0" branchCoverage="0.0" maxCyclomaticComplexity="0" minCyclomaticComplexity="0" maxCrapScore="0" minCrapScore="0" visitedClasses="1" numClasses="1" visitedMethods="1" numMethods="1" />
          <FullName>Core.TurnSteps.SpawnTurnStep</FullName>
          <Methods>
            <Method visited="true" cyclomaticComplexity="0" nPathComplexity="0" sequenceCoverage="100.0" branchCoverage="0" crapScore="0" isConstructor="true" isStatic="false" isGetter="false" isSetter="false">
              <Summary numSequencePoints="3" visitedSequencePoints="3" numBranchPoints="0" visitedBranchPoints="0" sequenceCoverage="100.0" branchCoverage="0" maxCyclomaticComplexity="0" minCyclomaticComplexity="0" maxCrapScore="0" minCrapScore="0" visitedClasses="0" numClasses="0" visitedMethods="1" numMethods="1" />
              <MetadataToken>100663337</MetadataToken>
              <Name>Core.TurnSteps.SpawnTurnStep::SpawnTurnStep(System.Collections.Generic.List[Enemy])</Name>
              <FileRef uid="14" />
              <SequencePoints>
                <SequencePoint vc="9" uspid="162" ordinal="0" offset="0" sl="7" sc="53" el="7" ec="53" bec="0" bev="0" fileid="14" />
                <SequencePoint vc="9" uspid="163" ordinal="0" offset="8" sl="8" sc="9" el="8" ec="9" bec="0" bev="0" fileid="14" />
                <SequencePoint vc="9" uspid="164" ordinal="0" offset="9" sl="9" sc="9" el="9" ec="9" bec="0" bev="0" fileid="14" />
              </SequencePoints>
              <BranchPoints />
            </Method>
          </Methods>
        </Class>
        <Class>
          <Summary numSequencePoints="12" visitedSequencePoints="10" numBranchPoints="0" visitedBranchPoints="0" sequenceCoverage="83.33" branchCoverage="0.0" maxCyclomaticComplexity="0" minCyclomaticComplexity="0" maxCrapScore="0" minCrapScore="0" visitedClasses="1" numClasses="1" visitedMethods="7" numMethods="9" />
          <FullName>Core.GameRules.GameRules</FullName>
          <Methods>
            <Method visited="true" cyclomaticComplexity="0" nPathComplexity="0" sequenceCoverage="100.0" branchCoverage="0" crapScore="0" isConstructor="false" isStatic="false" isGetter="true" isSetter="false">
              <Summary numSequencePoints="1" visitedSequencePoints="1" numBranchPoints="0" visitedBranchPoints="0" sequenceCoverage="100.0" branchCoverage="0" maxCyclomaticComplexity="0" minCyclomaticComplexity="0" maxCrapScore="0" minCrapScore="0" visitedClasses="0" numClasses="0" visitedMethods="1" numMethods="1" />
              <MetadataToken>100663339</MetadataToken>
              <Name>Core.GameRules.SpawnRules Core.GameRules.GameRules::get_SpawnRules()</Name>
              <FileRef uid="15" />
              <SequencePoints>
                <SequencePoint vc="11" uspid="165" ordinal="0" offset="0" sl="21" sc="20" el="21" ec="20" bec="0" bev="0" fileid="15" />
              </SequencePoints>
              <BranchPoints />
            </Method>
            <Method visited="false" cyclomaticComplexity="0" nPathComplexity="0" sequenceCoverage="0.0" branchCoverage="0" crapScore="0" isConstructor="false" isStatic="false" isGetter="false" isSetter="true">
              <Summary numSequencePoints="1" visitedSequencePoints="0" numBranchPoints="0" visitedBranchPoints="0" sequenceCoverage="0.0" branchCoverage="0" maxCyclomaticComplexity="0" minCyclomaticComplexity="0" maxCrapScore="0" minCrapScore="0" visitedClasses="0" numClasses="0" visitedMethods="0" numMethods="1" />
              <MetadataToken>100663340</MetadataToken>
              <Name>System.Void Core.GameRules.GameRules::set_SpawnRules(Core.GameRules.SpawnRules)</Name>
              <FileRef uid="15" />
              <SequencePoints>
                <SequencePoint vc="0" uspid="166" ordinal="0" offset="0" sl="22" sc="0" el="22" ec="0" bec="0" bev="0" fileid="15" />
              </SequencePoints>
              <BranchPoints />
            </Method>
            <Method visited="true" cyclomaticComplexity="0" nPathComplexity="0" sequenceCoverage="100.0" branchCoverage="0" crapScore="0" isConstructor="false" isStatic="false" isGetter="true" isSetter="false">
              <Summary numSequencePoints="1" visitedSequencePoints="1" numBranchPoints="0" visitedBranchPoints="0" sequenceCoverage="100.0" branchCoverage="0" maxCyclomaticComplexity="0" minCyclomaticComplexity="0" maxCrapScore="0" minCrapScore="0" visitedClasses="0" numClasses="0" visitedMethods="1" numMethods="1" />
              <MetadataToken>100663341</MetadataToken>
              <Name>Core.GameRules.HealthRules Core.GameRules.GameRules::get_HealthRules()</Name>
              <FileRef uid="15" />
              <SequencePoints>
                <SequencePoint vc="45" uspid="167" ordinal="0" offset="0" sl="27" sc="20" el="27" ec="20" bec="0" bev="0" fileid="15" />
              </SequencePoints>
              <BranchPoints />
            </Method>
            <Method visited="false" cyclomaticComplexity="0" nPathComplexity="0" sequenceCoverage="0.0" branchCoverage="0" crapScore="0" isConstructor="false" isStatic="false" isGetter="false" isSetter="true">
              <Summary numSequencePoints="1" visitedSequencePoints="0" numBranchPoints="0" visitedBranchPoints="0" sequenceCoverage="0.0" branchCoverage="0" maxCyclomaticComplexity="0" minCyclomaticComplexity="0" maxCrapScore="0" minCrapScore="0" visitedClasses="0" numClasses="0" visitedMethods="0" numMethods="1" />
              <MetadataToken>100663342</MetadataToken>
              <Name>System.Void Core.GameRules.GameRules::set_HealthRules(Core.GameRules.HealthRules)</Name>
              <FileRef uid="15" />
              <SequencePoints>
                <SequencePoint vc="0" uspid="168" ordinal="0" offset="0" sl="28" sc="0" el="28" ec="0" bec="0" bev="0" fileid="15" />
              </SequencePoints>
              <BranchPoints />
            </Method>
            <Method visited="true" cyclomaticComplexity="0" nPathComplexity="0" sequenceCoverage="100.0" branchCoverage="0" crapScore="0" isConstructor="false" isStatic="false" isGetter="true" isSetter="false">
              <Summary numSequencePoints="1" visitedSequencePoints="1" numBranchPoints="0" visitedBranchPoints="0" sequenceCoverage="100.0" branchCoverage="0" maxCyclomaticComplexity="0" minCyclomaticComplexity="0" maxCrapScore="0" minCrapScore="0" visitedClasses="0" numClasses="0" visitedMethods="1" numMethods="1" />
              <MetadataToken>100663343</MetadataToken>
              <Name>System.Single Core.GameRules.GameRules::get_MoveDistancePerTurn()</Name>
              <FileRef uid="15" />
              <SequencePoints>
                <SequencePoint vc="34" uspid="169" ordinal="0" offset="0" sl="33" sc="20" el="33" ec="20" bec="0" bev="0" fileid="15" />
              </SequencePoints>
              <BranchPoints />
            </Method>
            <Method visited="true" cyclomaticComplexity="0" nPathComplexity="0" sequenceCoverage="100.0" branchCoverage="0" crapScore="0" isConstructor="false" isStatic="false" isGetter="false" isSetter="true">
              <Summary numSequencePoints="1" visitedSequencePoints="1" numBranchPoints="0" visitedBranchPoints="0" sequenceCoverage="100.0" branchCoverage="0" maxCyclomaticComplexity="0" minCyclomaticComplexity="0" maxCrapScore="0" minCrapScore="0" visitedClasses="0" numClasses="0" visitedMethods="1" numMethods="1" />
              <MetadataToken>100663344</MetadataToken>
              <Name>System.Void Core.GameRules.GameRules::set_MoveDistancePerTurn(System.Single)</Name>
              <FileRef uid="15" />
              <SequencePoints>
                <SequencePoint vc="3" uspid="170" ordinal="0" offset="0" sl="34" sc="20" el="34" ec="20" bec="0" bev="0" fileid="15" />
              </SequencePoints>
              <BranchPoints />
            </Method>
            <Method visited="true" cyclomaticComplexity="0" nPathComplexity="0" sequenceCoverage="100.0" branchCoverage="0" crapScore="0" isConstructor="false" isStatic="false" isGetter="true" isSetter="false">
              <Summary numSequencePoints="1" visitedSequencePoints="1" numBranchPoints="0" visitedBranchPoints="0" sequenceCoverage="100.0" branchCoverage="0" maxCyclomaticComplexity="0" minCyclomaticComplexity="0" maxCrapScore="0" minCrapScore="0" visitedClasses="0" numClasses="0" visitedMethods="1" numMethods="1" />
              <MetadataToken>100663345</MetadataToken>
              <Name>System.Single Core.GameRules.GameRules::get_DistanceToBounceShot()</Name>
              <FileRef uid="15" />
              <SequencePoints>
                <SequencePoint vc="5" uspid="171" ordinal="0" offset="0" sl="39" sc="20" el="39" ec="20" bec="0" bev="0" fileid="15" />
              </SequencePoints>
              <BranchPoints />
            </Method>
            <Method visited="true" cyclomaticComplexity="0" nPathComplexity="0" sequenceCoverage="100.0" branchCoverage="0" crapScore="0" isConstructor="false" isStatic="false" isGetter="false" isSetter="true">
              <Summary numSequencePoints="1" visitedSequencePoints="1" numBranchPoints="0" visitedBranchPoints="0" sequenceCoverage="100.0" branchCoverage="0" maxCyclomaticComplexity="0" minCyclomaticComplexity="0" maxCrapScore="0" minCrapScore="0" visitedClasses="0" numClasses="0" visitedMethods="1" numMethods="1" />
              <MetadataToken>100663346</MetadataToken>
              <Name>System.Void Core.GameRules.GameRules::set_DistanceToBounceShot(System.Single)</Name>
              <FileRef uid="15" />
              <SequencePoints>
                <SequencePoint vc="6" uspid="172" ordinal="0" offset="0" sl="40" sc="20" el="40" ec="20" bec="0" bev="0" fileid="15" />
              </SequencePoints>
              <BranchPoints />
            </Method>
            <Method visited="true" cyclomaticComplexity="0" nPathComplexity="0" sequenceCoverage="100.0" branchCoverage="0" crapScore="0" isConstructor="true" isStatic="false" isGetter="false" isSetter="false">
              <Summary numSequencePoints="4" visitedSequencePoints="4" numBranchPoints="0" visitedBranchPoints="0" sequenceCoverage="100.0" branchCoverage="0" maxCyclomaticComplexity="0" minCyclomaticComplexity="0" maxCrapScore="0" minCrapScore="0" visitedClasses="0" numClasses="0" visitedMethods="1" numMethods="1" />
              <MetadataToken>100663347</MetadataToken>
              <Name>Core.GameRules.GameRules::GameRules()</Name>
              <FileRef uid="15" />
              <SequencePoints>
                <SequencePoint vc="13" uspid="173" ordinal="0" offset="0" sl="8" sc="26" el="8" ec="26" bec="0" bev="0" fileid="15" />
                <SequencePoint vc="13" uspid="174" ordinal="0" offset="11" sl="10" sc="26" el="10" ec="26" bec="0" bev="0" fileid="15" />
                <SequencePoint vc="13" uspid="175" ordinal="0" offset="22" sl="12" sc="26" el="12" ec="26" bec="0" bev="0" fileid="15" />
                <SequencePoint vc="13" uspid="176" ordinal="0" offset="33" sl="17" sc="26" el="17" ec="26" bec="0" bev="0" fileid="15" />
              </SequencePoints>
              <BranchPoints />
            </Method>
          </Methods>
        </Class>
        <Class>
          <Summary numSequencePoints="6" visitedSequencePoints="6" numBranchPoints="0" visitedBranchPoints="0" sequenceCoverage="100.0" branchCoverage="0.0" maxCyclomaticComplexity="0" minCyclomaticComplexity="0" maxCrapScore="0" minCrapScore="0" visitedClasses="1" numClasses="1" visitedMethods="5" numMethods="5" />
          <FullName>Core.GameRules.HealthRules</FullName>
          <Methods>
            <Method visited="true" cyclomaticComplexity="0" nPathComplexity="0" sequenceCoverage="100.0" branchCoverage="0" crapScore="0" isConstructor="false" isStatic="false" isGetter="true" isSetter="false">
              <Summary numSequencePoints="1" visitedSequencePoints="1" numBranchPoints="0" visitedBranchPoints="0" sequenceCoverage="100.0" branchCoverage="0" maxCyclomaticComplexity="0" minCyclomaticComplexity="0" maxCrapScore="0" minCrapScore="0" visitedClasses="0" numClasses="0" visitedMethods="1" numMethods="1" />
              <MetadataToken>100663348</MetadataToken>
              <Name>System.Single Core.GameRules.HealthRules::get_DistanceToDamagePlayer()</Name>
              <FileRef uid="16" />
              <SequencePoints>
                <SequencePoint vc="34" uspid="177" ordinal="0" offset="0" sl="15" sc="20" el="15" ec="20" bec="0" bev="0" fileid="16" />
              </SequencePoints>
              <BranchPoints />
            </Method>
            <Method visited="true" cyclomaticComplexity="0" nPathComplexity="0" sequenceCoverage="100.0" branchCoverage="0" crapScore="0" isConstructor="false" isStatic="false" isGetter="false" isSetter="true">
              <Summary numSequencePoints="1" visitedSequencePoints="1" numBranchPoints="0" visitedBranchPoints="0" sequenceCoverage="100.0" branchCoverage="0" maxCyclomaticComplexity="0" minCyclomaticComplexity="0" maxCrapScore="0" minCrapScore="0" visitedClasses="0" numClasses="0" visitedMethods="1" numMethods="1" />
              <MetadataToken>100663349</MetadataToken>
              <Name>System.Void Core.GameRules.HealthRules::set_DistanceToDamagePlayer(System.Single)</Name>
              <FileRef uid="16" />
              <SequencePoints>
                <SequencePoint vc="2" uspid="178" ordinal="0" offset="0" sl="16" sc="20" el="16" ec="20" bec="0" bev="0" fileid="16" />
              </SequencePoints>
              <BranchPoints />
            </Method>
            <Method visited="true" cyclomaticComplexity="0" nPathComplexity="0" sequenceCoverage="100.0" branchCoverage="0" crapScore="0" isConstructor="false" isStatic="false" isGetter="true" isSetter="false">
              <Summary numSequencePoints="1" visitedSequencePoints="1" numBranchPoints="0" visitedBranchPoints="0" sequenceCoverage="100.0" branchCoverage="0" maxCyclomaticComplexity="0" minCyclomaticComplexity="0" maxCrapScore="0" minCrapScore="0" visitedClasses="0" numClasses="0" visitedMethods="1" numMethods="1" />
              <MetadataToken>100663350</MetadataToken>
              <Name>System.Single Core.GameRules.HealthRules::get_DamagePerHit()</Name>
              <FileRef uid="16" />
              <SequencePoints>
                <SequencePoint vc="8" uspid="179" ordinal="0" offset="0" sl="21" sc="20" el="21" ec="20" bec="0" bev="0" fileid="16" />
              </SequencePoints>
              <BranchPoints />
            </Method>
            <Method visited="true" cyclomaticComplexity="0" nPathComplexity="0" sequenceCoverage="100.0" branchCoverage="0" crapScore="0" isConstructor="false" isStatic="false" isGetter="false" isSetter="true">
              <Summary numSequencePoints="1" visitedSequencePoints="1" numBranchPoints="0" visitedBranchPoints="0" sequenceCoverage="100.0" branchCoverage="0" maxCyclomaticComplexity="0" minCyclomaticComplexity="0" maxCrapScore="0" minCrapScore="0" visitedClasses="0" numClasses="0" visitedMethods="1" numMethods="1" />
              <MetadataToken>100663351</MetadataToken>
              <Name>System.Void Core.GameRules.HealthRules::set_DamagePerHit(System.Single)</Name>
              <FileRef uid="16" />
              <SequencePoints>
                <SequencePoint vc="1" uspid="180" ordinal="0" offset="0" sl="22" sc="20" el="22" ec="20" bec="0" bev="0" fileid="16" />
              </SequencePoints>
              <BranchPoints />
            </Method>
            <Method visited="true" cyclomaticComplexity="0" nPathComplexity="0" sequenceCoverage="100.0" branchCoverage="0" crapScore="0" isConstructor="true" isStatic="false" isGetter="false" isSetter="false">
              <Summary numSequencePoints="2" visitedSequencePoints="2" numBranchPoints="0" visitedBranchPoints="0" sequenceCoverage="100.0" branchCoverage="0" maxCyclomaticComplexity="0" minCyclomaticComplexity="0" maxCrapScore="0" minCrapScore="0" visitedClasses="0" numClasses="0" visitedMethods="1" numMethods="1" />
              <MetadataToken>100663352</MetadataToken>
              <Name>Core.GameRules.HealthRules::HealthRules()</Name>
              <FileRef uid="16" />
              <SequencePoints>
                <SequencePoint vc="13" uspid="181" ordinal="0" offset="0" sl="9" sc="26" el="9" ec="26" bec="0" bev="0" fileid="16" />
                <SequencePoint vc="13" uspid="182" ordinal="0" offset="11" sl="11" sc="26" el="11" ec="26" bec="0" bev="0" fileid="16" />
              </SequencePoints>
              <BranchPoints />
            </Method>
          </Methods>
        </Class>
        <Class>
          <Summary numSequencePoints="29" visitedSequencePoints="26" numBranchPoints="0" visitedBranchPoints="0" sequenceCoverage="89.66" branchCoverage="0.0" maxCyclomaticComplexity="0" minCyclomaticComplexity="0" maxCrapScore="0" minCrapScore="0" visitedClasses="1" numClasses="1" visitedMethods="11" numMethods="14" />
          <FullName>Core.GameRules.SpawnRules</FullName>
          <Methods>
            <Method visited="true" cyclomaticComplexity="0" nPathComplexity="0" sequenceCoverage="100.0" branchCoverage="0" crapScore="0" isConstructor="false" isStatic="false" isGetter="true" isSetter="false">
              <Summary numSequencePoints="1" visitedSequencePoints="1" numBranchPoints="0" visitedBranchPoints="0" sequenceCoverage="100.0" branchCoverage="0" maxCyclomaticComplexity="0" minCyclomaticComplexity="0" maxCrapScore="0" minCrapScore="0" visitedClasses="0" numClasses="0" visitedMethods="1" numMethods="1" />
              <MetadataToken>100663353</MetadataToken>
              <Name>System.Int32 Core.GameRules.SpawnRules::get_MinSpawnCount()</Name>
              <FileRef uid="17" />
              <SequencePoints>
                <SequencePoint vc="11" uspid="183" ordinal="0" offset="0" sl="30" sc="20" el="30" ec="20" bec="0" bev="0" fileid="17" />
              </SequencePoints>
              <BranchPoints />
            </Method>
            <Method visited="true" cyclomaticComplexity="0" nPathComplexity="0" sequenceCoverage="100.0" branchCoverage="0" crapScore="0" isConstructor="false" isStatic="false" isGetter="false" isSetter="true">
              <Summary numSequencePoints="1" visitedSequencePoints="1" numBranchPoints="0" visitedBranchPoints="0" sequenceCoverage="100.0" branchCoverage="0" maxCyclomaticComplexity="0" minCyclomaticComplexity="0" maxCrapScore="0" minCrapScore="0" visitedClasses="0" numClasses="0" visitedMethods="1" numMethods="1" />
              <MetadataToken>100663354</MetadataToken>
              <Name>System.Void Core.GameRules.SpawnRules::set_MinSpawnCount(System.Int32)</Name>
              <FileRef uid="17" />
              <SequencePoints>
                <SequencePoint vc="2" uspid="184" ordinal="0" offset="0" sl="31" sc="20" el="31" ec="20" bec="0" bev="0" fileid="17" />
              </SequencePoints>
              <BranchPoints />
            </Method>
            <Method visited="true" cyclomaticComplexity="0" nPathComplexity="0" sequenceCoverage="100.0" branchCoverage="0" crapScore="0" isConstructor="false" isStatic="false" isGetter="true" isSetter="false">
              <Summary numSequencePoints="1" visitedSequencePoints="1" numBranchPoints="0" visitedBranchPoints="0" sequenceCoverage="100.0" branchCoverage="0" maxCyclomaticComplexity="0" minCyclomaticComplexity="0" maxCrapScore="0" minCrapScore="0" visitedClasses="0" numClasses="0" visitedMethods="1" numMethods="1" />
              <MetadataToken>100663355</MetadataToken>
              <Name>System.Int32 Core.GameRules.SpawnRules::get_MaxSpawnCount()</Name>
              <FileRef uid="17" />
              <SequencePoints>
                <SequencePoint vc="11" uspid="185" ordinal="0" offset="0" sl="36" sc="20" el="36" ec="20" bec="0" bev="0" fileid="17" />
              </SequencePoints>
              <BranchPoints />
            </Method>
            <Method visited="true" cyclomaticComplexity="0" nPathComplexity="0" sequenceCoverage="100.0" branchCoverage="0" crapScore="0" isConstructor="false" isStatic="false" isGetter="false" isSetter="true">
              <Summary numSequencePoints="1" visitedSequencePoints="1" numBranchPoints="0" visitedBranchPoints="0" sequenceCoverage="100.0" branchCoverage="0" maxCyclomaticComplexity="0" minCyclomaticComplexity="0" maxCrapScore="0" minCrapScore="0" visitedClasses="0" numClasses="0" visitedMethods="1" numMethods="1" />
              <MetadataToken>100663356</MetadataToken>
              <Name>System.Void Core.GameRules.SpawnRules::set_MaxSpawnCount(System.Int32)</Name>
              <FileRef uid="17" />
              <SequencePoints>
[...]
              <FileRef uid="1" />
              <SequencePoints>
                <SequencePoint vc="0" uspid="222" ordinal="0" offset="7" sl="41" sc="0" el="41" ec="0" bec="0" bev="0" fileid="1" />
                <SequencePoint vc="0" uspid="223" ordinal="0" offset="34" sl="43" sc="0" el="43" ec="0" bec="0" bev="0" fileid="1" />
              </SequencePoints>
              <BranchPoints />
            </Method>
          </Methods>
        </Class>
        <Class>
          <Summary numSequencePoints="14" visitedSequencePoints="14" numBranchPoints="0" visitedBranchPoints="0" sequenceCoverage="100.0" branchCoverage="0.0" maxCyclomaticComplexity="0" minCyclomaticComplexity="0" maxCrapScore="0" minCrapScore="0" visitedClasses="1" numClasses="1" visitedMethods="1" numMethods="1" />
          <FullName>Core.EnemyClassUtils/&lt;GetValuesFromClass&gt;d__1</FullName>
          <Methods>
            <Method visited="true" cyclomaticComplexity="0" nPathComplexity="0" sequenceCoverage="100.0" branchCoverage="0" crapScore="0" isConstructor="false" isStatic="false" isGetter="false" isSetter="false">
              <Summary numSequencePoints="14" visitedSequencePoints="14" numBranchPoints="0" visitedBranchPoints="0" sequenceCoverage="100.0" branchCoverage="0" maxCyclomaticComplexity="0" minCyclomaticComplexity="0" maxCrapScore="0" minCrapScore="0" visitedClasses="0" numClasses="0" visitedMethods="1" numMethods="1" />
              <MetadataToken>100663382</MetadataToken>
              <Name>System.Boolean Core.EnemyClassUtils/&lt;GetValuesFromClass&gt;d__1::MoveNext()</Name>
              <FileRef uid="3" />
              <SequencePoints>
                <SequencePoint vc="6" uspid="224" ordinal="0" offset="34" sl="53" sc="9" el="53" ec="9" bec="0" bev="0" fileid="3" />
                <SequencePoint vc="6" uspid="225" ordinal="0" offset="35" sl="55" sc="13" el="55" ec="13" bec="0" bev="0" fileid="3" />
                <SequencePoint vc="6" uspid="226" ordinal="0" offset="58" sl="56" sc="13" el="56" ec="13" bec="0" bev="0" fileid="3" />
                <SequencePoint vc="6" uspid="227" ordinal="0" offset="81" sl="58" sc="18" el="58" ec="18" bec="0" bev="0" fileid="3" />
                <SequencePoint vc="90" uspid="228" ordinal="0" offset="95" sl="59" sc="13" el="59" ec="13" bec="0" bev="0" fileid="3" />
                <SequencePoint vc="90" uspid="229" ordinal="0" offset="96" sl="60" sc="17" el="60" ec="17" bec="0" bev="0" fileid="3" />
                <SequencePoint vc="90" uspid="230" ordinal="0" offset="113" sl="61" sc="17" el="61" ec="17" bec="0" bev="0" fileid="3" />
                <SequencePoint vc="23" uspid="231" ordinal="0" offset="131" sl="62" sc="17" el="62" ec="17" bec="0" bev="0" fileid="3" />
                <SequencePoint vc="23" uspid="232" ordinal="0" offset="132" sl="63" sc="21" el="63" ec="21" bec="0" bev="0" fileid="3" />
                <SequencePoint vc="23" uspid="233" ordinal="0" offset="160" sl="64" sc="17" el="64" ec="17" bec="0" bev="0" fileid="3" />
                <SequencePoint vc="90" uspid="234" ordinal="0" offset="161" sl="65" sc="13" el="65" ec="13" bec="0" bev="0" fileid="3" />
                <SequencePoint vc="90" uspid="235" ordinal="0" offset="162" sl="58" sc="41" el="58" ec="41" bec="0" bev="0" fileid="3" />
                <SequencePoint vc="96" uspid="236" ordinal="0" offset="178" sl="58" sc="31" el="58" ec="31" bec="0" bev="0" fileid="3" />
                <SequencePoint vc="6" uspid="237" ordinal="0" offset="199" sl="66" sc="9" el="66" ec="9" bec="0" bev="0" fileid="3" />
              </SequencePoints>
              <BranchPoints />
            </Method>
          </Methods>
        </Class>
        <Class>
          <Summary numSequencePoints="23" visitedSequencePoints="23" numBranchPoints="0" visitedBranchPoints="0" sequenceCoverage="100.0" branchCoverage="0.0" maxCyclomaticComplexity="0" minCyclomaticComplexity="0" maxCrapScore="0" minCrapScore="0" visitedClasses="1" numClasses="1" visitedMethods="1" numMethods="1" />
          <FullName>Core.GameController/&lt;ExecutePlayerActions&gt;d__8</FullName>
          <Methods>
            <Method visited="true" cyclomaticComplexity="0" nPathComplexity="0" sequenceCoverage="100.0" branchCoverage="0" crapScore="0" isConstructor="false" isStatic="false" isGetter="false" isSetter="false">
              <Summary numSequencePoints="23" visitedSequencePoints="23" numBranchPoints="0" visitedBranchPoints="0" sequenceCoverage="100.0" branchCoverage="0" maxCyclomaticComplexity="0" minCyclomaticComplexity="0" maxCrapScore="0" minCrapScore="0" visitedClasses="0" numClasses="0" visitedMethods="1" numMethods="1" />
              <MetadataToken>100663390</MetadataToken>
              <Name>System.Boolean Core.GameController/&lt;ExecutePlayerActions&gt;d__8::MoveNext()</Name>
              <FileRef uid="4" />
              <SequencePoints>
                <SequencePoint vc="8" uspid="238" ordinal="0" offset="57" sl="59" sc="9" el="59" ec="9" bec="0" bev="0" fileid="4" />
                <SequencePoint vc="8" uspid="239" ordinal="0" offset="58" sl="61" sc="13" el="61" ec="13" bec="0" bev="0" fileid="4" />
                <SequencePoint vc="8" uspid="240" ordinal="0" offset="97" sl="64" sc="13" el="64" ec="13" bec="0" bev="0" fileid="4" />
                <SequencePoint vc="8" uspid="241" ordinal="0" offset="122" sl="66" sc="13" el="66" ec="13" bec="0" bev="0" fileid="4" />
                <SequencePoint vc="6" uspid="242" ordinal="0" offset="135" sl="67" sc="13" el="67" ec="13" bec="0" bev="0" fileid="4" />
                <SequencePoint vc="6" uspid="243" ordinal="0" offset="136" sl="69" sc="17" el="69" ec="17" bec="0" bev="0" fileid="4" />
                <SequencePoint vc="6" uspid="244" ordinal="0" offset="143" sl="70" sc="17" el="70" ec="17" bec="0" bev="0" fileid="4" />
                <SequencePoint vc="6" uspid="245" ordinal="0" offset="144" sl="70" sc="39" el="70" ec="39" bec="0" bev="0" fileid="4" />
                <SequencePoint vc="7" uspid="246" ordinal="0" offset="163" sl="70" sc="26" el="70" ec="26" bec="0" bev="0" fileid="4" />
                <SequencePoint vc="7" uspid="247" ordinal="0" offset="180" sl="71" sc="17" el="71" ec="17" bec="0" bev="0" fileid="4" />
                <SequencePoint vc="7" uspid="248" ordinal="0" offset="181" sl="72" sc="21" el="72" ec="21" bec="0" bev="0" fileid="4" />
                <SequencePoint vc="7" uspid="249" ordinal="0" offset="204" sl="73" sc="21" el="73" ec="21" bec="0" bev="0" fileid="4" />
                <SequencePoint vc="7" uspid="250" ordinal="0" offset="239" sl="74" sc="21" el="74" ec="21" bec="0" bev="0" fileid="4" />
                <SequencePoint vc="7" uspid="251" ordinal="0" offset="263" sl="76" sc="17" el="76" ec="17" bec="0" bev="0" fileid="4" />
                <SequencePoint vc="13" uspid="252" ordinal="0" offset="271" sl="70" sc="36" el="70" ec="36" bec="0" bev="0" fileid="4" />
                <SequencePoint vc="6" uspid="253" ordinal="0" offset="317" sl="77" sc="17" el="77" ec="17" bec="0" bev="0" fileid="4" />
                <SequencePoint vc="6" uspid="254" ordinal="0" offset="356" sl="78" sc="17" el="78" ec="17" bec="0" bev="0" fileid="4" />
                <SequencePoint vc="6" uspid="255" ordinal="0" offset="389" sl="79" sc="13" el="79" ec="13" bec="0" bev="0" fileid="4" />
                <SequencePoint vc="2" uspid="256" ordinal="0" offset="392" sl="81" sc="13" el="81" ec="13" bec="0" bev="0" fileid="4" />
                <SequencePoint vc="2" uspid="257" ordinal="0" offset="393" sl="83" sc="17" el="83" ec="17" bec="0" bev="0" fileid="4" />
                <SequencePoint vc="2" uspid="258" ordinal="0" offset="427" sl="84" sc="17" el="84" ec="17" bec="0" bev="0" fileid="4" />
                <SequencePoint vc="2" uspid="259" ordinal="0" offset="466" sl="85" sc="13" el="85" ec="13" bec="0" bev="0" fileid="4" />
                <SequencePoint vc="8" uspid="260" ordinal="0" offset="467" sl="86" sc="9" el="86" ec="9" bec="0" bev="0" fileid="4" />
              </SequencePoints>
              <BranchPoints />
            </Method>
          </Methods>
        </Class>
        <Class>
          <Summary numSequencePoints="1" visitedSequencePoints="1" numBranchPoints="0" visitedBranchPoints="0" sequenceCoverage="100.0" branchCoverage="0.0" maxCyclomaticComplexity="0" minCyclomaticComplexity="0" maxCrapScore="0" minCrapScore="0" visitedClasses="1" numClasses="1" visitedMethods="1" numMethods="1" />
          <FullName>Core.GameController/&lt;&gt;c__DisplayClass9_0</FullName>
          <Methods>
            <Method visited="true" cyclomaticComplexity="0" nPathComplexity="0" sequenceCoverage="100.0" branchCoverage="0" crapScore="0" isConstructor="false" isStatic="false" isGetter="false" isSetter="false">
              <Summary numSequencePoints="1" visitedSequencePoints="1" numBranchPoints="0" visitedBranchPoints="0" sequenceCoverage="100.0" branchCoverage="0" maxCyclomaticComplexity="0" minCyclomaticComplexity="0" maxCrapScore="0" minCrapScore="0" visitedClasses="0" numClasses="0" visitedMethods="1" numMethods="1" />
              <MetadataToken>100663397</MetadataToken>
              <Name>System.Boolean Core.GameController/&lt;&gt;c__DisplayClass9_0::&lt;ExecuteEnemiesActions&gt;b__0(Core.Enemy)</Name>
              <FileRef uid="4" />
              <SequencePoints>
                <SequencePoint vc="25" uspid="261" ordinal="0" offset="0" sl="103" sc="63" el="103" ec="63" bec="0" bev="0" fileid="4" />
              </SequencePoints>
              <BranchPoints />
            </Method>
          </Methods>
        </Class>
        <Class>
          <Summary numSequencePoints="28" visitedSequencePoints="28" numBranchPoints="0" visitedBranchPoints="0" sequenceCoverage="100.0" branchCoverage="0.0" maxCyclomaticComplexity="0" minCyclomaticComplexity="0" maxCrapScore="0" minCrapScore="0" visitedClasses="1" numClasses="1" visitedMethods="1" numMethods="1" />
          <FullName>Core.GameController/&lt;ExecuteEnemiesActions&gt;d__9</FullName>
          <Methods>
            <Method visited="true" cyclomaticComplexity="0" nPathComplexity="0" sequenceCoverage="100.0" branchCoverage="0" crapScore="0" isConstructor="false" isStatic="false" isGetter="false" isSetter="false">
              <Summary numSequencePoints="28" visitedSequencePoints="28" numBranchPoints="0" visitedBranchPoints="0" sequenceCoverage="100.0" branchCoverage="0" maxCyclomaticComplexity="0" minCyclomaticComplexity="0" maxCrapScore="0" minCrapScore="0" visitedClasses="0" numClasses="0" visitedMethods="1" numMethods="1" />
              <MetadataToken>100663400</MetadataToken>
              <Name>System.Boolean Core.GameController/&lt;ExecuteEnemiesActions&gt;d__9::MoveNext()</Name>
              <FileRef uid="4" />
              <SequencePoints>
                <SequencePoint vc="9" uspid="262" ordinal="0" offset="68" sl="92" sc="9" el="92" ec="9" bec="0" bev="0" fileid="4" />
                <SequencePoint vc="9" uspid="263" ordinal="0" offset="69" sl="94" sc="13" el="94" ec="13" bec="0" bev="0" fileid="4" />
                <SequencePoint vc="9" uspid="264" ordinal="0" offset="96" sl="95" sc="13" el="95" ec="13" bec="0" bev="0" fileid="4" />
                <SequencePoint vc="9" uspid="265" ordinal="0" offset="97" sl="95" sc="35" el="95" ec="35" bec="0" bev="0" fileid="4" />
                <SequencePoint vc="9" uspid="266" ordinal="0" offset="116" sl="95" sc="22" el="95" ec="22" bec="0" bev="0" fileid="4" />
                <SequencePoint vc="9" uspid="267" ordinal="0" offset="133" sl="96" sc="13" el="96" ec="13" bec="0" bev="0" fileid="4" />
                <SequencePoint vc="9" uspid="268" ordinal="0" offset="134" sl="97" sc="17" el="97" ec="17" bec="0" bev="0" fileid="4" />
                <SequencePoint vc="9" uspid="269" ordinal="0" offset="157" sl="98" sc="13" el="98" ec="13" bec="0" bev="0" fileid="4" />
                <SequencePoint vc="18" uspid="270" ordinal="0" offset="165" sl="95" sc="32" el="95" ec="32" bec="0" bev="0" fileid="4" />
                <SequencePoint vc="9" uspid="271" ordinal="0" offset="211" sl="99" sc="13" el="99" ec="13" bec="0" bev="0" fileid="4" />
                <SequencePoint vc="9" uspid="272" ordinal="0" offset="244" sl="102" sc="13" el="102" ec="13" bec="0" bev="0" fileid="4" />
                <SequencePoint vc="9" uspid="273" ordinal="0" offset="283" sl="103" sc="13" el="103" ec="13" bec="0" bev="0" fileid="4" />
                <SequencePoint vc="9" uspid="274" ordinal="0" offset="327" sl="105" sc="13" el="105" ec="13" bec="0" bev="0" fileid="4" />
                <SequencePoint vc="9" uspid="275" ordinal="0" offset="360" sl="107" sc="13" el="107" ec="13" bec="0" bev="0" fileid="4" />
                <SequencePoint vc="9" uspid="276" ordinal="0" offset="371" sl="108" sc="13" el="108" ec="13" bec="0" bev="0" fileid="4" />
                <SequencePoint vc="9" uspid="277" ordinal="0" offset="372" sl="108" sc="44" el="108" ec="44" bec="0" bev="0" fileid="4" />
                <SequencePoint vc="4" uspid="278" ordinal="0" offset="399" sl="108" sc="22" el="108" ec="22" bec="0" bev="0" fileid="4" />
                <SequencePoint vc="4" uspid="279" ordinal="0" offset="416" sl="109" sc="13" el="109" ec="13" bec="0" bev="0" fileid="4" />
                <SequencePoint vc="4" uspid="280" ordinal="0" offset="417" sl="110" sc="17" el="110" ec="17" bec="0" bev="0" fileid="4" />
                <SequencePoint vc="4" uspid="281" ordinal="0" offset="440" sl="111" sc="17" el="111" ec="17" bec="0" bev="0" fileid="4" />
                <SequencePoint vc="4" uspid="282" ordinal="0" offset="485" sl="112" sc="17" el="112" ec="17" bec="0" bev="0" fileid="4" />
                <SequencePoint vc="4" uspid="283" ordinal="0" offset="519" sl="113" sc="13" el="113" ec="13" bec="0" bev="0" fileid="4" />
                <SequencePoint vc="13" uspid="284" ordinal="0" offset="527" sl="108" sc="41" el="108" ec="41" bec="0" bev="0" fileid="4" />
                <SequencePoint vc="9" uspid="285" ordinal="0" offset="576" sl="115" sc="13" el="115" ec="13" bec="0" bev="0" fileid="4" />
                <SequencePoint vc="2" uspid="286" ordinal="0" offset="599" sl="116" sc="13" el="116" ec="13" bec="0" bev="0" fileid="4" />
                <SequencePoint vc="2" uspid="287" ordinal="0" offset="600" sl="117" sc="17" el="117" ec="17" bec="0" bev="0" fileid="4" />
                <SequencePoint vc="2" uspid="288" ordinal="0" offset="644" sl="118" sc="13" el="118" ec="13" bec="0" bev="0" fileid="4" />
                <SequencePoint vc="9" uspid="289" ordinal="0" offset="645" sl="119" sc="9" el="119" ec="9" bec="0" bev="0" fileid="4" />
              </SequencePoints>
              <BranchPoints />
            </Method>
          </Methods>
        </Class>
        <Class>
          <Summary numSequencePoints="5" visitedSequencePoints="5" numBranchPoints="0" visitedBranchPoints="0" sequenceCoverage="100.0" branchCoverage="0.0" maxCyclomaticComplexity="0" minCyclomaticComplexity="0" maxCrapScore="0" minCrapScore="0" visitedClasses="1" numClasses="1" visitedMethods="1" numMethods="1" />
          <FullName>Core.GameMechanics/&lt;&gt;c__DisplayClass1_0</FullName>
          <Methods>
            <Method visited="true" cyclomaticComplexity="0" nPathComplexity="0" sequenceCoverage="100.0" branchCoverage="0" crapScore="0" isConstructor="false" isStatic="false" isGetter="false" isSetter="false">
              <Summary numSequencePoints="5" visitedSequencePoints="5" numBranchPoints="0" visitedBranchPoints="0" sequenceCoverage="100.0" branchCoverage="0" maxCyclomaticComplexity="0" minCyclomaticComplexity="0" maxCrapScore="0" minCrapScore="0" visitedClasses="0" numClasses="0" visitedMethods="1" numMethods="1" />
              <MetadataToken>100663407</MetadataToken>
              <Name>System.Boolean Core.GameMechanics/&lt;&gt;c__DisplayClass1_0::&lt;GetShotBounceSequence&gt;b__0(Core.Enemy)</Name>
              <FileRef uid="5" />
              <SequencePoints>
                <SequencePoint vc="29" uspid="290" ordinal="0" offset="0" sl="46" sc="17" el="46" ec="17" bec="0" bev="0" fileid="5" />
                <SequencePoint vc="29" uspid="291" ordinal="0" offset="1" sl="47" sc="21" el="47" ec="21" bec="0" bev="0" fileid="5" />
                <SequencePoint vc="29" uspid="292" ordinal="0" offset="16" sl="48" sc="21" el="48" ec="21" bec="0" bev="0" fileid="5" />
                <SequencePoint vc="29" uspid="293" ordinal="0" offset="29" sl="49" sc="21" el="49" ec="21" bec="0" bev="0" fileid="5" />
                <SequencePoint vc="29" uspid="294" ordinal="0" offset="35" sl="50" sc="17" el="50" ec="17" bec="0" bev="0" fileid="5" />
              </SequencePoints>
              <BranchPoints />
            </Method>
          </Methods>
        </Class>
        <Class>
          <Summary numSequencePoints="1" visitedSequencePoints="1" numBranchPoints="0" visitedBranchPoints="0" sequenceCoverage="100.0" branchCoverage="0.0" maxCyclomaticComplexity="0" minCyclomaticComplexity="0" maxCrapScore="0" minCrapScore="0" visitedClasses="1" numClasses="1" visitedMethods="1" numMethods="1" />
          <FullName>Core.GameMechanics/&lt;&gt;c__DisplayClass4_0</FullName>
          <Methods>
            <Method visited="true" cyclomaticComplexity="0" nPathComplexity="0" sequenceCoverage="100.0" branchCoverage="0" crapScore="0" isConstructor="false" isStatic="false" isGetter="false" isSetter="false">
              <Summary numSequencePoints="1" visitedSequencePoints="1" numBranchPoints="0" visitedBranchPoints="0" sequenceCoverage="100.0" branchCoverage="0" maxCyclomaticComplexity="0" minCyclomaticComplexity="0" maxCrapScore="0" minCrapScore="0" visitedClasses="0" numClasses="0" visitedMethods="1" numMethods="1" />
              <MetadataToken>100663409</MetadataToken>
              <Name>System.ValueTuple[Enemy,Single] Core.GameMechanics/&lt;&gt;c__DisplayClass4_0::&lt;GetClosestEnemy&gt;b__0(Core.Enemy)</Name>
              <FileRef uid="5" />
              <SequencePoints>
                <SequencePoint vc="10" uspid="295" ordinal="0" offset="0" sl="112" sc="17" el="112" ec="17" bec="0" bev="0" fileid="5" />
              </SequencePoints>
              <BranchPoints />
            </Method>
          </Methods>
        </Class>
        <Class>
          <Summary numSequencePoints="1" visitedSequencePoints="1" numBranchPoints="0" visitedBranchPoints="0" sequenceCoverage="100.0" branchCoverage="0.0" maxCyclomaticComplexity="0" minCyclomaticComplexity="0" maxCrapScore="0" minCrapScore="0" visitedClasses="1" numClasses="1" visitedMethods="1" numMethods="1" />
          <FullName>Core.GameMechanics/&lt;&gt;c</FullName>
          <Methods>
            <Method visited="true" cyclomaticComplexity="0" nPathComplexity="0" sequenceCoverage="100.0" branchCoverage="0" crapScore="0" isConstructor="false" isStatic="false" isGetter="false" isSetter="false">
              <Summary numSequencePoints="1" visitedSequencePoints="1" numBranchPoints="0" visitedBranchPoints="0" sequenceCoverage="100.0" branchCoverage="0" maxCyclomaticComplexity="0" minCyclomaticComplexity="0" maxCrapScore="0" minCrapScore="0" visitedClasses="0" numClasses="0" visitedMethods="1" numMethods="1" />
              <MetadataToken>100663412</MetadataToken>
              <Name>System.Int32 Core.GameMechanics/&lt;&gt;c::&lt;GetClosestEnemy&gt;b__4_1(System.ValueTuple[Enemy,Single], System.ValueTuple[Enemy,Single])</Name>
              <FileRef uid="5" />
              <SequencePoints>
                <SequencePoint vc="7" uspid="296" ordinal="0" offset="0" sl="115" sc="17" el="115" ec="17" bec="0" bev="0" fileid="5" />
              </SequencePoints>
              <BranchPoints />
            </Method>
          </Methods>
        </Class>
      </Classes>
    </Module>
  </Modules>
</CoverageSession>